In file included from [01m[K/opt/ros/humble/include/rclcpp/rclcpp/client.hpp:40[m[K,
                 from [01m[K/opt/ros/humble/include/rclcpp/rclcpp/callback_group.hpp:24[m[K,
                 from [01m[K/opt/ros/humble/include/rclcpp/rclcpp/any_executable.hpp:20[m[K,
                 from [01m[K/opt/ros/humble/include/rclcpp/rclcpp/memory_strategy.hpp:25[m[K,
                 from [01m[K/opt/ros/humble/include/rclcpp/rclcpp/memory_strategies.hpp:18[m[K,
                 from [01m[K/opt/ros/humble/include/rclcpp/rclcpp/executor_options.hpp:20[m[K,
                 from [01m[K/opt/ros/humble/include/rclcpp/rclcpp/executor.hpp:37[m[K,
                 from [01m[K/opt/ros/humble/include/rclcpp/rclcpp/executors/multi_threaded_executor.hpp:25[m[K,
                 from [01m[K/opt/ros/humble/include/rclcpp/rclcpp/executors.hpp:21[m[K,
                 from [01m[K/opt/ros/humble/include/rclcpp/rclcpp/rclcpp.hpp:155[m[K,
                 from [01m[K/home/ubuntu/scootbot/3.0.0/src/diffdrive_arduino/src/arduino_comms.cpp:3[m[K:
[01m[K/home/ubuntu/scootbot/3.0.0/src/diffdrive_arduino/src/arduino_comms.cpp:[m[K In member function â€˜[01m[Kvoid ArduinoComms::setMotorValues(int, int)[m[Kâ€™:
[01m[K/home/ubuntu/scootbot/3.0.0/src/diffdrive_arduino/src/arduino_comms.cpp:41:17:[m[K [01;31m[Kerror: [m[Kâ€˜[01m[Klogger_[m[Kâ€™ was not declared in this scope
   41 |     RCLCPP_INFO([01;31m[Klogger_[m[K, "l_wheel_speed: %s", ss.str());
      |                 [01;31m[K^~~~~~~[m[K
[01m[K/home/ubuntu/scootbot/3.0.0/src/diffdrive_arduino/src/arduino_comms.cpp:41:5:[m[K [01;31m[Kerror: [m[Ktemplate argument 1 is invalid
   41 |     [01;31m[KRCLCPP_INFO[m[K(logger_, "l_wheel_speed: %s", ss.str());
      |     [01;31m[K^~~~~~~~~~~[m[K
[01m[K/home/ubuntu/scootbot/3.0.0/src/diffdrive_arduino/src/arduino_comms.cpp:41:5:[m[K [01;31m[Kerror: [m[Kâ€˜[01m[K<declaration error>[m[Kâ€™ is not a template [[01;31m[K]8;;https://gcc.gnu.org/onlinedocs/gcc/Warning-Options.html#index-fpermissive-fpermissive]8;;[m[K]
   41 |     [01;31m[KRCLCPP_INFO[m[K(logger_, "l_wheel_speed: %s", ss.str());
      |     [01;31m[K^~~~~~~~~~~[m[K
[01m[K/home/ubuntu/scootbot/3.0.0/src/diffdrive_arduino/src/arduino_comms.cpp:41:5:[m[K [01;31m[Kerror: [m[Ktemplate argument 1 is invalid
   41 |     [01;31m[KRCLCPP_INFO[m[K(logger_, "l_wheel_speed: %s", ss.str());
      |     [01;31m[K^~~~~~~~~~~[m[K
[01m[K/home/ubuntu/scootbot/3.0.0/src/diffdrive_arduino/src/arduino_comms.cpp:41:5:[m[K [01;31m[Kerror: [m[Kâ€˜[01m[K<declaration error>[m[Kâ€™ is not a template [[01;31m[K]8;;https://gcc.gnu.org/onlinedocs/gcc/Warning-Options.html#index-fpermissive-fpermissive]8;;[m[K]
   41 |     [01;31m[KRCLCPP_INFO[m[K(logger_, "l_wheel_speed: %s", ss.str());
      |     [01;31m[K^~~~~~~~~~~[m[K
[01m[K/home/ubuntu/scootbot/3.0.0/src/diffdrive_arduino/src/arduino_comms.cpp:41:5:[m[K [01;31m[Kerror: [m[Ktemplate argument 1 is invalid
   41 |     [01;31m[KRCLCPP_INFO[m[K(logger_, "l_wheel_speed: %s", ss.str());
      |     [01;31m[K^~~~~~~~~~~[m[K
[01m[K/home/ubuntu/scootbot/3.0.0/src/diffdrive_arduino/src/arduino_comms.cpp:46:17:[m[K [01;31m[Kerror: [m[Kâ€˜[01m[Klogger_[m[Kâ€™ was not declared in this scope
   46 |     RCLCPP_INFO([01;31m[Klogger_[m[K, "r_wheel_speed: %s", ss.str());
      |                 [01;31m[K^~~~~~~[m[K
[01m[K/home/ubuntu/scootbot/3.0.0/src/diffdrive_arduino/src/arduino_comms.cpp:46:5:[m[K [01;31m[Kerror: [m[Ktemplate argument 1 is invalid
   46 |     [01;31m[KRCLCPP_INFO[m[K(logger_, "r_wheel_speed: %s", ss.str());
      |     [01;31m[K^~~~~~~~~~~[m[K
[01m[K/home/ubuntu/scootbot/3.0.0/src/diffdrive_arduino/src/arduino_comms.cpp:46:5:[m[K [01;31m[Kerror: [m[Kâ€˜[01m[K<declaration error>[m[Kâ€™ is not a template [[01;31m[K]8;;https://gcc.gnu.org/onlinedocs/gcc/Warning-Options.html#index-fpermissive-fpermissive]8;;[m[K]
   46 |     [01;31m[KRCLCPP_INFO[m[K(logger_, "r_wheel_speed: %s", ss.str());
      |     [01;31m[K^~~~~~~~~~~[m[K
[01m[K/home/ubuntu/scootbot/3.0.0/src/diffdrive_arduino/src/arduino_comms.cpp:46:5:[m[K [01;31m[Kerror: [m[Ktemplate argument 1 is invalid
   46 |     [01;31m[KRCLCPP_INFO[m[K(logger_, "r_wheel_speed: %s", ss.str());
      |     [01;31m[K^~~~~~~~~~~[m[K
[01m[K/home/ubuntu/scootbot/3.0.0/src/diffdrive_arduino/src/arduino_comms.cpp:46:5:[m[K [01;31m[Kerror: [m[Kâ€˜[01m[K<declaration error>[m[Kâ€™ is not a template [[01;31m[K]8;;https://gcc.gnu.org/onlinedocs/gcc/Warning-Options.html#index-fpermissive-fpermissive]8;;[m[K]
   46 |     [01;31m[KRCLCPP_INFO[m[K(logger_, "r_wheel_speed: %s", ss.str());
      |     [01;31m[K^~~~~~~~~~~[m[K
[01m[K/home/ubuntu/scootbot/3.0.0/src/diffdrive_arduino/src/arduino_comms.cpp:46:5:[m[K [01;31m[Kerror: [m[Ktemplate argument 1 is invalid
   46 |     [01;31m[KRCLCPP_INFO[m[K(logger_, "r_wheel_speed: %s", ss.str());
      |     [01;31m[K^~~~~~~~~~~[m[K
gmake[2]: *** [CMakeFiles/diffdrive_arduino.dir/build.make:104: CMakeFiles/diffdrive_arduino.dir/src/arduino_comms.cpp.o] Error 1
gmake[2]: *** Waiting for unfinished jobs....
gmake[1]: *** [CMakeFiles/Makefile2:139: CMakeFiles/diffdrive_arduino.dir/all] Error 2
gmake: *** [Makefile:146: all] Error 2
