[0.034s] Invoking command in '/home/ubuntu/scootbot/3.0.0/build/diffdrive_arduino': CMAKE_PREFIX_PATH=/opt/ros/humble:/home/ubuntu/scootbot/3.0.0/install/serial:/home/ubuntu/scootbot/3.0.0/install/twist_mux:/home/ubuntu/scootbot/3.0.0/install/diffdrive_arduino:/home/ubuntu/scootbot/3.0.0/install/scootbot:/home/ubuntu/scootbot/3.0.0/install/rplidar_ros /usr/bin/cmake --build /home/ubuntu/scootbot/3.0.0/build/diffdrive_arduino -- -j4 -l4
[0.109s] [35m[1mConsolidate compiler generated dependencies of target diffdrive_arduino[0m
[0.132s] [ 42%] Built target fake_robot
[0.162s] [ 57%] [32mBuilding CXX object CMakeFiles/diffdrive_arduino.dir/src/arduino_comms.cpp.o[0m
[5.642s] [01m[K/home/ubuntu/scootbot/3.0.0/src/diffdrive_arduino/src/arduino_comms.cpp:61:13:[m[K [01;31m[Kerror: [m[Kno declaration matches â€˜[01m[Kstd::string ArduinoComms::sendMsg(const string&)[m[Kâ€™
[5.643s]    61 | std::string [01;31m[KArduinoComms[m[K::sendMsg(const std::string &msg_to_send)
[5.643s]       |             [01;31m[K^~~~~~~~~~~~[m[K
[5.643s] In file included from [01m[K/home/ubuntu/scootbot/3.0.0/src/diffdrive_arduino/src/arduino_comms.cpp:1[m[K:
[5.644s] [01m[K/home/ubuntu/scootbot/3.0.0/src/diffdrive_arduino/include/diffdrive_arduino/arduino_comms.h:28:15:[m[K [01;36m[Knote: [m[Kcandidate is: â€˜[01m[Kstd::string ArduinoComms::sendMsg(const string&, bool)[m[Kâ€™
[5.644s]    28 |   std::string [01;36m[KsendMsg[m[K(const std::string &msg_to_send, bool print_output = false);
[5.644s]       |               [01;36m[K^~~~~~~[m[K
[5.645s] [01m[K/home/ubuntu/scootbot/3.0.0/src/diffdrive_arduino/include/diffdrive_arduino/arduino_comms.h:7:7:[m[K [01;36m[Knote: [m[Kâ€˜[01m[Kclass ArduinoComms[m[Kâ€™ defined here
[5.645s]     7 | class [01;36m[KArduinoComms[m[K
[5.645s]       |       [01;36m[K^~~~~~~~~~~~[m[K
[6.643s] gmake[2]: *** [CMakeFiles/diffdrive_arduino.dir/build.make:104: CMakeFiles/diffdrive_arduino.dir/src/arduino_comms.cpp.o] Error 1
[6.643s] gmake[1]: *** [CMakeFiles/Makefile2:139: CMakeFiles/diffdrive_arduino.dir/all] Error 2
[6.644s] gmake: *** [Makefile:146: all] Error 2
[6.648s] Invoked command in '/home/ubuntu/scootbot/3.0.0/build/diffdrive_arduino' returned '2': CMAKE_PREFIX_PATH=/opt/ros/humble:/home/ubuntu/scootbot/3.0.0/install/serial:/home/ubuntu/scootbot/3.0.0/install/twist_mux:/home/ubuntu/scootbot/3.0.0/install/diffdrive_arduino:/home/ubuntu/scootbot/3.0.0/install/scootbot:/home/ubuntu/scootbot/3.0.0/install/rplidar_ros /usr/bin/cmake --build /home/ubuntu/scootbot/3.0.0/build/diffdrive_arduino -- -j4 -l4
