[0.044s] Invoking command in '/home/ubuntu/scootbot/3.0.0/build/diffdrive_arduino': CMAKE_PREFIX_PATH=/home/ubuntu/scootbot/3.0.0/install/serial:/home/ubuntu/scootbot/3.0.0/install/twist_mux:/home/ubuntu/scootbot/3.0.0/install/diffdrive_arduino:/home/ubuntu/scootbot/3.0.0/install/scootbot:/opt/ros/humble /usr/bin/cmake --build /home/ubuntu/scootbot/3.0.0/build/diffdrive_arduino -- -j4 -l4
[0.125s] [35m[1mConsolidate compiler generated dependencies of target diffdrive_arduino[0m
[0.149s] [ 42%] Built target fake_robot
[0.186s] [ 57%] [32mBuilding CXX object CMakeFiles/diffdrive_arduino.dir/src/arduino_comms.cpp.o[0m
[5.822s] [01m[K/home/ubuntu/scootbot/3.0.0/src/diffdrive_arduino/src/arduino_comms.cpp:[m[K In member function â€˜[01m[Kstd::string ArduinoComms::sendMsg(const string&)[m[Kâ€™:
[5.822s] [01m[K/home/ubuntu/scootbot/3.0.0/src/diffdrive_arduino/src/arduino_comms.cpp:79:9:[m[K [01;31m[Kerror: [m[Kâ€˜[01m[Kprint_output[m[Kâ€™ was not declared in this scope
[5.822s]    79 |     if ([01;31m[Kprint_output[m[K)
[5.822s]       |         [01;31m[K^~~~~~~~~~~~[m[K
[5.833s] In file included from [01m[K/opt/ros/humble/include/rclcpp/rclcpp/client.hpp:40[m[K,
[5.833s]                  from [01m[K/opt/ros/humble/include/rclcpp/rclcpp/callback_group.hpp:24[m[K,
[5.833s]                  from [01m[K/opt/ros/humble/include/rclcpp/rclcpp/any_executable.hpp:20[m[K,
[5.834s]                  from [01m[K/opt/ros/humble/include/rclcpp/rclcpp/memory_strategy.hpp:25[m[K,
[5.834s]                  from [01m[K/opt/ros/humble/include/rclcpp/rclcpp/memory_strategies.hpp:18[m[K,
[5.834s]                  from [01m[K/opt/ros/humble/include/rclcpp/rclcpp/executor_options.hpp:20[m[K,
[5.834s]                  from [01m[K/opt/ros/humble/include/rclcpp/rclcpp/executor.hpp:37[m[K,
[5.835s]                  from [01m[K/opt/ros/humble/include/rclcpp/rclcpp/executors/multi_threaded_executor.hpp:25[m[K,
[5.835s]                  from [01m[K/opt/ros/humble/include/rclcpp/rclcpp/executors.hpp:21[m[K,
[5.835s]                  from [01m[K/opt/ros/humble/include/rclcpp/rclcpp/rclcpp.hpp:155[m[K,
[5.835s]                  from [01m[K/home/ubuntu/scootbot/3.0.0/src/diffdrive_arduino/src/arduino_comms.cpp:3[m[K:
[5.835s] [01m[K/home/ubuntu/scootbot/3.0.0/src/diffdrive_arduino/src/arduino_comms.cpp:81:28:[m[K [01;31m[Kerror: [m[Kâ€˜[01m[Klogger_[m[Kâ€™ was not declared in this scope
[5.836s]    81 |         RCLCPP_INFO_STREAM([01;31m[Klogger_[m[K,"Sent: " << msg_to_send);
[5.836s]       |                            [01;31m[K^~~~~~~[m[K
[5.836s] [01m[K/home/ubuntu/scootbot/3.0.0/src/diffdrive_arduino/src/arduino_comms.cpp:81:9:[m[K [01;31m[Kerror: [m[Ktemplate argument 1 is invalid
[5.836s]    81 |         [01;31m[KRCLCPP_INFO_STREAM[m[K(logger_,"Sent: " << msg_to_send);
[5.837s]       |         [01;31m[K^~~~~~~~~~~~~~~~~~[m[K
[5.837s] [01m[K/home/ubuntu/scootbot/3.0.0/src/diffdrive_arduino/src/arduino_comms.cpp:81:9:[m[K [01;31m[Kerror: [m[Kâ€˜[01m[K<declaration error>[m[Kâ€™ is not a template [[01;31m[K]8;;https://gcc.gnu.org/onlinedocs/gcc/Warning-Options.html#index-fpermissive-fpermissive]8;;[m[K]
[5.837s]    81 |         [01;31m[KRCLCPP_INFO_STREAM[m[K(logger_,"Sent: " << msg_to_send);
[5.837s]       |         [01;31m[K^~~~~~~~~~~~~~~~~~[m[K
[5.837s] [01m[K/home/ubuntu/scootbot/3.0.0/src/diffdrive_arduino/src/arduino_comms.cpp:81:9:[m[K [01;31m[Kerror: [m[Ktemplate argument 1 is invalid
[5.838s]    81 |         [01;31m[KRCLCPP_INFO_STREAM[m[K(logger_,"Sent: " << msg_to_send);
[5.838s]       |         [01;31m[K^~~~~~~~~~~~~~~~~~[m[K
[5.838s] [01m[K/home/ubuntu/scootbot/3.0.0/src/diffdrive_arduino/src/arduino_comms.cpp:81:9:[m[K [01;31m[Kerror: [m[Kâ€˜[01m[K<declaration error>[m[Kâ€™ is not a template [[01;31m[K]8;;https://gcc.gnu.org/onlinedocs/gcc/Warning-Options.html#index-fpermissive-fpermissive]8;;[m[K]
[5.838s]    81 |         [01;31m[KRCLCPP_INFO_STREAM[m[K(logger_,"Sent: " << msg_to_send);
[5.838s]       |         [01;31m[K^~~~~~~~~~~~~~~~~~[m[K
[5.839s] [01m[K/home/ubuntu/scootbot/3.0.0/src/diffdrive_arduino/src/arduino_comms.cpp:81:9:[m[K [01;31m[Kerror: [m[Ktemplate argument 1 is invalid
[5.839s]    81 |         [01;31m[KRCLCPP_INFO_STREAM[m[K(logger_,"Sent: " << msg_to_send);
[5.839s]       |         [01;31m[K^~~~~~~~~~~~~~~~~~[m[K
[5.850s] [01m[K/home/ubuntu/scootbot/3.0.0/src/diffdrive_arduino/src/arduino_comms.cpp:82:28:[m[K [01;31m[Kerror: [m[Kâ€˜[01m[Klogger_[m[Kâ€™ was not declared in this scope
[5.850s]    82 |         RCLCPP_INFO_STREAM([01;31m[Klogger_[m[K,"Received: " << response);
[5.850s]       |                            [01;31m[K^~~~~~~[m[K
[5.851s] [01m[K/home/ubuntu/scootbot/3.0.0/src/diffdrive_arduino/src/arduino_comms.cpp:82:9:[m[K [01;31m[Kerror: [m[Ktemplate argument 1 is invalid
[5.851s]    82 |         [01;31m[KRCLCPP_INFO_STREAM[m[K(logger_,"Received: " << response);
[5.851s]       |         [01;31m[K^~~~~~~~~~~~~~~~~~[m[K
[5.851s] [01m[K/home/ubuntu/scootbot/3.0.0/src/diffdrive_arduino/src/arduino_comms.cpp:82:9:[m[K [01;31m[Kerror: [m[Kâ€˜[01m[K<declaration error>[m[Kâ€™ is not a template [[01;31m[K]8;;https://gcc.gnu.org/onlinedocs/gcc/Warning-Options.html#index-fpermissive-fpermissive]8;;[m[K]
[5.851s]    82 |         [01;31m[KRCLCPP_INFO_STREAM[m[K(logger_,"Received: " << response);
[5.851s]       |         [01;31m[K^~~~~~~~~~~~~~~~~~[m[K
[5.852s] [01m[K/home/ubuntu/scootbot/3.0.0/src/diffdrive_arduino/src/arduino_comms.cpp:82:9:[m[K [01;31m[Kerror: [m[Ktemplate argument 1 is invalid
[5.852s]    82 |         [01;31m[KRCLCPP_INFO_STREAM[m[K(logger_,"Received: " << response);
[5.852s]       |         [01;31m[K^~~~~~~~~~~~~~~~~~[m[K
[5.852s] [01m[K/home/ubuntu/scootbot/3.0.0/src/diffdrive_arduino/src/arduino_comms.cpp:82:9:[m[K [01;31m[Kerror: [m[Kâ€˜[01m[K<declaration error>[m[Kâ€™ is not a template [[01;31m[K]8;;https://gcc.gnu.org/onlinedocs/gcc/Warning-Options.html#index-fpermissive-fpermissive]8;;[m[K]
[5.852s]    82 |         [01;31m[KRCLCPP_INFO_STREAM[m[K(logger_,"Received: " << response);
[5.853s]       |         [01;31m[K^~~~~~~~~~~~~~~~~~[m[K
[5.853s] [01m[K/home/ubuntu/scootbot/3.0.0/src/diffdrive_arduino/src/arduino_comms.cpp:82:9:[m[K [01;31m[Kerror: [m[Ktemplate argument 1 is invalid
[5.853s]    82 |         [01;31m[KRCLCPP_INFO_STREAM[m[K(logger_,"Received: " << response);
[5.853s]       |         [01;31m[K^~~~~~~~~~~~~~~~~~[m[K
[6.864s] gmake[2]: *** [CMakeFiles/diffdrive_arduino.dir/build.make:104: CMakeFiles/diffdrive_arduino.dir/src/arduino_comms.cpp.o] Error 1
[6.864s] gmake[1]: *** [CMakeFiles/Makefile2:139: CMakeFiles/diffdrive_arduino.dir/all] Error 2
[6.865s] gmake: *** [Makefile:146: all] Error 2
[6.868s] Invoked command in '/home/ubuntu/scootbot/3.0.0/build/diffdrive_arduino' returned '2': CMAKE_PREFIX_PATH=/home/ubuntu/scootbot/3.0.0/install/serial:/home/ubuntu/scootbot/3.0.0/install/twist_mux:/home/ubuntu/scootbot/3.0.0/install/diffdrive_arduino:/home/ubuntu/scootbot/3.0.0/install/scootbot:/opt/ros/humble /usr/bin/cmake --build /home/ubuntu/scootbot/3.0.0/build/diffdrive_arduino -- -j4 -l4
