[0.014s] Invoking command in '/home/ubuntu/scootbot/3.0.0/build/diffdrive_arduino': AMENT_PREFIX_PATH=/home/ubuntu/scootbot/3.0.0/install/serial:${AMENT_PREFIX_PATH} CMAKE_PREFIX_PATH=/home/ubuntu/scootbot/3.0.0/install/serial:/opt/ros/humble LD_LIBRARY_PATH=/home/ubuntu/scootbot/3.0.0/install/serial/lib:${LD_LIBRARY_PATH} /usr/bin/cmake --build /home/ubuntu/scootbot/3.0.0/build/diffdrive_arduino -- -j20 -l20
[0.039s] [35m[1mConsolidate compiler generated dependencies of target diffdrive_arduino[0m
[0.045s] [ 42%] Built target fake_robot
[0.051s] [ 57%] [32mBuilding CXX object CMakeFiles/diffdrive_arduino.dir/src/diffdrive_arduino.cpp.o[0m
[0.051s] [ 71%] [32mBuilding CXX object CMakeFiles/diffdrive_arduino.dir/src/arduino_comms.cpp.o[0m
[1.604s] In file included from [01m[K/opt/ros/humble/include/rclcpp/rclcpp/client.hpp:40[m[K,
[1.604s]                  from [01m[K/opt/ros/humble/include/rclcpp/rclcpp/callback_group.hpp:23[m[K,
[1.604s]                  from [01m[K/opt/ros/humble/include/rclcpp/rclcpp/any_executable.hpp:20[m[K,
[1.604s]                  from [01m[K/opt/ros/humble/include/rclcpp/rclcpp/memory_strategy.hpp:25[m[K,
[1.604s]                  from [01m[K/opt/ros/humble/include/rclcpp/rclcpp/memory_strategies.hpp:18[m[K,
[1.604s]                  from [01m[K/opt/ros/humble/include/rclcpp/rclcpp/executor_options.hpp:20[m[K,
[1.604s]                  from [01m[K/opt/ros/humble/include/rclcpp/rclcpp/executor.hpp:37[m[K,
[1.604s]                  from [01m[K/opt/ros/humble/include/rclcpp/rclcpp/executors/multi_threaded_executor.hpp:25[m[K,
[1.605s]                  from [01m[K/opt/ros/humble/include/rclcpp/rclcpp/executors.hpp:21[m[K,
[1.605s]                  from [01m[K/opt/ros/humble/include/rclcpp/rclcpp/rclcpp.hpp:155[m[K,
[1.605s]                  from [01m[K/home/ubuntu/scootbot/3.0.0/src/diffdrive_arduino/src/arduino_comms.cpp:3[m[K:
[1.605s] [01m[K/home/ubuntu/scootbot/3.0.0/src/diffdrive_arduino/src/arduino_comms.cpp:[m[K In member function â€˜[01m[Kstd::string ArduinoComms::sendMsg(const string&, bool)[m[Kâ€™:
[1.605s] [01m[K/home/ubuntu/scootbot/3.0.0/src/diffdrive_arduino/src/arduino_comms.cpp:57:28:[m[K [01;31m[Kerror: [m[Kâ€˜[01m[Klogger_[m[Kâ€™ was not declared in this scope
[1.605s]    57 |         RCLCPP_INFO_STREAM([01;31m[Klogger_[m[K,"Sent: " << msg_to_send);
[1.605s]       |                            [01;31m[K^~~~~~~[m[K
[1.605s] [01m[K/home/ubuntu/scootbot/3.0.0/src/diffdrive_arduino/src/arduino_comms.cpp:57:9:[m[K [01;31m[Kerror: [m[Ktemplate argument 1 is invalid
[1.605s]    57 |         [01;31m[KRCLCPP_INFO_STREAM[m[K(logger_,"Sent: " << msg_to_send);
[1.605s]       |         [01;31m[K^~~~~~~~~~~~~~~~~~[m[K
[1.605s] [01m[K/home/ubuntu/scootbot/3.0.0/src/diffdrive_arduino/src/arduino_comms.cpp:57:9:[m[K [01;31m[Kerror: [m[Kâ€˜[01m[K<declaration error>[m[Kâ€™ is not a template [[01;31m[K]8;;https://gcc.gnu.org/onlinedocs/gcc/Warning-Options.html#index-fpermissive-fpermissive]8;;[m[K]
[1.605s]    57 |         [01;31m[KRCLCPP_INFO_STREAM[m[K(logger_,"Sent: " << msg_to_send);
[1.605s]       |         [01;31m[K^~~~~~~~~~~~~~~~~~[m[K
[1.605s] [01m[K/home/ubuntu/scootbot/3.0.0/src/diffdrive_arduino/src/arduino_comms.cpp:57:9:[m[K [01;31m[Kerror: [m[Ktemplate argument 1 is invalid
[1.605s]    57 |         [01;31m[KRCLCPP_INFO_STREAM[m[K(logger_,"Sent: " << msg_to_send);
[1.605s]       |         [01;31m[K^~~~~~~~~~~~~~~~~~[m[K
[1.605s] [01m[K/home/ubuntu/scootbot/3.0.0/src/diffdrive_arduino/src/arduino_comms.cpp:57:9:[m[K [01;31m[Kerror: [m[Kâ€˜[01m[K<declaration error>[m[Kâ€™ is not a template [[01;31m[K]8;;https://gcc.gnu.org/onlinedocs/gcc/Warning-Options.html#index-fpermissive-fpermissive]8;;[m[K]
[1.605s]    57 |         [01;31m[KRCLCPP_INFO_STREAM[m[K(logger_,"Sent: " << msg_to_send);
[1.605s]       |         [01;31m[K^~~~~~~~~~~~~~~~~~[m[K
[1.605s] [01m[K/home/ubuntu/scootbot/3.0.0/src/diffdrive_arduino/src/arduino_comms.cpp:57:9:[m[K [01;31m[Kerror: [m[Ktemplate argument 1 is invalid
[1.605s]    57 |         [01;31m[KRCLCPP_INFO_STREAM[m[K(logger_,"Sent: " << msg_to_send);
[1.605s]       |         [01;31m[K^~~~~~~~~~~~~~~~~~[m[K
[1.608s] [01m[K/home/ubuntu/scootbot/3.0.0/src/diffdrive_arduino/src/arduino_comms.cpp:58:28:[m[K [01;31m[Kerror: [m[Kâ€˜[01m[Klogger_[m[Kâ€™ was not declared in this scope
[1.608s]    58 |         RCLCPP_INFO_STREAM([01;31m[Klogger_[m[K,"Received: " << response);
[1.608s]       |                            [01;31m[K^~~~~~~[m[K
[1.608s] [01m[K/home/ubuntu/scootbot/3.0.0/src/diffdrive_arduino/src/arduino_comms.cpp:58:9:[m[K [01;31m[Kerror: [m[Ktemplate argument 1 is invalid
[1.608s]    58 |         [01;31m[KRCLCPP_INFO_STREAM[m[K(logger_,"Received: " << response);
[1.608s]       |         [01;31m[K^~~~~~~~~~~~~~~~~~[m[K
[1.608s] [01m[K/home/ubuntu/scootbot/3.0.0/src/diffdrive_arduino/src/arduino_comms.cpp:58:9:[m[K [01;31m[Kerror: [m[Kâ€˜[01m[K<declaration error>[m[Kâ€™ is not a template [[01;31m[K]8;;https://gcc.gnu.org/onlinedocs/gcc/Warning-Options.html#index-fpermissive-fpermissive]8;;[m[K]
[1.608s]    58 |         [01;31m[KRCLCPP_INFO_STREAM[m[K(logger_,"Received: " << response);
[1.608s]       |         [01;31m[K^~~~~~~~~~~~~~~~~~[m[K
[1.608s] [01m[K/home/ubuntu/scootbot/3.0.0/src/diffdrive_arduino/src/arduino_comms.cpp:58:9:[m[K [01;31m[Kerror: [m[Ktemplate argument 1 is invalid
[1.609s]    58 |         [01;31m[KRCLCPP_INFO_STREAM[m[K(logger_,"Received: " << response);
[1.609s]       |         [01;31m[K^~~~~~~~~~~~~~~~~~[m[K
[1.609s] [01m[K/home/ubuntu/scootbot/3.0.0/src/diffdrive_arduino/src/arduino_comms.cpp:58:9:[m[K [01;31m[Kerror: [m[Kâ€˜[01m[K<declaration error>[m[Kâ€™ is not a template [[01;31m[K]8;;https://gcc.gnu.org/onlinedocs/gcc/Warning-Options.html#index-fpermissive-fpermissive]8;;[m[K]
[1.609s]    58 |         [01;31m[KRCLCPP_INFO_STREAM[m[K(logger_,"Received: " << response);
[1.609s]       |         [01;31m[K^~~~~~~~~~~~~~~~~~[m[K
[1.609s] [01m[K/home/ubuntu/scootbot/3.0.0/src/diffdrive_arduino/src/arduino_comms.cpp:58:9:[m[K [01;31m[Kerror: [m[Ktemplate argument 1 is invalid
[1.609s]    58 |         [01;31m[KRCLCPP_INFO_STREAM[m[K(logger_,"Received: " << response);
[1.609s]       |         [01;31m[K^~~~~~~~~~~~~~~~~~[m[K
[1.906s] gmake[2]: *** [CMakeFiles/diffdrive_arduino.dir/build.make:104: CMakeFiles/diffdrive_arduino.dir/src/arduino_comms.cpp.o] Error 1
[1.906s] gmake[2]: *** Waiting for unfinished jobs....
[2.397s] gmake[1]: *** [CMakeFiles/Makefile2:139: CMakeFiles/diffdrive_arduino.dir/all] Error 2
[2.397s] gmake: *** [Makefile:146: all] Error 2
[2.399s] Invoked command in '/home/ubuntu/scootbot/3.0.0/build/diffdrive_arduino' returned '2': AMENT_PREFIX_PATH=/home/ubuntu/scootbot/3.0.0/install/serial:${AMENT_PREFIX_PATH} CMAKE_PREFIX_PATH=/home/ubuntu/scootbot/3.0.0/install/serial:/opt/ros/humble LD_LIBRARY_PATH=/home/ubuntu/scootbot/3.0.0/install/serial/lib:${LD_LIBRARY_PATH} /usr/bin/cmake --build /home/ubuntu/scootbot/3.0.0/build/diffdrive_arduino -- -j20 -l20
