[0.017s] Invoking command in '/home/ubuntu/scootbot/3.0.0/build/diffdrive_arduino': CMAKE_PREFIX_PATH=/home/ubuntu/scootbot/3.0.0/install/serial:/home/ubuntu/scootbot/3.0.0/install/diffdrive_arduino:/home/ubuntu/scootbot/3.0.0/install/scootbot:/home/ubuntu/scootbot/2.0.0/install/twist_mux:/home/ubuntu/scootbot/2.0.0/install/scootbot:/home/ubuntu/scootbot/1.0.0/install/sllidar_ros2:/home/ubuntu/scootbot/1.0.0/install/scootbot_sim:/home/ubuntu/scootbot/1.0.0/install/scootbot_description:/home/ubuntu/scootbot/1.0.0/install/sabertooth:/home/ubuntu/scootbot/1.0.0/install/joy_cmd:/home/ubuntu/scootbot/1.0.0/install/differential_drive:/opt/ros/humble /usr/bin/cmake --build /home/ubuntu/scootbot/3.0.0/build/diffdrive_arduino -- -j20 -l20
[0.050s] [35m[1mConsolidate compiler generated dependencies of target fake_robot[0m
[0.051s] [35m[1mConsolidate compiler generated dependencies of target diffdrive_arduino[0m
[0.067s] [ 57%] [32mBuilding CXX object CMakeFiles/diffdrive_arduino.dir/src/diffdrive_arduino.cpp.o[0m
[0.067s] [ 57%] [32mBuilding CXX object CMakeFiles/fake_robot.dir/src/wheel.cpp.o[0m
[0.067s] [ 71%] [32mBuilding CXX object CMakeFiles/fake_robot.dir/src/fake_robot.cpp.o[0m
[0.067s] [ 71%] [32mBuilding CXX object CMakeFiles/diffdrive_arduino.dir/src/wheel.cpp.o[0m
[0.067s] [ 71%] [32mBuilding CXX object CMakeFiles/diffdrive_arduino.dir/src/arduino_comms.cpp.o[0m
[1.713s] [01m[K/home/ubuntu/scootbot/3.0.0/src/diffdrive_arduino/src/arduino_comms.cpp:41:6:[m[K [01;31m[Kerror: [m[Kno declaration matches â€˜[01m[Kvoid ArduinoComms::start()[m[Kâ€™
[1.713s]    41 | void [01;31m[KArduinoComms[m[K::start()
[1.713s]       |      [01;31m[K^~~~~~~~~~~~[m[K
[1.713s] [01m[K/home/ubuntu/scootbot/3.0.0/src/diffdrive_arduino/src/arduino_comms.cpp:41:6:[m[K [01;36m[Knote: [m[Kno functions named â€˜[01m[Kvoid ArduinoComms::start()[m[Kâ€™
[1.713s] In file included from [01m[K/home/ubuntu/scootbot/3.0.0/src/diffdrive_arduino/src/arduino_comms.cpp:1[m[K:
[1.713s] [01m[K/home/ubuntu/scootbot/3.0.0/src/diffdrive_arduino/include/diffdrive_arduino/arduino_comms.h:7:7:[m[K [01;36m[Knote: [m[Kâ€˜[01m[Kclass ArduinoComms[m[Kâ€™ defined here
[1.713s]     7 | class [01;36m[KArduinoComms[m[K
[1.713s]       |       [01;36m[K^~~~~~~~~~~~[m[K
[1.717s] In file included from [01m[K/opt/ros/humble/include/rclcpp/rclcpp/client.hpp:40[m[K,
[1.717s]                  from [01m[K/opt/ros/humble/include/rclcpp/rclcpp/callback_group.hpp:23[m[K,
[1.717s]                  from [01m[K/opt/ros/humble/include/rclcpp/rclcpp/any_executable.hpp:20[m[K,
[1.717s]                  from [01m[K/opt/ros/humble/include/rclcpp/rclcpp/memory_strategy.hpp:25[m[K,
[1.717s]                  from [01m[K/opt/ros/humble/include/rclcpp/rclcpp/memory_strategies.hpp:18[m[K,
[1.717s]                  from [01m[K/opt/ros/humble/include/rclcpp/rclcpp/executor_options.hpp:20[m[K,
[1.717s]                  from [01m[K/opt/ros/humble/include/rclcpp/rclcpp/executor.hpp:37[m[K,
[1.718s]                  from [01m[K/opt/ros/humble/include/rclcpp/rclcpp/executors/multi_threaded_executor.hpp:25[m[K,
[1.718s]                  from [01m[K/opt/ros/humble/include/rclcpp/rclcpp/executors.hpp:21[m[K,
[1.718s]                  from [01m[K/opt/ros/humble/include/rclcpp/rclcpp/rclcpp.hpp:155[m[K,
[1.718s]                  from [01m[K/home/ubuntu/scootbot/3.0.0/src/diffdrive_arduino/src/arduino_comms.cpp:3[m[K:
[1.718s] [01m[K/home/ubuntu/scootbot/3.0.0/src/diffdrive_arduino/src/arduino_comms.cpp:[m[K In member function â€˜[01m[Kstd::string ArduinoComms::sendMsg(const string&, bool)[m[Kâ€™:
[1.718s] [01m[K/home/ubuntu/scootbot/3.0.0/src/diffdrive_arduino/src/arduino_comms.cpp:57:28:[m[K [01;31m[Kerror: [m[Kâ€˜[01m[Klogger_[m[Kâ€™ was not declared in this scope
[1.718s]    57 |         RCLCPP_INFO_STREAM([01;31m[Klogger_[m[K,"Sent: " << msg_to_send);
[1.718s]       |                            [01;31m[K^~~~~~~[m[K
[1.718s] [01m[K/home/ubuntu/scootbot/3.0.0/src/diffdrive_arduino/src/arduino_comms.cpp:57:9:[m[K [01;31m[Kerror: [m[Ktemplate argument 1 is invalid
[1.718s]    57 |         [01;31m[KRCLCPP_INFO_STREAM[m[K(logger_,"Sent: " << msg_to_send);
[1.718s]       |         [01;31m[K^~~~~~~~~~~~~~~~~~[m[K
[1.718s] [01m[K/home/ubuntu/scootbot/3.0.0/src/diffdrive_arduino/src/arduino_comms.cpp:57:9:[m[K [01;31m[Kerror: [m[Kâ€˜[01m[K<declaration error>[m[Kâ€™ is not a template [[01;31m[K]8;;https://gcc.gnu.org/onlinedocs/gcc/Warning-Options.html#index-fpermissive-fpermissive]8;;[m[K]
[1.718s]    57 |         [01;31m[KRCLCPP_INFO_STREAM[m[K(logger_,"Sent: " << msg_to_send);
[1.718s]       |         [01;31m[K^~~~~~~~~~~~~~~~~~[m[K
[1.718s] [01m[K/home/ubuntu/scootbot/3.0.0/src/diffdrive_arduino/src/arduino_comms.cpp:57:9:[m[K [01;31m[Kerror: [m[Ktemplate argument 1 is invalid
[1.718s]    57 |         [01;31m[KRCLCPP_INFO_STREAM[m[K(logger_,"Sent: " << msg_to_send);
[1.718s]       |         [01;31m[K^~~~~~~~~~~~~~~~~~[m[K
[1.718s] [01m[K/home/ubuntu/scootbot/3.0.0/src/diffdrive_arduino/src/arduino_comms.cpp:57:9:[m[K [01;31m[Kerror: [m[Kâ€˜[01m[K<declaration error>[m[Kâ€™ is not a template [[01;31m[K]8;;https://gcc.gnu.org/onlinedocs/gcc/Warning-Options.html#index-fpermissive-fpermissive]8;;[m[K]
[1.718s]    57 |         [01;31m[KRCLCPP_INFO_STREAM[m[K(logger_,"Sent: " << msg_to_send);
[1.718s]       |         [01;31m[K^~~~~~~~~~~~~~~~~~[m[K
[1.718s] [01m[K/home/ubuntu/scootbot/3.0.0/src/diffdrive_arduino/src/arduino_comms.cpp:57:9:[m[K [01;31m[Kerror: [m[Ktemplate argument 1 is invalid
[1.718s]    57 |         [01;31m[KRCLCPP_INFO_STREAM[m[K(logger_,"Sent: " << msg_to_send);
[1.719s]       |         [01;31m[K^~~~~~~~~~~~~~~~~~[m[K
[1.721s] [01m[K/home/ubuntu/scootbot/3.0.0/src/diffdrive_arduino/src/arduino_comms.cpp:58:28:[m[K [01;31m[Kerror: [m[Kâ€˜[01m[Klogger_[m[Kâ€™ was not declared in this scope
[1.721s]    58 |         RCLCPP_INFO_STREAM([01;31m[Klogger_[m[K,"Received: " << response);
[1.721s]       |                            [01;31m[K^~~~~~~[m[K
[1.722s] [01m[K/home/ubuntu/scootbot/3.0.0/src/diffdrive_arduino/src/arduino_comms.cpp:58:9:[m[K [01;31m[Kerror: [m[Ktemplate argument 1 is invalid
[1.722s]    58 |         [01;31m[KRCLCPP_INFO_STREAM[m[K(logger_,"Received: " << response);
[1.722s]       |         [01;31m[K^~~~~~~~~~~~~~~~~~[m[K
[1.722s] [01m[K/home/ubuntu/scootbot/3.0.0/src/diffdrive_arduino/src/arduino_comms.cpp:58:9:[m[K [01;31m[Kerror: [m[Kâ€˜[01m[K<declaration error>[m[Kâ€™ is not a template [[01;31m[K]8;;https://gcc.gnu.org/onlinedocs/gcc/Warning-Options.html#index-fpermissive-fpermissive]8;;[m[K]
[1.722s]    58 |         [01;31m[KRCLCPP_INFO_STREAM[m[K(logger_,"Received: " << response);
[1.722s]       |         [01;31m[K^~~~~~~~~~~~~~~~~~[m[K
[1.722s] [01m[K/home/ubuntu/scootbot/3.0.0/src/diffdrive_arduino/src/arduino_comms.cpp:58:9:[m[K [01;31m[Kerror: [m[Ktemplate argument 1 is invalid
[1.722s]    58 |         [01;31m[KRCLCPP_INFO_STREAM[m[K(logger_,"Received: " << response);
[1.722s]       |         [01;31m[K^~~~~~~~~~~~~~~~~~[m[K
[1.722s] [01m[K/home/ubuntu/scootbot/3.0.0/src/diffdrive_arduino/src/arduino_comms.cpp:58:9:[m[K [01;31m[Kerror: [m[Kâ€˜[01m[K<declaration error>[m[Kâ€™ is not a template [[01;31m[K]8;;https://gcc.gnu.org/onlinedocs/gcc/Warning-Options.html#index-fpermissive-fpermissive]8;;[m[K]
[1.722s]    58 |         [01;31m[KRCLCPP_INFO_STREAM[m[K(logger_,"Received: " << response);
[1.722s]       |         [01;31m[K^~~~~~~~~~~~~~~~~~[m[K
[1.722s] [01m[K/home/ubuntu/scootbot/3.0.0/src/diffdrive_arduino/src/arduino_comms.cpp:58:9:[m[K [01;31m[Kerror: [m[Ktemplate argument 1 is invalid
[1.722s]    58 |         [01;31m[KRCLCPP_INFO_STREAM[m[K(logger_,"Received: " << response);
[1.722s]       |         [01;31m[K^~~~~~~~~~~~~~~~~~[m[K
[1.762s] [01m[K/home/ubuntu/scootbot/3.0.0/src/diffdrive_arduino/src/diffdrive_arduino.cpp:[m[K In member function â€˜[01m[Kvirtual hardware_interface::CallbackReturn diffdrive_arduino::DiffDriveArduino::on_activate(const rclcpp_lifecycle::State&)[m[Kâ€™:
[1.762s] [01m[K/home/ubuntu/scootbot/3.0.0/src/diffdrive_arduino/src/diffdrive_arduino.cpp:79:12:[m[K [01;31m[Kerror: [m[Kâ€˜[01m[Kclass ArduinoComms[m[Kâ€™ has no member named â€˜[01m[Kstart[m[Kâ€™
[1.762s]    79 |   arduino_.[01;31m[Kstart[m[K();
[1.762s]       |            [01;31m[K^~~~~[m[K
[2.038s] gmake[2]: *** [CMakeFiles/diffdrive_arduino.dir/build.make:104: CMakeFiles/diffdrive_arduino.dir/src/arduino_comms.cpp.o] Error 1
[2.038s] gmake[2]: *** Waiting for unfinished jobs....
[2.195s] gmake[2]: *** [CMakeFiles/diffdrive_arduino.dir/build.make:76: CMakeFiles/diffdrive_arduino.dir/src/diffdrive_arduino.cpp.o] Error 1
[2.195s] gmake[1]: *** [CMakeFiles/Makefile2:139: CMakeFiles/diffdrive_arduino.dir/all] Error 2
[2.195s] gmake[1]: *** Waiting for unfinished jobs....
[2.512s] [ 85%] [32m[1mLinking CXX shared library libfake_robot.so[0m
[2.646s] [ 85%] Built target fake_robot
[2.647s] gmake: *** [Makefile:146: all] Error 2
[2.648s] Invoked command in '/home/ubuntu/scootbot/3.0.0/build/diffdrive_arduino' returned '2': CMAKE_PREFIX_PATH=/home/ubuntu/scootbot/3.0.0/install/serial:/home/ubuntu/scootbot/3.0.0/install/diffdrive_arduino:/home/ubuntu/scootbot/3.0.0/install/scootbot:/home/ubuntu/scootbot/2.0.0/install/twist_mux:/home/ubuntu/scootbot/2.0.0/install/scootbot:/home/ubuntu/scootbot/1.0.0/install/sllidar_ros2:/home/ubuntu/scootbot/1.0.0/install/scootbot_sim:/home/ubuntu/scootbot/1.0.0/install/scootbot_description:/home/ubuntu/scootbot/1.0.0/install/sabertooth:/home/ubuntu/scootbot/1.0.0/install/joy_cmd:/home/ubuntu/scootbot/1.0.0/install/differential_drive:/opt/ros/humble /usr/bin/cmake --build /home/ubuntu/scootbot/3.0.0/build/diffdrive_arduino -- -j20 -l20
