[0.045s] Invoking command in '/home/ubuntu/scootbot/3.0.0/build/diffdrive_arduino': CMAKE_PREFIX_PATH=/home/ubuntu/scootbot/3.0.0/install/serial:/home/ubuntu/scootbot/3.0.0/install/twist_mux:/home/ubuntu/scootbot/3.0.0/install/diffdrive_arduino:/home/ubuntu/scootbot/3.0.0/install/scootbot:/opt/ros/humble /usr/bin/cmake --build /home/ubuntu/scootbot/3.0.0/build/diffdrive_arduino -- -j4 -l4
[0.119s] [35m[1mConsolidate compiler generated dependencies of target diffdrive_arduino[0m
[0.151s] [ 42%] Built target fake_robot
[0.172s] [ 57%] [32mBuilding CXX object CMakeFiles/diffdrive_arduino.dir/src/arduino_comms.cpp.o[0m
[5.561s] [01m[K/home/ubuntu/scootbot/3.0.0/src/diffdrive_arduino/src/arduino_comms.cpp:[m[K In member function â€˜[01m[Kstd::string ArduinoComms::sendMsg(const string&)[m[Kâ€™:
[5.561s] [01m[K/home/ubuntu/scootbot/3.0.0/src/diffdrive_arduino/src/arduino_comms.cpp:79:9:[m[K [01;31m[Kerror: [m[Kâ€˜[01m[Kprint_output[m[Kâ€™ was not declared in this scope
[5.561s]    79 |     if ([01;31m[Kprint_output[m[K)
[5.561s]       |         [01;31m[K^~~~~~~~~~~~[m[K
[5.571s] In file included from [01m[K/opt/ros/humble/include/rclcpp/rclcpp/client.hpp:40[m[K,
[5.572s]                  from [01m[K/opt/ros/humble/include/rclcpp/rclcpp/callback_group.hpp:24[m[K,
[5.572s]                  from [01m[K/opt/ros/humble/include/rclcpp/rclcpp/any_executable.hpp:20[m[K,
[5.572s]                  from [01m[K/opt/ros/humble/include/rclcpp/rclcpp/memory_strategy.hpp:25[m[K,
[5.572s]                  from [01m[K/opt/ros/humble/include/rclcpp/rclcpp/memory_strategies.hpp:18[m[K,
[5.572s]                  from [01m[K/opt/ros/humble/include/rclcpp/rclcpp/executor_options.hpp:20[m[K,
[5.572s]                  from [01m[K/opt/ros/humble/include/rclcpp/rclcpp/executor.hpp:37[m[K,
[5.573s]                  from [01m[K/opt/ros/humble/include/rclcpp/rclcpp/executors/multi_threaded_executor.hpp:25[m[K,
[5.573s]                  from [01m[K/opt/ros/humble/include/rclcpp/rclcpp/executors.hpp:21[m[K,
[5.573s]                  from [01m[K/opt/ros/humble/include/rclcpp/rclcpp/rclcpp.hpp:155[m[K,
[5.573s]                  from [01m[K/home/ubuntu/scootbot/3.0.0/src/diffdrive_arduino/src/arduino_comms.cpp:3[m[K:
[5.574s] [01m[K/home/ubuntu/scootbot/3.0.0/src/diffdrive_arduino/src/arduino_comms.cpp:81:21:[m[K [01;31m[Kerror: [m[Kâ€˜[01m[Klogger_[m[Kâ€™ was not declared in this scope
[5.574s]    81 |         RCLCPP_INFO([01;31m[Klogger_[m[K, "Sent: %s", msg_to_send.c_str());
[5.574s]       |                     [01;31m[K^~~~~~~[m[K
[5.574s] [01m[K/home/ubuntu/scootbot/3.0.0/src/diffdrive_arduino/src/arduino_comms.cpp:81:9:[m[K [01;31m[Kerror: [m[Ktemplate argument 1 is invalid
[5.574s]    81 |         [01;31m[KRCLCPP_INFO[m[K(logger_, "Sent: %s", msg_to_send.c_str());
[5.575s]       |         [01;31m[K^~~~~~~~~~~[m[K
[5.575s] [01m[K/home/ubuntu/scootbot/3.0.0/src/diffdrive_arduino/src/arduino_comms.cpp:81:9:[m[K [01;31m[Kerror: [m[Kâ€˜[01m[K<declaration error>[m[Kâ€™ is not a template [[01;31m[K]8;;https://gcc.gnu.org/onlinedocs/gcc/Warning-Options.html#index-fpermissive-fpermissive]8;;[m[K]
[5.575s]    81 |         [01;31m[KRCLCPP_INFO[m[K(logger_, "Sent: %s", msg_to_send.c_str());
[5.575s]       |         [01;31m[K^~~~~~~~~~~[m[K
[5.576s] [01m[K/home/ubuntu/scootbot/3.0.0/src/diffdrive_arduino/src/arduino_comms.cpp:81:9:[m[K [01;31m[Kerror: [m[Ktemplate argument 1 is invalid
[5.576s]    81 |         [01;31m[KRCLCPP_INFO[m[K(logger_, "Sent: %s", msg_to_send.c_str());
[5.576s]       |         [01;31m[K^~~~~~~~~~~[m[K
[5.576s] [01m[K/home/ubuntu/scootbot/3.0.0/src/diffdrive_arduino/src/arduino_comms.cpp:81:9:[m[K [01;31m[Kerror: [m[Kâ€˜[01m[K<declaration error>[m[Kâ€™ is not a template [[01;31m[K]8;;https://gcc.gnu.org/onlinedocs/gcc/Warning-Options.html#index-fpermissive-fpermissive]8;;[m[K]
[5.576s]    81 |         [01;31m[KRCLCPP_INFO[m[K(logger_, "Sent: %s", msg_to_send.c_str());
[5.577s]       |         [01;31m[K^~~~~~~~~~~[m[K
[5.577s] [01m[K/home/ubuntu/scootbot/3.0.0/src/diffdrive_arduino/src/arduino_comms.cpp:81:9:[m[K [01;31m[Kerror: [m[Ktemplate argument 1 is invalid
[5.577s]    81 |         [01;31m[KRCLCPP_INFO[m[K(logger_, "Sent: %s", msg_to_send.c_str());
[5.577s]       |         [01;31m[K^~~~~~~~~~~[m[K
[5.587s] [01m[K/home/ubuntu/scootbot/3.0.0/src/diffdrive_arduino/src/arduino_comms.cpp:82:21:[m[K [01;31m[Kerror: [m[Kâ€˜[01m[Klogger_[m[Kâ€™ was not declared in this scope
[5.587s]    82 |         RCLCPP_INFO([01;31m[Klogger_[m[K, "Received: %s", response.c_str());
[5.587s]       |                     [01;31m[K^~~~~~~[m[K
[5.587s] [01m[K/home/ubuntu/scootbot/3.0.0/src/diffdrive_arduino/src/arduino_comms.cpp:82:9:[m[K [01;31m[Kerror: [m[Ktemplate argument 1 is invalid
[5.588s]    82 |         [01;31m[KRCLCPP_INFO[m[K(logger_, "Received: %s", response.c_str());
[5.588s]       |         [01;31m[K^~~~~~~~~~~[m[K
[5.588s] [01m[K/home/ubuntu/scootbot/3.0.0/src/diffdrive_arduino/src/arduino_comms.cpp:82:9:[m[K [01;31m[Kerror: [m[Kâ€˜[01m[K<declaration error>[m[Kâ€™ is not a template [[01;31m[K]8;;https://gcc.gnu.org/onlinedocs/gcc/Warning-Options.html#index-fpermissive-fpermissive]8;;[m[K]
[5.588s]    82 |         [01;31m[KRCLCPP_INFO[m[K(logger_, "Received: %s", response.c_str());
[5.588s]       |         [01;31m[K^~~~~~~~~~~[m[K
[5.589s] [01m[K/home/ubuntu/scootbot/3.0.0/src/diffdrive_arduino/src/arduino_comms.cpp:82:9:[m[K [01;31m[Kerror: [m[Ktemplate argument 1 is invalid
[5.589s]    82 |         [01;31m[KRCLCPP_INFO[m[K(logger_, "Received: %s", response.c_str());
[5.589s]       |         [01;31m[K^~~~~~~~~~~[m[K
[5.589s] [01m[K/home/ubuntu/scootbot/3.0.0/src/diffdrive_arduino/src/arduino_comms.cpp:82:9:[m[K [01;31m[Kerror: [m[Kâ€˜[01m[K<declaration error>[m[Kâ€™ is not a template [[01;31m[K]8;;https://gcc.gnu.org/onlinedocs/gcc/Warning-Options.html#index-fpermissive-fpermissive]8;;[m[K]
[5.589s]    82 |         [01;31m[KRCLCPP_INFO[m[K(logger_, "Received: %s", response.c_str());
[5.589s]       |         [01;31m[K^~~~~~~~~~~[m[K
[5.590s] [01m[K/home/ubuntu/scootbot/3.0.0/src/diffdrive_arduino/src/arduino_comms.cpp:82:9:[m[K [01;31m[Kerror: [m[Ktemplate argument 1 is invalid
[5.590s]    82 |         [01;31m[KRCLCPP_INFO[m[K(logger_, "Received: %s", response.c_str());
[5.590s]       |         [01;31m[K^~~~~~~~~~~[m[K
[6.586s] gmake[2]: *** [CMakeFiles/diffdrive_arduino.dir/build.make:104: CMakeFiles/diffdrive_arduino.dir/src/arduino_comms.cpp.o] Error 1
[6.587s] gmake[1]: *** [CMakeFiles/Makefile2:139: CMakeFiles/diffdrive_arduino.dir/all] Error 2
[6.587s] gmake: *** [Makefile:146: all] Error 2
[6.590s] Invoked command in '/home/ubuntu/scootbot/3.0.0/build/diffdrive_arduino' returned '2': CMAKE_PREFIX_PATH=/home/ubuntu/scootbot/3.0.0/install/serial:/home/ubuntu/scootbot/3.0.0/install/twist_mux:/home/ubuntu/scootbot/3.0.0/install/diffdrive_arduino:/home/ubuntu/scootbot/3.0.0/install/scootbot:/opt/ros/humble /usr/bin/cmake --build /home/ubuntu/scootbot/3.0.0/build/diffdrive_arduino -- -j4 -l4
