[0.389s] Invoking command in '/home/ubuntu/scootbot/build/sllidar_ros2': CMAKE_PREFIX_PATH=/home/ubuntu/scootbot/install/sllidar_ros2:/home/ubuntu/scootbot/install/scootbot_sim:/home/ubuntu/scootbot/install/scootbot_description:/home/teknetik/ros2_ws/install/scootbot_description:/home/teknetik/ros2_ws/install/ros2_imu_filter_madgwick:/home/ubuntu/scootbot/install/sabertooth:/home/ubuntu/scootbot/install/joy_cmd:/home/ubuntu/scootbot/install/differential_drive:/home/teknetik/ros2_ws/install/saber:/home/teknetik/ros2_ws/install/joystick_ros2:/home/teknetik/ros2_ws/install/differential_drive:/opt/ros/humble:/home/teknetik/ros2_ws/install/rf2o_laser_odometry:/home/teknetik/ros2_ws/install/my_box_bot_gazebo /usr/bin/cmake /home/ubuntu/scootbot/src/sllidar_ros2 -DCMAKE_INSTALL_PREFIX=/home/ubuntu/scootbot/install/sllidar_ros2
[0.458s] -- The C compiler identification is GNU 11.2.0
[0.515s] -- The CXX compiler identification is GNU 11.2.0
[0.521s] -- Detecting C compiler ABI info
[0.562s] -- Detecting C compiler ABI info - done
[0.567s] -- Check for working C compiler: /usr/bin/cc - skipped
[0.568s] -- Detecting C compile features
[0.568s] -- Detecting C compile features - done
[0.571s] -- Detecting CXX compiler ABI info
[0.618s] -- Detecting CXX compiler ABI info - done
[0.628s] -- Check for working CXX compiler: /usr/bin/c++ - skipped
[0.628s] -- Detecting CXX compile features
[0.629s] -- Detecting CXX compile features - done
[0.632s] -- Found ament_cmake: 1.3.2 (/opt/ros/humble/share/ament_cmake/cmake)
[0.781s] -- Found Python3: /usr/bin/python3.10 (found version "3.10.6") found components: Interpreter 
[0.844s] -- Override CMake install command with custom implementation using symlinks instead of copying resources
[0.864s] -- Found rclcpp: 16.0.1 (/opt/ros/humble/share/rclcpp/cmake)
[0.911s] -- Found rosidl_generator_c: 3.1.3 (/opt/ros/humble/share/rosidl_generator_c/cmake)
[0.916s] -- Found rosidl_adapter: 3.1.3 (/opt/ros/humble/share/rosidl_adapter/cmake)
[0.924s] -- Found rosidl_generator_cpp: 3.1.3 (/opt/ros/humble/share/rosidl_generator_cpp/cmake)
[0.937s] -- Using all available rosidl_typesupport_c: rosidl_typesupport_fastrtps_c;rosidl_typesupport_introspection_c
[0.955s] -- Using all available rosidl_typesupport_cpp: rosidl_typesupport_fastrtps_cpp;rosidl_typesupport_introspection_cpp
[1.015s] -- Found rmw_implementation_cmake: 6.1.0 (/opt/ros/humble/share/rmw_implementation_cmake/cmake)
[1.017s] -- Found rmw_fastrtps_cpp: 6.2.1 (/opt/ros/humble/share/rmw_fastrtps_cpp/cmake)
[1.061s] -- Found OpenSSL: /usr/lib/aarch64-linux-gnu/libcrypto.so (found version "3.0.2")  
[1.110s] -- Using RMW implementation 'rmw_fastrtps_cpp' as default
[1.239s] -- Found sensor_msgs: 4.2.2 (/opt/ros/humble/share/sensor_msgs/cmake)
[1.342s] -- Found std_srvs: 4.2.2 (/opt/ros/humble/share/std_srvs/cmake)
[1.413s] -- Configuring done
[1.424s] -- Generating done
[1.425s] -- Build files have been written to: /home/ubuntu/scootbot/build/sllidar_ros2
[1.431s] Invoked command in '/home/ubuntu/scootbot/build/sllidar_ros2' returned '0': CMAKE_PREFIX_PATH=/home/ubuntu/scootbot/install/sllidar_ros2:/home/ubuntu/scootbot/install/scootbot_sim:/home/ubuntu/scootbot/install/scootbot_description:/home/teknetik/ros2_ws/install/scootbot_description:/home/teknetik/ros2_ws/install/ros2_imu_filter_madgwick:/home/ubuntu/scootbot/install/sabertooth:/home/ubuntu/scootbot/install/joy_cmd:/home/ubuntu/scootbot/install/differential_drive:/home/teknetik/ros2_ws/install/saber:/home/teknetik/ros2_ws/install/joystick_ros2:/home/teknetik/ros2_ws/install/differential_drive:/opt/ros/humble:/home/teknetik/ros2_ws/install/rf2o_laser_odometry:/home/teknetik/ros2_ws/install/my_box_bot_gazebo /usr/bin/cmake /home/ubuntu/scootbot/src/sllidar_ros2 -DCMAKE_INSTALL_PREFIX=/home/ubuntu/scootbot/install/sllidar_ros2
[1.432s] Invoking command in '/home/ubuntu/scootbot/build/sllidar_ros2': CMAKE_PREFIX_PATH=/home/ubuntu/scootbot/install/sllidar_ros2:/home/ubuntu/scootbot/install/scootbot_sim:/home/ubuntu/scootbot/install/scootbot_description:/home/teknetik/ros2_ws/install/scootbot_description:/home/teknetik/ros2_ws/install/ros2_imu_filter_madgwick:/home/ubuntu/scootbot/install/sabertooth:/home/ubuntu/scootbot/install/joy_cmd:/home/ubuntu/scootbot/install/differential_drive:/home/teknetik/ros2_ws/install/saber:/home/teknetik/ros2_ws/install/joystick_ros2:/home/teknetik/ros2_ws/install/differential_drive:/opt/ros/humble:/home/teknetik/ros2_ws/install/rf2o_laser_odometry:/home/teknetik/ros2_ws/install/my_box_bot_gazebo /usr/bin/cmake --build /home/ubuntu/scootbot/build/sllidar_ros2 -- -j20 -l20
[1.459s] [ 28%] [32mBuilding CXX object CMakeFiles/sllidar_node.dir/src/sllidar_node.cpp.o[0m
[1.459s] [ 28%] [32mBuilding CXX object CMakeFiles/sllidar_node.dir/sdk/src/arch/linux/timer.cpp.o[0m
[1.459s] [ 28%] [32mBuilding CXX object CMakeFiles/sllidar_node.dir/sdk/src/arch/linux/net_socket.cpp.o[0m
[1.459s] [ 35%] [32mBuilding CXX object CMakeFiles/sllidar_node.dir/sdk/src/sl_crc.cpp.o[0m
[1.459s] [ 50%] [32mBuilding CXX object CMakeFiles/sllidar_client.dir/src/sllidar_client.cpp.o[0m
[1.459s] [ 50%] [32mBuilding CXX object CMakeFiles/sllidar_node.dir/sdk/src/rplidar_driver.cpp.o[0m
[1.459s] [ 50%] [32mBuilding CXX object CMakeFiles/sllidar_node.dir/sdk/src/arch/linux/net_serial.cpp.o[0m
[1.459s] [ 57%] [32mBuilding CXX object CMakeFiles/sllidar_node.dir/sdk/src/hal/thread.cpp.o[0m
[1.460s] [ 64%] [32mBuilding CXX object CMakeFiles/sllidar_node.dir/sdk/src/sl_tcp_channel.cpp.o[0m
[1.460s] [ 71%] [32mBuilding CXX object CMakeFiles/sllidar_node.dir/sdk/src/sl_serial_channel.cpp.o[0m
[1.460s] [ 78%] [32mBuilding CXX object CMakeFiles/sllidar_node.dir/sdk/src/sl_lidar_driver.cpp.o[0m
[1.460s] [ 85%] [32mBuilding CXX object CMakeFiles/sllidar_node.dir/sdk/src/sl_udp_channel.cpp.o[0m
[1.465s] [01m[K/home/ubuntu/scootbot/src/sllidar_ros2/sdk/src/sl_udp_channel.cpp:33:9:[m[K [01;35m[Kwarning: [m[K#pragma once in main file
[1.465s]    33 | #pragma [01;35m[Konce[m[K
[1.466s]       |         [01;35m[K^~~~[m[K
[1.466s] [01m[K/home/ubuntu/scootbot/src/sllidar_ros2/sdk/src/sl_tcp_channel.cpp:33:9:[m[K [01;35m[Kwarning: [m[K#pragma once in main file
[1.466s]    33 | #pragma [01;35m[Konce[m[K
[1.466s]       |         [01;35m[K^~~~[m[K
[1.466s] [01m[K/home/ubuntu/scootbot/src/sllidar_ros2/sdk/src/sl_serial_channel.cpp:33:9:[m[K [01;35m[Kwarning: [m[K#pragma once in main file
[1.466s]    33 | #pragma [01;35m[Konce[m[K
[1.466s]       |         [01;35m[K^~~~[m[K
[1.473s] In file included from [01m[K/home/ubuntu/scootbot/src/sllidar_ros2/./sdk/include/sl_lidar_cmd.h:36[m[K,
[1.474s]                  from [01m[K/home/ubuntu/scootbot/src/sllidar_ros2/./sdk/include/sl_crc.h:36[m[K,
[1.474s]                  from [01m[K/home/ubuntu/scootbot/src/sllidar_ros2/sdk/src/sl_crc.cpp:33[m[K:
[1.474s] [01m[K/home/ubuntu/scootbot/src/sllidar_ros2/./sdk/include/sl_lidar_protocol.h:58:16:[m[K [01;35m[Kwarning: [m[KISO C++ forbids zero-size array â€˜[01m[Kdata[m[Kâ€™ [[01;35m[K]8;;https://gcc.gnu.org/onlinedocs/gcc/Warning-Options.html#index-Wpedantic-Wpedantic]8;;[m[K]
[1.474s]    58 |     sl_u8 data[[01;35m[K0[m[K];
[1.474s]       |                [01;35m[K^[m[K
[1.474s] In file included from [01m[K/home/ubuntu/scootbot/src/sllidar_ros2/./sdk/include/sl_crc.h:36[m[K,
[1.474s]                  from [01m[K/home/ubuntu/scootbot/src/sllidar_ros2/sdk/src/sl_crc.cpp:33[m[K:
[1.474s] [01m[K/home/ubuntu/scootbot/src/sllidar_ros2/./sdk/include/sl_lidar_cmd.h:295:20:[m[K [01;35m[Kwarning: [m[KISO C++ forbids zero-size array â€˜[01m[Kpayload[m[Kâ€™ [[01;35m[K]8;;https://gcc.gnu.org/onlinedocs/gcc/Warning-Options.html#index-Wpedantic-Wpedantic]8;;[m[K]
[1.474s]   295 |     sl_u8  payload[[01;35m[K0[m[K];
[1.474s]       |                    [01;35m[K^[m[K
[1.475s] [01m[K/home/ubuntu/scootbot/src/sllidar_ros2/sdk/src/sl_crc.cpp:[m[K In function â€˜[01m[Ksl_u32 sl::crc32::cal(sl_u32, void*, sl_u16)[m[Kâ€™:
[1.475s] [01m[K/home/ubuntu/scootbot/src/sllidar_ros2/sdk/src/sl_crc.cpp:77:29:[m[K [01;35m[Kwarning: [m[Ksuggest parentheses around â€˜[01m[K-[m[Kâ€™ in operand of â€˜[01m[K&[m[Kâ€™ [[01;35m[K]8;;https://gcc.gnu.org/onlinedocs/gcc/Warning-Options.html#index-Wparentheses-Wparentheses]8;;[m[K]
[1.475s]    77 |         sl_u8 leftBytes = [01;35m[K4 - len[m[K & 0x3;
[1.475s]       |                           [01;35m[K~~^~~~~[m[K
[1.546s] In file included from [01m[K/home/ubuntu/scootbot/src/sllidar_ros2/./sdk/src/sdkcommon.h:47[m[K,
[1.546s]                  from [01m[K/home/ubuntu/scootbot/src/sllidar_ros2/sdk/src/hal/thread.cpp:35[m[K:
[1.546s] [01m[K/home/ubuntu/scootbot/src/sllidar_ros2/./sdk/src/hal/assert.h:1:1:[m[K [01;35m[Kwarning: [m[Knull character(s) ignored
[1.546s]     1 | [01;35m[K [m[K                                                                                                                                                                                                                                                                                                                        
[1.546s]       | [01;35m[K^[m[K
[1.549s] In file included from [01m[K/home/ubuntu/scootbot/src/sllidar_ros2/sdk/src/sdkcommon.h:47[m[K,
[1.549s]                  from [01m[K/home/ubuntu/scootbot/src/sllidar_ros2/sdk/src/sl_lidar_driver.cpp:33[m[K:
[1.549s] [01m[K/home/ubuntu/scootbot/src/sllidar_ros2/sdk/src/hal/assert.h:1:1:[m[K [01;35m[Kwarning: [m[Knull character(s) ignored
[1.549s]     1 | [01;35m[K [m[K                                                                                                                                                                                                                                                                                                                        
[1.549s]       | [01;35m[K^[m[K
[1.562s] In file included from [01m[K/home/ubuntu/scootbot/src/sllidar_ros2/sdk/src/sl_lidar_driver.cpp:37[m[K:
[1.562s] [01m[K/home/ubuntu/scootbot/src/sllidar_ros2/sdk/src/hal/assert.h:1:1:[m[K [01;35m[Kwarning: [m[Knull character(s) ignored
[1.562s]     1 | [01;35m[K [m[K                                                                                                                                                                                                                                                                                                                        
[1.562s]       | [01;35m[K^[m[K
[1.567s] In file included from [01m[K/home/ubuntu/scootbot/src/sllidar_ros2/sdk/src/sdkcommon.h:47[m[K,
[1.567s]                  from [01m[K/home/ubuntu/scootbot/src/sllidar_ros2/sdk/src/rplidar_driver.cpp:33[m[K:
[1.567s] [01m[K/home/ubuntu/scootbot/src/sllidar_ros2/sdk/src/hal/assert.h:1:1:[m[K [01;35m[Kwarning: [m[Knull character(s) ignored
[1.568s]     1 | [01;35m[K [m[K                                                                                                                                                                                                                                                                                                                        
[1.568s]       | [01;35m[K^[m[K
[1.570s] In file included from [01m[K/home/ubuntu/scootbot/src/sllidar_ros2/./sdk/src/sdkcommon.h:47[m[K,
[1.570s]                  from [01m[K/home/ubuntu/scootbot/src/sllidar_ros2/sdk/src/arch/linux/net_socket.cpp:10[m[K:
[1.570s] [01m[K/home/ubuntu/scootbot/src/sllidar_ros2/./sdk/src/hal/assert.h:1:1:[m[K [01;35m[Kwarning: [m[Knull character(s) ignored
[1.570s]     1 | [01;35m[K [m[K                                                                                                                                                                                                                                                                                                                        
[1.570s]       | [01;35m[K^[m[K
[1.580s] In file included from [01m[K/home/ubuntu/scootbot/src/sllidar_ros2/sdk/src/rplidar_driver.cpp:37[m[K:
[1.580s] [01m[K/home/ubuntu/scootbot/src/sllidar_ros2/sdk/src/hal/assert.h:1:1:[m[K [01;35m[Kwarning: [m[Knull character(s) ignored
[1.580s]     1 | [01;35m[K [m[K                                                                                                                                                                                                                                                                                                                        
[1.581s]       | [01;35m[K^[m[K
[1.652s] In file included from [01m[K/home/ubuntu/scootbot/src/sllidar_ros2/./sdk/include/sl_lidar_cmd.h:36[m[K,
[1.652s]                  from [01m[K/home/ubuntu/scootbot/src/sllidar_ros2/./sdk/include/sl_lidar_driver.h:54[m[K,
[1.652s]                  from [01m[K/home/ubuntu/scootbot/src/sllidar_ros2/sdk/src/sl_serial_channel.cpp:34[m[K:
[1.652s] [01m[K/home/ubuntu/scootbot/src/sllidar_ros2/./sdk/include/sl_lidar_protocol.h:58:16:[m[K [01;35m[Kwarning: [m[KISO C++ forbids zero-size array â€˜[01m[Kdata[m[Kâ€™ [[01;35m[K]8;;https://gcc.gnu.org/onlinedocs/gcc/Warning-Options.html#index-Wpedantic-Wpedantic]8;;[m[K]
[1.652s]    58 |     sl_u8 data[[01;35m[K0[m[K];
[1.653s]       |                [01;35m[K^[m[K
[1.653s] In file included from [01m[K/home/ubuntu/scootbot/src/sllidar_ros2/./sdk/include/sl_lidar_driver.h:54[m[K,
[1.653s]                  from [01m[K/home/ubuntu/scootbot/src/sllidar_ros2/sdk/src/sl_serial_channel.cpp:34[m[K:
[1.653s] [01m[K/home/ubuntu/scootbot/src/sllidar_ros2/./sdk/include/sl_lidar_cmd.h:295:20:[m[K [01;35m[Kwarning: [m[KISO C++ forbids zero-size array â€˜[01m[Kpayload[m[Kâ€™ [[01;35m[K]8;;https://gcc.gnu.org/onlinedocs/gcc/Warning-Options.html#index-Wpedantic-Wpedantic]8;;[m[K]
[1.653s]   295 |     sl_u8  payload[[01;35m[K0[m[K];
[1.653s]       |                    [01;35m[K^[m[K
[1.656s] In file included from [01m[K/home/ubuntu/scootbot/src/sllidar_ros2/./sdk/include/sl_lidar_cmd.h:36[m[K,
[1.656s]                  from [01m[K/home/ubuntu/scootbot/src/sllidar_ros2/./sdk/include/sl_lidar_driver.h:54[m[K,
[1.656s]                  from [01m[K/home/ubuntu/scootbot/src/sllidar_ros2/sdk/src/sl_tcp_channel.cpp:34[m[K:
[1.657s] [01m[K/home/ubuntu/scootbot/src/sllidar_ros2/./sdk/include/sl_lidar_protocol.h:58:16:[m[K [01;35m[Kwarning: [m[KISO C++ forbids zero-size array â€˜[01m[Kdata[m[Kâ€™ [[01;35m[K]8;;https://gcc.gnu.org/onlinedocs/gcc/Warning-Options.html#index-Wpedantic-Wpedantic]8;;[m[K]
[1.657s]    58 |     sl_u8 data[[01;35m[K0[m[K];
[1.657s]       |                [01;35m[K^[m[K
[1.657s] In file included from [01m[K/home/ubuntu/scootbot/src/sllidar_ros2/./sdk/include/sl_lidar_driver.h:54[m[K,
[1.657s]                  from [01m[K/home/ubuntu/scootbot/src/sllidar_ros2/sdk/src/sl_tcp_channel.cpp:34[m[K:
[1.657s] [01m[K/home/ubuntu/scootbot/src/sllidar_ros2/./sdk/include/sl_lidar_cmd.h:295:20:[m[K [01;35m[Kwarning: [m[KISO C++ forbids zero-size array â€˜[01m[Kpayload[m[Kâ€™ [[01;35m[K]8;;https://gcc.gnu.org/onlinedocs/gcc/Warning-Options.html#index-Wpedantic-Wpedantic]8;;[m[K]
[1.657s]   295 |     sl_u8  payload[[01;35m[K0[m[K];
[1.657s]       |                    [01;35m[K^[m[K
[1.661s] [01m[K/home/ubuntu/scootbot/src/sllidar_ros2/sdk/src/sl_tcp_channel.cpp:[m[K In member function â€˜[01m[Kvoid sl::TcpChannel::setStatus(_u32)[m[Kâ€™:
[1.661s] [01m[K/home/ubuntu/scootbot/src/sllidar_ros2/sdk/src/sl_tcp_channel.cpp:95:29:[m[K [01;35m[Kwarning: [m[Kunused parameter â€˜[01m[Kflag[m[Kâ€™ [[01;35m[K]8;;https://gcc.gnu.org/onlinedocs/gcc/Warning-Options.html#index-Wunused-parameter-Wunused-parameter]8;;[m[K]
[1.661s]    95 |         void setStatus([01;35m[K_u32 flag[m[K){}
[1.661s]       |                        [01;35m[K~~~~~^~~~[m[K
[1.701s] In file included from [01m[K/home/ubuntu/scootbot/src/sllidar_ros2/./sdk/include/sl_lidar_cmd.h:36[m[K,
[1.701s]                  from [01m[K/home/ubuntu/scootbot/src/sllidar_ros2/./sdk/include/sl_lidar_driver.h:54[m[K,
[1.701s]                  from [01m[K/home/ubuntu/scootbot/src/sllidar_ros2/sdk/src/sl_udp_channel.cpp:34[m[K:
[1.701s] [01m[K/home/ubuntu/scootbot/src/sllidar_ros2/./sdk/include/sl_lidar_protocol.h:58:16:[m[K [01;35m[Kwarning: [m[KISO C++ forbids zero-size array â€˜[01m[Kdata[m[Kâ€™ [[01;35m[K]8;;https://gcc.gnu.org/onlinedocs/gcc/Warning-Options.html#index-Wpedantic-Wpedantic]8;;[m[K]
[1.701s]    58 |     sl_u8 data[[01;35m[K0[m[K];
[1.701s]       |                [01;35m[K^[m[K
[1.701s] In file included from [01m[K/home/ubuntu/scootbot/src/sllidar_ros2/./sdk/include/sl_lidar_driver.h:54[m[K,
[1.701s]                  from [01m[K/home/ubuntu/scootbot/src/sllidar_ros2/sdk/src/sl_udp_channel.cpp:34[m[K:
[1.701s] [01m[K/home/ubuntu/scootbot/src/sllidar_ros2/./sdk/include/sl_lidar_cmd.h:295:20:[m[K [01;35m[Kwarning: [m[KISO C++ forbids zero-size array â€˜[01m[Kpayload[m[Kâ€™ [[01;35m[K]8;;https://gcc.gnu.org/onlinedocs/gcc/Warning-Options.html#index-Wpedantic-Wpedantic]8;;[m[K]
[1.701s]   295 |     sl_u8  payload[[01;35m[K0[m[K];
[1.701s]       |                    [01;35m[K^[m[K
[1.705s] [01m[K/home/ubuntu/scootbot/src/sllidar_ros2/sdk/src/sl_udp_channel.cpp:[m[K In member function â€˜[01m[Kvoid sl::UdpChannel::setStatus(_u32)[m[Kâ€™:
[1.706s] [01m[K/home/ubuntu/scootbot/src/sllidar_ros2/sdk/src/sl_udp_channel.cpp:103:29:[m[K [01;35m[Kwarning: [m[Kunused parameter â€˜[01m[Kflag[m[Kâ€™ [[01;35m[K]8;;https://gcc.gnu.org/onlinedocs/gcc/Warning-Options.html#index-Wunused-parameter-Wunused-parameter]8;;[m[K]
[1.706s]   103 |         void setStatus([01;35m[K_u32 flag[m[K){}
[1.706s]       |                        [01;35m[K~~~~~^~~~[m[K
[1.743s] In file included from [01m[K/home/ubuntu/scootbot/src/sllidar_ros2/./sdk/include/rplidar_protocol.h:36[m[K,
[1.744s]                  from [01m[K/home/ubuntu/scootbot/src/sllidar_ros2/./sdk/include/rplidar.h:39[m[K,
[1.744s]                  from [01m[K/home/ubuntu/scootbot/src/sllidar_ros2/./sdk/src/sdkcommon.h:49[m[K,
[1.744s]                  from [01m[K/home/ubuntu/scootbot/src/sllidar_ros2/sdk/src/hal/thread.cpp:35[m[K:
[1.744s] [01m[K/home/ubuntu/scootbot/src/sllidar_ros2/./sdk/include/sl_lidar_protocol.h:58:16:[m[K [01;35m[Kwarning: [m[KISO C++ forbids zero-size array â€˜[01m[Kdata[m[Kâ€™ [[01;35m[K]8;;https://gcc.gnu.org/onlinedocs/gcc/Warning-Options.html#index-Wpedantic-Wpedantic]8;;[m[K]
[1.744s]    58 |     sl_u8 data[[01;35m[K0[m[K];
[1.744s]       |                [01;35m[K^[m[K
[1.744s] In file included from [01m[K/home/ubuntu/scootbot/src/sllidar_ros2/./sdk/include/rplidar_cmd.h:36[m[K,
[1.744s]                  from [01m[K/home/ubuntu/scootbot/src/sllidar_ros2/./sdk/include/rplidar.h:40[m[K,
[1.744s]                  from [01m[K/home/ubuntu/scootbot/src/sllidar_ros2/./sdk/src/sdkcommon.h:49[m[K,
[1.744s]                  from [01m[K/home/ubuntu/scootbot/src/sllidar_ros2/sdk/src/hal/thread.cpp:35[m[K:
[1.744s] [01m[K/home/ubuntu/scootbot/src/sllidar_ros2/./sdk/include/sl_lidar_cmd.h:295:20:[m[K [01;35m[Kwarning: [m[KISO C++ forbids zero-size array â€˜[01m[Kpayload[m[Kâ€™ [[01;35m[K]8;;https://gcc.gnu.org/onlinedocs/gcc/Warning-Options.html#index-Wpedantic-Wpedantic]8;;[m[K]
[1.744s]   295 |     sl_u8  payload[[01;35m[K0[m[K];
[1.744s]       |                    [01;35m[K^[m[K
[1.783s] In file included from [01m[K/home/ubuntu/scootbot/src/sllidar_ros2/sdk/src/hal/thread.cpp:43[m[K:
[1.783s] [01m[K/home/ubuntu/scootbot/src/sllidar_ros2/./sdk/src/arch/linux/thread.hpp:[m[K In static member function â€˜[01m[Kstatic rp::hal::Thread rp::hal::Thread::create(thread_proc_t, void*)[m[Kâ€™:
[1.783s] [01m[K/home/ubuntu/scootbot/src/sllidar_ros2/./sdk/src/arch/linux/thread.hpp:48:57:[m[K [01;35m[Kwarning: [m[Kcast between incompatible function types from â€˜[01m[Kthread_proc_t[m[Kâ€™ {aka â€˜[01m[Klong unsigned int (*)(void*)[m[Kâ€™} to â€˜[01m[Kvoid* (*)(void*)[m[Kâ€™ [[01;35m[K]8;;https://gcc.gnu.org/onlinedocs/gcc/Warning-Options.html#index-Wcast-function-type-Wcast-function-type]8;;[m[K]
[1.783s]    48 |     pthread_create((pthread_t *)&newborn._handle, NULL, [01;35m[K(void * (*)(void *))proc[m[K, data);
[1.783s]       |                                                         [01;35m[K^~~~~~~~~~~~~~~~~~~~~~~~[m[K
[1.783s] [01m[K/home/ubuntu/scootbot/src/sllidar_ros2/./sdk/src/arch/linux/thread.hpp:[m[K In member function â€˜[01m[Ku_result rp::hal::Thread::join(long unsigned int)[m[Kâ€™:
[1.783s] [01m[K/home/ubuntu/scootbot/src/sllidar_ros2/./sdk/src/arch/linux/thread.hpp:129:37:[m[K [01;35m[Kwarning: [m[Kunused parameter â€˜[01m[Ktimeout[m[Kâ€™ [[01;35m[K]8;;https://gcc.gnu.org/onlinedocs/gcc/Warning-Options.html#index-Wunused-parameter-Wunused-parameter]8;;[m[K]
[1.783s]   129 | u_result Thread::join([01;35m[Kunsigned long timeout[m[K)
[1.783s]       |                       [01;35m[K~~~~~~~~~~~~~~^~~~~~~[m[K
[1.796s] In file included from [01m[K/home/ubuntu/scootbot/src/sllidar_ros2/./sdk/include/rplidar_protocol.h:36[m[K,
[1.796s]                  from [01m[K/home/ubuntu/scootbot/src/sllidar_ros2/./sdk/include/rplidar.h:39[m[K,
[1.796s]                  from [01m[K/home/ubuntu/scootbot/src/sllidar_ros2/./sdk/src/sdkcommon.h:49[m[K,
[1.796s]                  from [01m[K/home/ubuntu/scootbot/src/sllidar_ros2/sdk/src/arch/linux/net_socket.cpp:10[m[K:
[1.796s] [01m[K/home/ubuntu/scootbot/src/sllidar_ros2/./sdk/include/sl_lidar_protocol.h:58:16:[m[K [01;35m[Kwarning: [m[KISO C++ forbids zero-size array â€˜[01m[Kdata[m[Kâ€™ [[01;35m[K]8;;https://gcc.gnu.org/onlinedocs/gcc/Warning-Options.html#index-Wpedantic-Wpedantic]8;;[m[K]
[1.796s]    58 |     sl_u8 data[[01;35m[K0[m[K];
[1.796s]       |                [01;35m[K^[m[K
[1.796s] In file included from [01m[K/home/ubuntu/scootbot/src/sllidar_ros2/./sdk/include/rplidar_cmd.h:36[m[K,
[1.796s]                  from [01m[K/home/ubuntu/scootbot/src/sllidar_ros2/./sdk/include/rplidar.h:40[m[K,
[1.796s]                  from [01m[K/home/ubuntu/scootbot/src/sllidar_ros2/./sdk/src/sdkcommon.h:49[m[K,
[1.796s]                  from [01m[K/home/ubuntu/scootbot/src/sllidar_ros2/sdk/src/arch/linux/net_socket.cpp:10[m[K:
[1.796s] [01m[K/home/ubuntu/scootbot/src/sllidar_ros2/./sdk/include/sl_lidar_cmd.h:295:20:[m[K [01;35m[Kwarning: [m[KISO C++ forbids zero-size array â€˜[01m[Kpayload[m[Kâ€™ [[01;35m[K]8;;https://gcc.gnu.org/onlinedocs/gcc/Warning-Options.html#index-Wpedantic-Wpedantic]8;;[m[K]
[1.796s]   295 |     sl_u8  payload[[01;35m[K0[m[K];
[1.797s]       |                    [01;35m[K^[m[K
[1.828s] In file included from [01m[K/home/ubuntu/scootbot/src/sllidar_ros2/./sdk/include/rplidar_protocol.h:36[m[K,
[1.828s]                  from [01m[K/home/ubuntu/scootbot/src/sllidar_ros2/./sdk/include/rplidar.h:39[m[K,
[1.828s]                  from [01m[K/home/ubuntu/scootbot/src/sllidar_ros2/sdk/src/sdkcommon.h:49[m[K,
[1.828s]                  from [01m[K/home/ubuntu/scootbot/src/sllidar_ros2/sdk/src/sl_lidar_driver.cpp:33[m[K:
[1.828s] [01m[K/home/ubuntu/scootbot/src/sllidar_ros2/./sdk/include/sl_lidar_protocol.h:58:16:[m[K [01;35m[Kwarning: [m[KISO C++ forbids zero-size array â€˜[01m[Kdata[m[Kâ€™ [[01;35m[K]8;;https://gcc.gnu.org/onlinedocs/gcc/Warning-Options.html#index-Wpedantic-Wpedantic]8;;[m[K]
[1.828s]    58 |     sl_u8 data[[01;35m[K0[m[K];
[1.828s]       |                [01;35m[K^[m[K
[1.828s] In file included from [01m[K/home/ubuntu/scootbot/src/sllidar_ros2/./sdk/include/rplidar_cmd.h:36[m[K,
[1.828s]                  from [01m[K/home/ubuntu/scootbot/src/sllidar_ros2/./sdk/include/rplidar.h:40[m[K,
[1.828s]                  from [01m[K/home/ubuntu/scootbot/src/sllidar_ros2/sdk/src/sdkcommon.h:49[m[K,
[1.828s]                  from [01m[K/home/ubuntu/scootbot/src/sllidar_ros2/sdk/src/sl_lidar_driver.cpp:33[m[K:
[1.829s] [01m[K/home/ubuntu/scootbot/src/sllidar_ros2/./sdk/include/sl_lidar_cmd.h:295:20:[m[K [01;35m[Kwarning: [m[KISO C++ forbids zero-size array â€˜[01m[Kpayload[m[Kâ€™ [[01;35m[K]8;;https://gcc.gnu.org/onlinedocs/gcc/Warning-Options.html#index-Wpedantic-Wpedantic]8;;[m[K]
[1.829s]   295 |     sl_u8  payload[[01;35m[K0[m[K];
[1.829s]       |                    [01;35m[K^[m[K
[1.831s] [01m[K/home/ubuntu/scootbot/src/sllidar_ros2/sdk/src/arch/linux/net_socket.cpp:[m[K In member function â€˜[01m[Kvirtual u_result rp::net::SocketAddress::getAddressAsString(char*, size_t) const[m[Kâ€™:
[1.831s] [01m[K/home/ubuntu/scootbot/src/sllidar_ros2/sdk/src/arch/linux/net_socket.cpp:170:15:[m[K [01;31m[Kerror: [m[Kordered comparison of pointer with integer zero (â€˜[01m[Kconst char*[m[Kâ€™ and â€˜[01m[Kint[m[Kâ€™)
[1.831s]   170 |     return [01;31m[Kans<=0[m[K?RESULT_OPERATION_FAIL:RESULT_OK;
[1.831s]       |            [01;31m[K~~~^~~[m[K
[1.835s] [01m[K/home/ubuntu/scootbot/src/sllidar_ros2/sdk/src/arch/linux/net_socket.cpp:[m[K In member function â€˜[01m[Kvirtual u_result rp::arch::net::StreamSocketImpl::send(const void*, size_t)[m[Kâ€™:
[1.835s] [01m[K/home/ubuntu/scootbot/src/sllidar_ros2/sdk/src/arch/linux/net_socket.cpp:438:17:[m[K [01;35m[Kwarning: [m[Kcomparison of integer expressions of different signedness: â€˜[01m[Ksize_t[m[Kâ€™ {aka â€˜[01m[Klong unsigned int[m[Kâ€™} and â€˜[01m[Kint[m[Kâ€™ [[01;35m[K]8;;https://gcc.gnu.org/onlinedocs/gcc/Warning-Options.html#index-Wsign-compare-Wsign-compare]8;;[m[K]
[1.835s]   438 |         if ([01;35m[Kans == (int)len[m[K) {
[1.835s]       |             [01;35m[K~~~~^~~~~~~~~~~[m[K
[1.837s] [01m[K/home/ubuntu/scootbot/src/sllidar_ros2/sdk/src/arch/linux/net_socket.cpp:[m[K In member function â€˜[01m[Kvirtual u_result rp::arch::net::DGramSocketImpl::sendTo(const rp::net::SocketAddress&, const void*, size_t)[m[Kâ€™:
[1.837s] [01m[K/home/ubuntu/scootbot/src/sllidar_ros2/sdk/src/arch/linux/net_socket.cpp:722:39:[m[K [01;35m[Kwarning: [m[Kthe compiler can assume that the address of â€˜[01m[Ktarget[m[Kâ€™ will never be NULL [[01;35m[K]8;;https://gcc.gnu.org/onlinedocs/gcc/Warning-Options.html#index-Waddress-Waddress]8;;[m[K]
[1.837s]   722 |         const struct sockaddr* addr = [01;35m[K&target[m[K ? reinterpret_cast<const struct sockaddr*>(target.getPlatformData()) : NULL;
[1.838s]       |                                       [01;35m[K^~~~~~~[m[K
[1.838s] In file included from [01m[K/home/ubuntu/scootbot/src/sllidar_ros2/./sdk/src/arch/linux/arch_linux.h:42[m[K,
[1.838s]                  from [01m[K/home/ubuntu/scootbot/src/sllidar_ros2/./sdk/src/sdkcommon.h:41[m[K,
[1.838s]                  from [01m[K/home/ubuntu/scootbot/src/sllidar_ros2/sdk/src/arch/linux/net_socket.cpp:10[m[K:
[1.838s] [01m[K/home/ubuntu/scootbot/src/sllidar_ros2/sdk/src/arch/linux/net_socket.cpp:726:24:[m[K [01;35m[Kwarning: [m[Kcomparison of integer expressions of different signedness: â€˜[01m[Ksize_t[m[Kâ€™ {aka â€˜[01m[Klong unsigned int[m[Kâ€™} and â€˜[01m[Kint[m[Kâ€™ [[01;35m[K]8;;https://gcc.gnu.org/onlinedocs/gcc/Warning-Options.html#index-Wsign-compare-Wsign-compare]8;;[m[K]
[1.838s]   726 |             assert([01;35m[Kans == (int)len[m[K);
[1.838s]       |                    [01;35m[K~~~~^~~~~~~~~~~[m[K
[1.842s] In file included from [01m[K/home/ubuntu/scootbot/src/sllidar_ros2/./sdk/include/rplidar_protocol.h:36[m[K,
[1.842s]                  from [01m[K/home/ubuntu/scootbot/src/sllidar_ros2/./sdk/include/rplidar.h:39[m[K,
[1.842s]                  from [01m[K/home/ubuntu/scootbot/src/sllidar_ros2/sdk/src/sdkcommon.h:49[m[K,
[1.843s]                  from [01m[K/home/ubuntu/scootbot/src/sllidar_ros2/sdk/src/rplidar_driver.cpp:33[m[K:
[1.843s] [01m[K/home/ubuntu/scootbot/src/sllidar_ros2/./sdk/include/sl_lidar_protocol.h:58:16:[m[K [01;35m[Kwarning: [m[KISO C++ forbids zero-size array â€˜[01m[Kdata[m[Kâ€™ [[01;35m[K]8;;https://gcc.gnu.org/onlinedocs/gcc/Warning-Options.html#index-Wpedantic-Wpedantic]8;;[m[K]
[1.843s]    58 |     sl_u8 data[[01;35m[K0[m[K];
[1.843s]       |                [01;35m[K^[m[K
[1.843s] In file included from [01m[K/home/ubuntu/scootbot/src/sllidar_ros2/./sdk/include/rplidar_cmd.h:36[m[K,
[1.843s]                  from [01m[K/home/ubuntu/scootbot/src/sllidar_ros2/./sdk/include/rplidar.h:40[m[K,
[1.843s]                  from [01m[K/home/ubuntu/scootbot/src/sllidar_ros2/sdk/src/sdkcommon.h:49[m[K,
[1.843s]                  from [01m[K/home/ubuntu/scootbot/src/sllidar_ros2/sdk/src/rplidar_driver.cpp:33[m[K:
[1.843s] [01m[K/home/ubuntu/scootbot/src/sllidar_ros2/./sdk/include/sl_lidar_cmd.h:295:20:[m[K [01;35m[Kwarning: [m[KISO C++ forbids zero-size array â€˜[01m[Kpayload[m[Kâ€™ [[01;35m[K]8;;https://gcc.gnu.org/onlinedocs/gcc/Warning-Options.html#index-Wpedantic-Wpedantic]8;;[m[K]
[1.843s]   295 |     sl_u8  payload[[01;35m[K0[m[K];
[1.843s]       |                    [01;35m[K^[m[K
[1.904s] make[2]: *** [CMakeFiles/sllidar_node.dir/build.make:104: CMakeFiles/sllidar_node.dir/sdk/src/arch/linux/net_socket.cpp.o] Error 1
[1.904s] make[2]: *** Waiting for unfinished jobs....
[1.916s] [01m[K/home/ubuntu/scootbot/src/sllidar_ros2/sdk/src/arch/linux/net_serial.cpp:[m[K In member function â€˜[01m[Kbool rp::arch::net::raw_serial::open(const char*, uint32_t, uint32_t)[m[Kâ€™:
[1.916s] [01m[K/home/ubuntu/scootbot/src/sllidar_ros2/sdk/src/arch/linux/net_serial.cpp:97:74:[m[K [01;35m[Kwarning: [m[Kunused parameter â€˜[01m[Kflags[m[Kâ€™ [[01;35m[K]8;;https://gcc.gnu.org/onlinedocs/gcc/Warning-Options.html#index-Wunused-parameter-Wunused-parameter]8;;[m[K]
[1.916s]    97 | bool raw_serial::open(const char * portname, uint32_t baudrate, [01;35m[Kuint32_t flags[m[K)
[1.916s]       |                                                                 [01;35m[K~~~~~~~~~^~~~~[m[K
[1.916s] [01m[K/home/ubuntu/scootbot/src/sllidar_ros2/sdk/src/arch/linux/net_serial.cpp:[m[K In member function â€˜[01m[Kvirtual void rp::arch::net::raw_serial::flush(_u32)[m[Kâ€™:
[1.916s] [01m[K/home/ubuntu/scootbot/src/sllidar_ros2/sdk/src/arch/linux/net_serial.cpp:281:30:[m[K [01;35m[Kwarning: [m[Kunused parameter â€˜[01m[Kflags[m[Kâ€™ [[01;35m[K]8;;https://gcc.gnu.org/onlinedocs/gcc/Warning-Options.html#index-Wunused-parameter-Wunused-parameter]8;;[m[K]
[1.916s]   281 | void raw_serial::flush( [01;35m[K_u32 flags[m[K)
[1.916s]       |                         [01;35m[K~~~~~^~~~~[m[K
[1.916s] [01m[K/home/ubuntu/scootbot/src/sllidar_ros2/sdk/src/arch/linux/net_serial.cpp:[m[K In member function â€˜[01m[Kvirtual int rp::arch::net::raw_serial::waitforsent(_u32, size_t*)[m[Kâ€™:
[1.916s] [01m[K/home/ubuntu/scootbot/src/sllidar_ros2/sdk/src/arch/linux/net_serial.cpp:286:34:[m[K [01;35m[Kwarning: [m[Kunused parameter â€˜[01m[Ktimeout[m[Kâ€™ [[01;35m[K]8;;https://gcc.gnu.org/onlinedocs/gcc/Warning-Options.html#index-Wunused-parameter-Wunused-parameter]8;;[m[K]
[1.916s]   286 | int raw_serial::waitforsent([01;35m[K_u32 timeout[m[K, size_t * returned_size)
[1.916s]       |                             [01;35m[K~~~~~^~~~~~~[m[K
[1.916s] [01m[K/home/ubuntu/scootbot/src/sllidar_ros2/sdk/src/arch/linux/net_serial.cpp:[m[K In member function â€˜[01m[Kvirtual int rp::arch::net::raw_serial::waitforrecv(_u32, size_t*)[m[Kâ€™:
[1.917s] [01m[K/home/ubuntu/scootbot/src/sllidar_ros2/sdk/src/arch/linux/net_serial.cpp:292:34:[m[K [01;35m[Kwarning: [m[Kunused parameter â€˜[01m[Ktimeout[m[Kâ€™ [[01;35m[K]8;;https://gcc.gnu.org/onlinedocs/gcc/Warning-Options.html#index-Wunused-parameter-Wunused-parameter]8;;[m[K]
[1.917s]   292 | int raw_serial::waitforrecv([01;35m[K_u32 timeout[m[K, size_t * returned_size)
[1.917s]       |                             [01;35m[K~~~~~^~~~~~~[m[K
[1.924s] [01m[K/home/ubuntu/scootbot/src/sllidar_ros2/sdk/src/sl_lidar_driver.cpp:[m[K In member function â€˜[01m[Kvirtual sl_result sl::SlamtecLidarDriver::reset(sl_u32)[m[Kâ€™:
[1.924s] [01m[K/home/ubuntu/scootbot/src/sllidar_ros2/sdk/src/sl_lidar_driver.cpp:273:32:[m[K [01;35m[Kwarning: [m[Kunused parameter â€˜[01m[KtimeoutInMs[m[Kâ€™ [[01;35m[K]8;;https://gcc.gnu.org/onlinedocs/gcc/Warning-Options.html#index-Wunused-parameter-Wunused-parameter]8;;[m[K]
[1.924s]   273 |         sl_result reset([01;35m[Ksl_u32 timeoutInMs = DEFAULT_TIMEOUT[m[K)
[1.924s]       |                         [01;35m[K~~~~~~~^~~~~~~~~~~~~~~~~~~~~~~~~~~~~[m[K
[1.926s] [01m[K/home/ubuntu/scootbot/src/sllidar_ros2/sdk/src/sl_lidar_driver.cpp:[m[K In member function â€˜[01m[Kvirtual sl_result sl::SlamtecLidarDriver::getAllSupportedScanModes(std::vector<sl::LidarScanMode>&, sl_u32)[m[Kâ€™:
[1.926s] [01m[K/home/ubuntu/scootbot/src/sllidar_ros2/sdk/src/sl_lidar_driver.cpp:286:89:[m[K [01;35m[Kwarning: [m[Kunused parameter â€˜[01m[KtimeoutInMs[m[Kâ€™ [[01;35m[K]8;;https://gcc.gnu.org/onlinedocs/gcc/Warning-Options.html#index-Wunused-parameter-Wunused-parameter]8;;[m[K]
[1.926s]   286 |         sl_result getAllSupportedScanModes(std::vector<LidarScanMode>& outModes, [01;35m[Ksl_u32 timeoutInMs = DEFAULT_TIMEOUT[m[K)
[1.926s]       |                                                                                  [01;35m[K~~~~~~~^~~~~~~~~~~~~~~~~~~~~~~~~~~~~[m[K
[1.926s] [01m[K/home/ubuntu/scootbot/src/sllidar_ros2/sdk/src/sl_lidar_driver.cpp:[m[K In member function â€˜[01m[Kvirtual sl_result sl::SlamtecLidarDriver::startScan(bool, bool, sl_u32, sl::LidarScanMode*)[m[Kâ€™:
[1.926s] [01m[K/home/ubuntu/scootbot/src/sllidar_ros2/sdk/src/sl_lidar_driver.cpp:347:69:[m[K [01;35m[Kwarning: [m[Kunused parameter â€˜[01m[Koptions[m[Kâ€™ [[01;35m[K]8;;https://gcc.gnu.org/onlinedocs/gcc/Warning-Options.html#index-Wunused-parameter-Wunused-parameter]8;;[m[K]
[1.926s]   347 |         sl_result startScan(bool force, bool useTypicalScan, [01;35m[Ksl_u32 options = 0[m[K, LidarScanMode* outUsedScanMode = nullptr)
[1.926s]       |                                                              [01;35m[K~~~~~~~^~~~~~~~~~~[m[K
[1.928s] [01m[K/home/ubuntu/scootbot/src/sllidar_ros2/sdk/src/sl_lidar_driver.cpp:[m[K In member function â€˜[01m[Kvirtual sl_result sl::SlamtecLidarDriver::stop(sl_u32)[m[Kâ€™:
[1.928s] [01m[K/home/ubuntu/scootbot/src/sllidar_ros2/sdk/src/sl_lidar_driver.cpp:534:31:[m[K [01;35m[Kwarning: [m[Kunused parameter â€˜[01m[Ktimeout[m[Kâ€™ [[01;35m[K]8;;https://gcc.gnu.org/onlinedocs/gcc/Warning-Options.html#index-Wunused-parameter-Wunused-parameter]8;;[m[K]
[1.928s]   534 |         sl_result stop([01;35m[Ksl_u32 timeout = DEFAULT_TIMEOUT[m[K)
[1.928s]       |                        [01;35m[K~~~~~~~^~~~~~~~~~~~~~~~~~~~~~~~~[m[K
[1.928s] [01m[K/home/ubuntu/scootbot/src/sllidar_ros2/sdk/src/sl_lidar_driver.cpp:[m[K In member function â€˜[01m[Kvirtual sl_result sl::SlamtecLidarDriver::getDeviceInfo(sl_lidar_response_device_info_t&, sl_u32)[m[Kâ€™:
[1.928s] [01m[K/home/ubuntu/scootbot/src/sllidar_ros2/sdk/src/sl_lidar_driver.cpp:579:79:[m[K [01;35m[Kwarning: [m[Kunused parameter â€˜[01m[Ktimeout[m[Kâ€™ [[01;35m[K]8;;https://gcc.gnu.org/onlinedocs/gcc/Warning-Options.html#index-Wunused-parameter-Wunused-parameter]8;;[m[K]
[1.928s]   579 |         sl_result getDeviceInfo(sl_lidar_response_device_info_t& info, [01;35m[Ksl_u32 timeout = DEFAULT_TIMEOUT[m[K)
[1.928s]       |                                                                        [01;35m[K~~~~~~~^~~~~~~~~~~~~~~~~~~~~~~~~[m[K
[1.928s] [01m[K/home/ubuntu/scootbot/src/sllidar_ros2/sdk/src/sl_lidar_driver.cpp:[m[K In member function â€˜[01m[Kvirtual sl_result sl::SlamtecLidarDriver::checkMotorCtrlSupport(sl::MotorCtrlSupport&, sl_u32)[m[Kâ€™:
[1.929s] [01m[K/home/ubuntu/scootbot/src/sllidar_ros2/sdk/src/sl_lidar_driver.cpp:592:76:[m[K [01;35m[Kwarning: [m[Kunused parameter â€˜[01m[Ktimeout[m[Kâ€™ [[01;35m[K]8;;https://gcc.gnu.org/onlinedocs/gcc/Warning-Options.html#index-Wunused-parameter-Wunused-parameter]8;;[m[K]
[1.929s]   592 |         sl_result checkMotorCtrlSupport(MotorCtrlSupport & support, [01;35m[Ksl_u32 timeout = DEFAULT_TIMEOUT[m[K)
[1.929s]       |                                                                     [01;35m[K~~~~~~~^~~~~~~~~~~~~~~~~~~~~~~~~[m[K
[1.929s] [01m[K/home/ubuntu/scootbot/src/sllidar_ros2/sdk/src/sl_lidar_driver.cpp:[m[K In member function â€˜[01m[Kvirtual sl_result sl::SlamtecLidarDriver::getFrequency(const sl::LidarScanMode&, const sl_lidar_response_measurement_node_hq_t*, size_t, float&)[m[Kâ€™:
[1.929s] [01m[K/home/ubuntu/scootbot/src/sllidar_ros2/sdk/src/sl_lidar_driver.cpp:627:110:[m[K [01;35m[Kwarning: [m[Kunused parameter â€˜[01m[Knodes[m[Kâ€™ [[01;35m[K]8;;https://gcc.gnu.org/onlinedocs/gcc/Warning-Options.html#index-Wunused-parameter-Wunused-parameter]8;;[m[K]
[1.929s]   627 |         sl_result getFrequency(const LidarScanMode& scanMode, [01;35m[Kconst sl_lidar_response_measurement_node_hq_t* nodes[m[K, size_t count, float& frequency)
[1.929s]       |                                                               [01;35m[K~~~~~~~~~~~~~~~~~~~~~~~~~~~~~~~~~~~~~~~~~~~~~~~^~~~~[m[K
[1.929s] [01m[K/home/ubuntu/scootbot/src/sllidar_ros2/sdk/src/sl_lidar_driver.cpp:[m[K In member function â€˜[01m[Kvirtual sl_result sl::SlamtecLidarDriver::getHealth(sl_lidar_response_device_health_t&, sl_u32)[m[Kâ€™:
[1.929s] [01m[K/home/ubuntu/scootbot/src/sllidar_ros2/sdk/src/sl_lidar_driver.cpp:640:79:[m[K [01;35m[Kwarning: [m[Kunused parameter â€˜[01m[Ktimeout[m[Kâ€™ [[01;35m[K]8;;https://gcc.gnu.org/onlinedocs/gcc/Warning-Options.html#index-Wunused-parameter-Wunused-parameter]8;;[m[K]
[1.929s]   640 |         sl_result getHealth(sl_lidar_response_device_health_t& health, [01;35m[Ksl_u32 timeout = DEFAULT_TIMEOUT[m[K)
[1.929s]       |                                                                        [01;35m[K~~~~~~~^~~~~~~~~~~~~~~~~~~~~~~~~[m[K
[1.930s] [01m[K/home/ubuntu/scootbot/src/sllidar_ros2/sdk/src/sl_lidar_driver.cpp:[m[K In member function â€˜[01m[Kvirtual sl_result sl::SlamtecLidarDriver::getMotorInfo(sl::LidarMotorInfo&, sl_u32)[m[Kâ€™:
[1.930s] [01m[K/home/ubuntu/scootbot/src/sllidar_ros2/sdk/src/sl_lidar_driver.cpp:730:66:[m[K [01;35m[Kwarning: [m[Kunused parameter â€˜[01m[KtimeoutInMs[m[Kâ€™ [[01;35m[K]8;;https://gcc.gnu.org/onlinedocs/gcc/Warning-Options.html#index-Wunused-parameter-Wunused-parameter]8;;[m[K]
[1.930s]   730 |         sl_result getMotorInfo(LidarMotorInfo &motorInfo, [01;35m[Ksl_u32 timeoutInMs[m[K)
[1.930s]       |                                                           [01;35m[K~~~~~~~^~~~~~~~~~~[m[K
[1.933s] [01m[K/home/ubuntu/scootbot/src/sllidar_ros2/sdk/src/sl_lidar_driver.cpp:[m[K In member function â€˜[01m[Ksl_result sl::SlamtecLidarDriver::_sendCommand(sl_u16, const void*, size_t)[m[Kâ€™:
[1.933s] [01m[K/home/ubuntu/scootbot/src/sllidar_ros2/sdk/src/sl_lidar_driver.cpp:1089:35:[m[K [01;35m[Kwarning: [m[Kcomparison of integer expressions of different signedness: â€˜[01m[Kint[m[Kâ€™ and â€˜[01m[Kstd::vector<unsigned char>::size_type[m[Kâ€™ {aka â€˜[01m[Klong unsigned int[m[Kâ€™} [[01;35m[K]8;;https://gcc.gnu.org/onlinedocs/gcc/Warning-Options.html#index-Wsign-compare-Wsign-compare]8;;[m[K]
[1.933s]  1089 |             for (int pos = 0; [01;35m[Kpos < cmd_packet.size()[m[K; pos++) {
[1.933s]       |                               [01;35m[K~~~~^~~~~~~~~~~~~~~~~~~[m[K
[1.933s] [01m[K/home/ubuntu/scootbot/src/sllidar_ros2/sdk/src/sl_lidar_driver.cpp:1058:19:[m[K [01;35m[Kwarning: [m[Kunused variable â€˜[01m[Kpkt_header[m[Kâ€™ [[01;35m[K]8;;https://gcc.gnu.org/onlinedocs/gcc/Warning-Options.html#index-Wunused-variable-Wunused-variable]8;;[m[K]
[1.933s]  1058 |             sl_u8 [01;35m[Kpkt_header[m[K[10];
[1.933s]       |                   [01;35m[K^~~~~~~~~~[m[K
[1.934s] [01m[K/home/ubuntu/scootbot/src/sllidar_ros2/sdk/src/rplidar_driver.cpp:[m[K In member function â€˜[01m[Ku_result rp::standalone::rplidar::RPlidarDriver::connect(const char*, _u32, _u32)[m[Kâ€™:
[1.934s] [01m[K/home/ubuntu/scootbot/src/sllidar_ros2/sdk/src/rplidar_driver.cpp:67:77:[m[K [01;35m[Kwarning: [m[Kunused parameter â€˜[01m[Kflag[m[Kâ€™ [[01;35m[K]8;;https://gcc.gnu.org/onlinedocs/gcc/Warning-Options.html#index-Wunused-parameter-Wunused-parameter]8;;[m[K]
[1.934s]    67 |     u_result RPlidarDriver::connect(const char *path, _u32 portOrBaud, [01;35m[K_u32 flag[m[K)
[1.934s]       |                                                                        [01;35m[K~~~~~^~~~[m[K
[1.934s] [01m[K/home/ubuntu/scootbot/src/sllidar_ros2/sdk/src/rplidar_driver.cpp:[m[K In member function â€˜[01m[Ku_result rp::standalone::rplidar::RPlidarDriver::reset(_u32)[m[Kâ€™:
[1.934s] [01m[K/home/ubuntu/scootbot/src/sllidar_ros2/sdk/src/rplidar_driver.cpp:101:40:[m[K [01;35m[Kwarning: [m[Kunused parameter â€˜[01m[Ktimeout[m[Kâ€™ [[01;35m[K]8;;https://gcc.gnu.org/onlinedocs/gcc/Warning-Options.html#index-Wunused-parameter-Wunused-parameter]8;;[m[K]
[1.934s]   101 |     u_result RPlidarDriver::reset([01;35m[K_u32 timeout[m[K)
[1.934s]       |                                   [01;35m[K~~~~~^~~~~~~[m[K
[1.934s] [01m[K/home/ubuntu/scootbot/src/sllidar_ros2/sdk/src/rplidar_driver.cpp:[m[K In member function â€˜[01m[Ku_result rp::standalone::rplidar::RPlidarDriver::getScanDataWithInterval(rplidar_response_measurement_node_t*, size_t&)[m[Kâ€™:
[1.935s] [01m[K/home/ubuntu/scootbot/src/sllidar_ros2/sdk/src/rplidar_driver.cpp:175:91:[m[K [01;35m[Kwarning: [m[Kunused parameter â€˜[01m[Knodebuffer[m[Kâ€™ [[01;35m[K]8;;https://gcc.gnu.org/onlinedocs/gcc/Warning-Options.html#index-Wunused-parameter-Wunused-parameter]8;;[m[K]
[1.935s]   175 |     u_result RPlidarDriver::getScanDataWithInterval([01;35m[Krplidar_response_measurement_node_t * nodebuffer[m[K, size_t & count)
[1.935s]       |                                                     [01;35m[K~~~~~~~~~~~~~~~~~~~~~~~~~~~~~~~~~~~~~~^~~~~~~~~~[m[K
[1.935s] [01m[K/home/ubuntu/scootbot/src/sllidar_ros2/sdk/src/sl_lidar_driver.cpp:[m[K In member function â€˜[01m[Kvoid sl::SlamtecLidarDriver::_ultraCapsuleToNormal(const sl_lidar_response_ultra_capsule_measurement_nodes_t&, sl_lidar_response_measurement_node_hq_t*, size_t&)[m[Kâ€™:
[1.935s] [01m[K/home/ubuntu/scootbot/src/sllidar_ros2/sdk/src/sl_lidar_driver.cpp:1370:40:[m[K [01;35m[Kwarning: [m[Kcomparison of integer expressions of different signedness: â€˜[01m[Kint[m[Kâ€™ and â€˜[01m[Kunsigned int[m[Kâ€™ [[01;35m[K]8;;https://gcc.gnu.org/onlinedocs/gcc/Warning-Options.html#index-Wsign-compare-Wsign-compare]8;;[m[K]
[1.935s]  1370 |                     if (([01;35m[Kdist_predict1 == 0xFFFFFE00[m[K) || (dist_predict1 == 0x1FF)) {
[1.935s]       |                          [01;35m[K~~~~~~~~~~~~~~^~~~~~~~~~~~~[m[K
[1.935s] [01m[K/home/ubuntu/scootbot/src/sllidar_ros2/sdk/src/rplidar_driver.cpp:175:112:[m[K [01;35m[Kwarning: [m[Kunused parameter â€˜[01m[Kcount[m[Kâ€™ [[01;35m[K]8;;https://gcc.gnu.org/onlinedocs/gcc/Warning-Options.html#index-Wunused-parameter-Wunused-parameter]8;;[m[K]
[1.935s]   175 |     u_result RPlidarDriver::getScanDataWithInterval(rplidar_response_measurement_node_t * nodebuffer, [01;35m[Ksize_t & count[m[K)
[1.935s]       |                                                                                                       [01;35m[K~~~~~~~~~^~~~~[m[K
[1.935s] [01m[K/home/ubuntu/scootbot/src/sllidar_ros2/sdk/src/sl_lidar_driver.cpp:1379:40:[m[K [01;35m[Kwarning: [m[Kcomparison of integer expressions of different signedness: â€˜[01m[Kint[m[Kâ€™ and â€˜[01m[Kunsigned int[m[Kâ€™ [[01;35m[K]8;;https://gcc.gnu.org/onlinedocs/gcc/Warning-Options.html#index-Wsign-compare-Wsign-compare]8;;[m[K]
[1.935s]  1379 |                     if (([01;35m[Kdist_predict2 == 0xFFFFFE00[m[K) || (dist_predict2 == 0x1FF)) {
[1.935s]       |                          [01;35m[K~~~~~~~~~~~~~~^~~~~~~~~~~~~[m[K
[1.936s] [01m[K/home/ubuntu/scootbot/src/sllidar_ros2/sdk/src/sl_lidar_driver.cpp:[m[K In member function â€˜[01m[Kvoid sl::SlamtecLidarDriver::_dense_capsuleToNormal(const sl_lidar_response_capsule_measurement_nodes_t&, sl_lidar_response_measurement_node_hq_t*, size_t&)[m[Kâ€™:
[1.936s] [01m[K/home/ubuntu/scootbot/src/sllidar_ros2/sdk/src/sl_lidar_driver.cpp:1577:38:[m[K [01;35m[Kwarning: [m[Ktype qualifiers ignored on cast result type [[01;35m[K]8;;https://gcc.gnu.org/onlinedocs/gcc/Warning-Options.html#index-Wignored-qualifiers-Wignored-qualifiers]8;;[m[K]
[1.936s]  1577 |                     const int dist = [01;35m[Kstatic_cast<const int>(_cached_previous_dense_capsuledata.cabins[pos].distance)[m[K;
[1.936s]       |                                      [01;35m[K^~~~~~~~~~~~~~~~~~~~~~~~~~~~~~~~~~~~~~~~~~~~~~~~~~~~~~~~~~~~~~~~~~~~~~~~~~~~~~~[m[K
[1.957s] /home/ubuntu/scootbot/src/sllidar_ros2/sdk/src/sl_lidar_driver.cpp: In instantiation of â€˜[01m[Ksl_result sl::ascendScanData_(TNode*, size_t) [with TNode = sl_lidar_response_measurement_node_hq_t; sl_result = unsigned int; size_t = long unsigned int][m[Kâ€™:
[1.957s] [01m[K/home/ubuntu/scootbot/src/sllidar_ros2/sdk/src/sl_lidar_driver.cpp:677:76:[m[K   required from here
[1.957s] [01m[K/home/ubuntu/scootbot/src/sllidar_ros2/sdk/src/sl_lidar_driver.cpp:178:31:[m[K [01;35m[Kwarning: [m[Kcomparison of unsigned expression in â€˜[01m[K>= 0[m[Kâ€™ is always true [[01;35m[K]8;;https://gcc.gnu.org/onlinedocs/gcc/Warning-Options.html#index-Wtype-limits-Wtype-limits]8;;[m[K]
[1.957s]   178 |         for (i = count - 1; [01;35m[Ki >= 0[m[K; i--) {
[1.957s]       |                             [01;35m[K~~^~~~[m[K
[2.006s] [01m[K/home/ubuntu/scootbot/src/sllidar_ros2/sdk/src/sl_lidar_driver.cpp:[m[K At global scope:
[2.006s] [01m[K/home/ubuntu/scootbot/src/sllidar_ros2/sdk/src/sl_lidar_driver.cpp:72:17:[m[K [01;35m[Kwarning: [m[Kâ€˜[01m[Kvoid sl::convert(const sl_lidar_response_measurement_node_hq_t&, sl_lidar_response_measurement_node_t&)[m[Kâ€™ defined but not used [[01;35m[K]8;;https://gcc.gnu.org/onlinedocs/gcc/Warning-Options.html#index-Wunused-function-Wunused-function]8;;[m[K]
[2.006s]    72 |     static void [01;35m[Kconvert[m[K(const sl_lidar_response_measurement_node_hq_t& from, sl_lidar_response_measurement_node_t& to)
[2.006s]       |                 [01;35m[K^~~~~~~[m[K
[2.006s] [01m[K/home/ubuntu/scootbot/src/sllidar_ros2/sdk/src/sl_lidar_driver.cpp:59:17:[m[K [01;35m[Kwarning: [m[Kâ€˜[01m[Kvoid sl::printDeprecationWarn(const char*, const char*)[m[Kâ€™ defined but not used [[01;35m[K]8;;https://gcc.gnu.org/onlinedocs/gcc/Warning-Options.html#index-Wunused-function-Wunused-function]8;;[m[K]
[2.006s]    59 |     static void [01;35m[KprintDeprecationWarn[m[K(const char* fn, const char* replacement)
[2.006s]       |                 [01;35m[K^~~~~~~~~~~~~~~~~~~~[m[K
[3.301s] In file included from [01m[K/home/ubuntu/scootbot/src/sllidar_ros2/./sdk/include/sl_lidar_cmd.h:36[m[K,
[3.302s]                  from [01m[K/home/ubuntu/scootbot/src/sllidar_ros2/./sdk/include/sl_lidar_driver.h:54[m[K,
[3.302s]                  from [01m[K/home/ubuntu/scootbot/src/sllidar_ros2/./sdk/include/sl_lidar.h:36[m[K,
[3.302s]                  from [01m[K/home/ubuntu/scootbot/src/sllidar_ros2/src/sllidar_node.cpp:38[m[K:
[3.302s] [01m[K/home/ubuntu/scootbot/src/sllidar_ros2/./sdk/include/sl_lidar_protocol.h:58:16:[m[K [01;35m[Kwarning: [m[KISO C++ forbids zero-size array â€˜[01m[Kdata[m[Kâ€™ [[01;35m[K]8;;https://gcc.gnu.org/onlinedocs/gcc/Warning-Options.html#index-Wpedantic-Wpedantic]8;;[m[K]
[3.302s]    58 |     sl_u8 data[[01;35m[K0[m[K];
[3.302s]       |                [01;35m[K^[m[K
[3.302s] In file included from [01m[K/home/ubuntu/scootbot/src/sllidar_ros2/./sdk/include/sl_lidar_driver.h:54[m[K,
[3.302s]                  from [01m[K/home/ubuntu/scootbot/src/sllidar_ros2/./sdk/include/sl_lidar.h:36[m[K,
[3.302s]                  from [01m[K/home/ubuntu/scootbot/src/sllidar_ros2/src/sllidar_node.cpp:38[m[K:
[3.302s] [01m[K/home/ubuntu/scootbot/src/sllidar_ros2/./sdk/include/sl_lidar_cmd.h:295:20:[m[K [01;35m[Kwarning: [m[KISO C++ forbids zero-size array â€˜[01m[Kpayload[m[Kâ€™ [[01;35m[K]8;;https://gcc.gnu.org/onlinedocs/gcc/Warning-Options.html#index-Wpedantic-Wpedantic]8;;[m[K]
[3.302s]   295 |     sl_u8  payload[[01;35m[K0[m[K];
[3.302s]       |                    [01;35m[K^[m[K
[3.319s] [01m[K/home/ubuntu/scootbot/src/sllidar_ros2/src/sllidar_node.cpp:[m[K In member function â€˜[01m[Kvoid SLlidarNode::init_param()[m[Kâ€™:
[3.319s] [01m[K/home/ubuntu/scootbot/src/sllidar_ros2/src/sllidar_node.cpp:69:32:[m[K [01;31m[Kerror: [m[Kno matching function for call to â€˜[01m[KSLlidarNode::declare_parameter(const char [13])[m[Kâ€™
[3.319s]    69 |         [01;31m[Kthis->declare_parameter("channel_type")[m[K;
[3.319s]       |         [01;31m[K~~~~~~~~~~~~~~~~~~~~~~~^~~~~~~~~~~~~~~~[m[K
[3.319s] In file included from [01m[K/opt/ros/humble/include/rclcpp/rclcpp/executors/single_threaded_executor.hpp:28[m[K,
[3.320s]                  from [01m[K/opt/ros/humble/include/rclcpp/rclcpp/executors.hpp:22[m[K,
[3.320s]                  from [01m[K/opt/ros/humble/include/rclcpp/rclcpp/rclcpp.hpp:155[m[K,
[3.320s]                  from [01m[K/home/ubuntu/scootbot/src/sllidar_ros2/src/sllidar_node.cpp:35[m[K:
[3.320s] [01m[K/opt/ros/humble/include/rclcpp/rclcpp/node.hpp:421:3:[m[K [01;36m[Knote: [m[Kcandidate: â€˜[01m[Ktemplate<class ParameterT> auto rclcpp::Node::declare_parameter(const string&, const ParameterT&, const ParameterDescriptor&, bool)[m[Kâ€™
[3.320s]   421 |   [01;36m[Kdeclare_parameter[m[K(
[3.320s]       |   [01;36m[K^~~~~~~~~~~~~~~~~[m[K
[3.320s] [01m[K/opt/ros/humble/include/rclcpp/rclcpp/node.hpp:421:3:[m[K [01;36m[Knote: [m[K  template argument deduction/substitution failed:
[3.320s] [01m[K/home/ubuntu/scootbot/src/sllidar_ros2/src/sllidar_node.cpp:69:32:[m[K [01;36m[Knote: [m[K  candidate expects 4 arguments, 1 provided
[3.321s]    69 |         [01;36m[Kthis->declare_parameter("channel_type")[m[K;
[3.321s]       |         [01;36m[K~~~~~~~~~~~~~~~~~~~~~~~^~~~~~~~~~~~~~~~[m[K
[3.322s] In file included from [01m[K/opt/ros/humble/include/rclcpp/rclcpp/executors/single_threaded_executor.hpp:28[m[K,
[3.322s]                  from [01m[K/opt/ros/humble/include/rclcpp/rclcpp/executors.hpp:22[m[K,
[3.322s]                  from [01m[K/opt/ros/humble/include/rclcpp/rclcpp/rclcpp.hpp:155[m[K,
[3.322s]                  from [01m[K/home/ubuntu/scootbot/src/sllidar_ros2/src/sllidar_node.cpp:35[m[K:
[3.322s] [01m[K/opt/ros/humble/include/rclcpp/rclcpp/node.hpp:434:3:[m[K [01;36m[Knote: [m[Kcandidate: â€˜[01m[Ktemplate<class ParameterT> auto rclcpp::Node::declare_parameter(const string&, const ParameterDescriptor&, bool)[m[Kâ€™
[3.322s]   434 |   [01;36m[Kdeclare_parameter[m[K(
[3.322s]       |   [01;36m[K^~~~~~~~~~~~~~~~~[m[K
[3.322s] [01m[K/opt/ros/humble/include/rclcpp/rclcpp/node.hpp:434:3:[m[K [01;36m[Knote: [m[K  template argument deduction/substitution failed:
[3.322s] [01m[K/home/ubuntu/scootbot/src/sllidar_ros2/src/sllidar_node.cpp:69:32:[m[K [01;36m[Knote: [m[K  couldnâ€™t deduce template parameter â€˜[01m[KParameterT[m[Kâ€™
[3.322s]    69 |         [01;36m[Kthis->declare_parameter("channel_type")[m[K;
[3.322s]       |         [01;36m[K~~~~~~~~~~~~~~~~~~~~~~~^~~~~~~~~~~~~~~~[m[K
[3.322s] In file included from [01m[K/opt/ros/humble/include/rclcpp/rclcpp/executors/single_threaded_executor.hpp:28[m[K,
[3.322s]                  from [01m[K/opt/ros/humble/include/rclcpp/rclcpp/executors.hpp:22[m[K,
[3.322s]                  from [01m[K/opt/ros/humble/include/rclcpp/rclcpp/rclcpp.hpp:155[m[K,
[3.322s]                  from [01m[K/home/ubuntu/scootbot/src/sllidar_ros2/src/sllidar_node.cpp:35[m[K:
[3.322s] [01m[K/opt/ros/humble/include/rclcpp/rclcpp/node.hpp:366:3:[m[K [01;36m[Knote: [m[Kcandidate: â€˜[01m[Kconst rclcpp::ParameterValue& rclcpp::Node::declare_parameter(const string&, const rclcpp::ParameterValue&, const ParameterDescriptor&, bool)[m[Kâ€™
[3.323s]   366 |   [01;36m[Kdeclare_parameter[m[K(
[3.323s]       |   [01;36m[K^~~~~~~~~~~~~~~~~[m[K
[3.323s] [01m[K/opt/ros/humble/include/rclcpp/rclcpp/node.hpp:366:3:[m[K [01;36m[Knote: [m[K  candidate expects 4 arguments, 1 provided
[3.323s] [01m[K/opt/ros/humble/include/rclcpp/rclcpp/node.hpp:391:3:[m[K [01;36m[Knote: [m[Kcandidate: â€˜[01m[Kconst rclcpp::ParameterValue& rclcpp::Node::declare_parameter(const string&, rclcpp::ParameterType, const ParameterDescriptor&, bool)[m[Kâ€™
[3.323s]   391 |   [01;36m[Kdeclare_parameter[m[K(
[3.323s]       |   [01;36m[K^~~~~~~~~~~~~~~~~[m[K
[3.323s] [01m[K/opt/ros/humble/include/rclcpp/rclcpp/node.hpp:391:3:[m[K [01;36m[Knote: [m[K  candidate expects 4 arguments, 1 provided
[3.323s] [01m[K/home/ubuntu/scootbot/src/sllidar_ros2/src/sllidar_node.cpp:70:32:[m[K [01;31m[Kerror: [m[Kno matching function for call to â€˜[01m[KSLlidarNode::declare_parameter(const char [7])[m[Kâ€™
[3.323s]    70 |         [01;31m[Kthis->declare_parameter("tcp_ip")[m[K;
[3.323s]       |         [01;31m[K~~~~~~~~~~~~~~~~~~~~~~~^~~~~~~~~~[m[K
[3.323s] In file included from [01m[K/opt/ros/humble/include/rclcpp/rclcpp/executors/single_threaded_executor.hpp:28[m[K,
[3.323s]                  from [01m[K/opt/ros/humble/include/rclcpp/rclcpp/executors.hpp:22[m[K,
[3.323s]                  from [01m[K/opt/ros/humble/include/rclcpp/rclcpp/rclcpp.hpp:155[m[K,
[3.323s]                  from [01m[K/home/ubuntu/scootbot/src/sllidar_ros2/src/sllidar_node.cpp:35[m[K:
[3.323s] [01m[K/opt/ros/humble/include/rclcpp/rclcpp/node.hpp:421:3:[m[K [01;36m[Knote: [m[Kcandidate: â€˜[01m[Ktemplate<class ParameterT> auto rclcpp::Node::declare_parameter(const string&, const ParameterT&, const ParameterDescriptor&, bool)[m[Kâ€™
[3.323s]   421 |   [01;36m[Kdeclare_parameter[m[K(
[3.323s]       |   [01;36m[K^~~~~~~~~~~~~~~~~[m[K
[3.324s] [01m[K/opt/ros/humble/include/rclcpp/rclcpp/node.hpp:421:3:[m[K [01;36m[Knote: [m[K  template argument deduction/substitution failed:
[3.324s] [01m[K/home/ubuntu/scootbot/src/sllidar_ros2/src/sllidar_node.cpp:70:32:[m[K [01;36m[Knote: [m[K  candidate expects 4 arguments, 1 provided
[3.324s]    70 |         [01;36m[Kthis->declare_parameter("tcp_ip")[m[K;
[3.324s]       |         [01;36m[K~~~~~~~~~~~~~~~~~~~~~~~^~~~~~~~~~[m[K
[3.324s] In file included from [01m[K/opt/ros/humble/include/rclcpp/rclcpp/executors/single_threaded_executor.hpp:28[m[K,
[3.324s]                  from [01m[K/opt/ros/humble/include/rclcpp/rclcpp/executors.hpp:22[m[K,
[3.324s]                  from [01m[K/opt/ros/humble/include/rclcpp/rclcpp/rclcpp.hpp:155[m[K,
[3.324s]                  from [01m[K/home/ubuntu/scootbot/src/sllidar_ros2/src/sllidar_node.cpp:35[m[K:
[3.324s] [01m[K/opt/ros/humble/include/rclcpp/rclcpp/node.hpp:434:3:[m[K [01;36m[Knote: [m[Kcandidate: â€˜[01m[Ktemplate<class ParameterT> auto rclcpp::Node::declare_parameter(const string&, const ParameterDescriptor&, bool)[m[Kâ€™
[3.324s]   434 |   [01;36m[Kdeclare_parameter[m[K(
[3.324s]       |   [01;36m[K^~~~~~~~~~~~~~~~~[m[K
[3.324s] [01m[K/opt/ros/humble/include/rclcpp/rclcpp/node.hpp:434:3:[m[K [01;36m[Knote: [m[K  template argument deduction/substitution failed:
[3.324s] [01m[K/home/ubuntu/scootbot/src/sllidar_ros2/src/sllidar_node.cpp:70:32:[m[K [01;36m[Knote: [m[K  couldnâ€™t deduce template parameter â€˜[01m[KParameterT[m[Kâ€™
[3.324s]    70 |         [01;36m[Kthis->declare_parameter("tcp_ip")[m[K;
[3.324s]       |         [01;36m[K~~~~~~~~~~~~~~~~~~~~~~~^~~~~~~~~~[m[K
[3.324s] In file included from [01m[K/opt/ros/humble/include/rclcpp/rclcpp/executors/single_threaded_executor.hpp:28[m[K,
[3.324s]                  from [01m[K/opt/ros/humble/include/rclcpp/rclcpp/executors.hpp:22[m[K,
[3.324s]                  from [01m[K/opt/ros/humble/include/rclcpp/rclcpp/rclcpp.hpp:155[m[K,
[3.325s]                  from [01m[K/home/ubuntu/scootbot/src/sllidar_ros2/src/sllidar_node.cpp:35[m[K:
[3.325s] [01m[K/opt/ros/humble/include/rclcpp/rclcpp/node.hpp:366:3:[m[K [01;36m[Knote: [m[Kcandidate: â€˜[01m[Kconst rclcpp::ParameterValue& rclcpp::Node::declare_parameter(const string&, const rclcpp::ParameterValue&, const ParameterDescriptor&, bool)[m[Kâ€™
[3.325s]   366 |   [01;36m[Kdeclare_parameter[m[K(
[3.325s]       |   [01;36m[K^~~~~~~~~~~~~~~~~[m[K
[3.325s] [01m[K/opt/ros/humble/include/rclcpp/rclcpp/node.hpp:366:3:[m[K [01;36m[Knote: [m[K  candidate expects 4 arguments, 1 provided
[3.325s] [01m[K/opt/ros/humble/include/rclcpp/rclcpp/node.hpp:391:3:[m[K [01;36m[Knote: [m[Kcandidate: â€˜[01m[Kconst rclcpp::ParameterValue& rclcpp::Node::declare_parameter(const string&, rclcpp::ParameterType, const ParameterDescriptor&, bool)[m[Kâ€™
[3.325s]   391 |   [01;36m[Kdeclare_parameter[m[K(
[3.325s]       |   [01;36m[K^~~~~~~~~~~~~~~~~[m[K
[3.325s] [01m[K/opt/ros/humble/include/rclcpp/rclcpp/node.hpp:391:3:[m[K [01;36m[Knote: [m[K  candidate expects 4 arguments, 1 provided
[3.325s] [01m[K/home/ubuntu/scootbot/src/sllidar_ros2/src/sllidar_node.cpp:71:32:[m[K [01;31m[Kerror: [m[Kno matching function for call to â€˜[01m[KSLlidarNode::declare_parameter(const char [9])[m[Kâ€™
[3.325s]    71 |         [01;31m[Kthis->declare_parameter("tcp_port")[m[K;
[3.325s]       |         [01;31m[K~~~~~~~~~~~~~~~~~~~~~~~^~~~~~~~~~~~[m[K
[3.325s] In file included from [01m[K/opt/ros/humble/include/rclcpp/rclcpp/executors/single_threaded_executor.hpp:28[m[K,
[3.325s]                  from [01m[K/opt/ros/humble/include/rclcpp/rclcpp/executors.hpp:22[m[K,
[3.325s]                  from [01m[K/opt/ros/humble/include/rclcpp/rclcpp/rclcpp.hpp:155[m[K,
[3.325s]                  from [01m[K/home/ubuntu/scootbot/src/sllidar_ros2/src/sllidar_node.cpp:35[m[K:
[3.325s] [01m[K/opt/ros/humble/include/rclcpp/rclcpp/node.hpp:421:3:[m[K [01;36m[Knote: [m[Kcandidate: â€˜[01m[Ktemplate<class ParameterT> auto rclcpp::Node::declare_parameter(const string&, const ParameterT&, const ParameterDescriptor&, bool)[m[Kâ€™
[3.326s]   421 |   [01;36m[Kdeclare_parameter[m[K(
[3.326s]       |   [01;36m[K^~~~~~~~~~~~~~~~~[m[K
[3.326s] [01m[K/opt/ros/humble/include/rclcpp/rclcpp/node.hpp:421:3:[m[K [01;36m[Knote: [m[K  template argument deduction/substitution failed:
[3.326s] [01m[K/home/ubuntu/scootbot/src/sllidar_ros2/src/sllidar_node.cpp:71:32:[m[K [01;36m[Knote: [m[K  candidate expects 4 arguments, 1 provided
[3.326s]    71 |         [01;36m[Kthis->declare_parameter("tcp_port")[m[K;
[3.326s]       |         [01;36m[K~~~~~~~~~~~~~~~~~~~~~~~^~~~~~~~~~~~[m[K
[3.326s] In file included from [01m[K/opt/ros/humble/include/rclcpp/rclcpp/executors/single_threaded_executor.hpp:28[m[K,
[3.326s]                  from [01m[K/opt/ros/humble/include/rclcpp/rclcpp/executors.hpp:22[m[K,
[3.326s]                  from [01m[K/opt/ros/humble/include/rclcpp/rclcpp/rclcpp.hpp:155[m[K,
[3.326s]                  from [01m[K/home/ubuntu/scootbot/src/sllidar_ros2/src/sllidar_node.cpp:35[m[K:
[3.326s] [01m[K/opt/ros/humble/include/rclcpp/rclcpp/node.hpp:434:3:[m[K [01;36m[Knote: [m[Kcandidate: â€˜[01m[Ktemplate<class ParameterT> auto rclcpp::Node::declare_parameter(const string&, const ParameterDescriptor&, bool)[m[Kâ€™
[3.326s]   434 |   [01;36m[Kdeclare_parameter[m[K(
[3.326s]       |   [01;36m[K^~~~~~~~~~~~~~~~~[m[K
[3.326s] [01m[K/opt/ros/humble/include/rclcpp/rclcpp/node.hpp:434:3:[m[K [01;36m[Knote: [m[K  template argument deduction/substitution failed:
[3.326s] [01m[K/home/ubuntu/scootbot/src/sllidar_ros2/src/sllidar_node.cpp:71:32:[m[K [01;36m[Knote: [m[K  couldnâ€™t deduce template parameter â€˜[01m[KParameterT[m[Kâ€™
[3.326s]    71 |         [01;36m[Kthis->declare_parameter("tcp_port")[m[K;
[3.326s]       |         [01;36m[K~~~~~~~~~~~~~~~~~~~~~~~^~~~~~~~~~~~[m[K
[3.327s] In file included from [01m[K/opt/ros/humble/include/rclcpp/rclcpp/executors/single_threaded_executor.hpp:28[m[K,
[3.327s]                  from [01m[K/opt/ros/humble/include/rclcpp/rclcpp/executors.hpp:22[m[K,
[3.327s]                  from [01m[K/opt/ros/humble/include/rclcpp/rclcpp/rclcpp.hpp:155[m[K,
[3.327s]                  from [01m[K/home/ubuntu/scootbot/src/sllidar_ros2/src/sllidar_node.cpp:35[m[K:
[3.327s] [01m[K/opt/ros/humble/include/rclcpp/rclcpp/node.hpp:366:3:[m[K [01;36m[Knote: [m[Kcandidate: â€˜[01m[Kconst rclcpp::ParameterValue& rclcpp::Node::declare_parameter(const string&, const rclcpp::ParameterValue&, const ParameterDescriptor&, bool)[m[Kâ€™
[3.327s]   366 |   [01;36m[Kdeclare_parameter[m[K(
[3.327s]       |   [01;36m[K^~~~~~~~~~~~~~~~~[m[K
[3.327s] [01m[K/opt/ros/humble/include/rclcpp/rclcpp/node.hpp:366:3:[m[K [01;36m[Knote: [m[K  candidate expects 4 arguments, 1 provided
[3.327s] [01m[K/opt/ros/humble/include/rclcpp/rclcpp/node.hpp:391:3:[m[K [01;36m[Knote: [m[Kcandidate: â€˜[01m[Kconst rclcpp::ParameterValue& rclcpp::Node::declare_parameter(const string&, rclcpp::ParameterType, const ParameterDescriptor&, bool)[m[Kâ€™
[3.327s]   391 |   [01;36m[Kdeclare_parameter[m[K(
[3.327s]       |   [01;36m[K^~~~~~~~~~~~~~~~~[m[K
[3.327s] [01m[K/opt/ros/humble/include/rclcpp/rclcpp/node.hpp:391:3:[m[K [01;36m[Knote: [m[K  candidate expects 4 arguments, 1 provided
[3.327s] [01m[K/home/ubuntu/scootbot/src/sllidar_ros2/src/sllidar_node.cpp:72:32:[m[K [01;31m[Kerror: [m[Kno matching function for call to â€˜[01m[KSLlidarNode::declare_parameter(const char [7])[m[Kâ€™
[3.327s]    72 |         [01;31m[Kthis->declare_parameter("udp_ip")[m[K;
[3.327s]       |         [01;31m[K~~~~~~~~~~~~~~~~~~~~~~~^~~~~~~~~~[m[K
[3.327s] In file included from [01m[K/opt/ros/humble/include/rclcpp/rclcpp/executors/single_threaded_executor.hpp:28[m[K,
[3.327s]                  from [01m[K/opt/ros/humble/include/rclcpp/rclcpp/executors.hpp:22[m[K,
[3.328s]                  from [01m[K/opt/ros/humble/include/rclcpp/rclcpp/rclcpp.hpp:155[m[K,
[3.328s]                  from [01m[K/home/ubuntu/scootbot/src/sllidar_ros2/src/sllidar_node.cpp:35[m[K:
[3.328s] [01m[K/opt/ros/humble/include/rclcpp/rclcpp/node.hpp:421:3:[m[K [01;36m[Knote: [m[Kcandidate: â€˜[01m[Ktemplate<class ParameterT> auto rclcpp::Node::declare_parameter(const string&, const ParameterT&, const ParameterDescriptor&, bool)[m[Kâ€™
[3.328s]   421 |   [01;36m[Kdeclare_parameter[m[K(
[3.328s]       |   [01;36m[K^~~~~~~~~~~~~~~~~[m[K
[3.328s] [01m[K/opt/ros/humble/include/rclcpp/rclcpp/node.hpp:421:3:[m[K [01;36m[Knote: [m[K  template argument deduction/substitution failed:
[3.328s] [01m[K/home/ubuntu/scootbot/src/sllidar_ros2/src/sllidar_node.cpp:72:32:[m[K [01;36m[Knote: [m[K  candidate expects 4 arguments, 1 provided
[3.328s]    72 |         [01;36m[Kthis->declare_parameter("udp_ip")[m[K;
[3.328s]       |         [01;36m[K~~~~~~~~~~~~~~~~~~~~~~~^~~~~~~~~~[m[K
[3.328s] In file included from [01m[K/opt/ros/humble/include/rclcpp/rclcpp/executors/single_threaded_executor.hpp:28[m[K,
[3.328s]                  from [01m[K/opt/ros/humble/include/rclcpp/rclcpp/executors.hpp:22[m[K,
[3.328s]                  from [01m[K/opt/ros/humble/include/rclcpp/rclcpp/rclcpp.hpp:155[m[K,
[3.328s]                  from [01m[K/home/ubuntu/scootbot/src/sllidar_ros2/src/sllidar_node.cpp:35[m[K:
[3.328s] [01m[K/opt/ros/humble/include/rclcpp/rclcpp/node.hpp:434:3:[m[K [01;36m[Knote: [m[Kcandidate: â€˜[01m[Ktemplate<class ParameterT> auto rclcpp::Node::declare_parameter(const string&, const ParameterDescriptor&, bool)[m[Kâ€™
[3.328s]   434 |   [01;36m[Kdeclare_parameter[m[K(
[3.328s]       |   [01;36m[K^~~~~~~~~~~~~~~~~[m[K
[3.328s] [01m[K/opt/ros/humble/include/rclcpp/rclcpp/node.hpp:434:3:[m[K [01;36m[Knote: [m[K  template argument deduction/substitution failed:
[3.329s] [01m[K/home/ubuntu/scootbot/src/sllidar_ros2/src/sllidar_node.cpp:72:32:[m[K [01;36m[Knote: [m[K  couldnâ€™t deduce template parameter â€˜[01m[KParameterT[m[Kâ€™
[3.329s]    72 |         [01;36m[Kthis->declare_parameter("udp_ip")[m[K;
[3.329s]       |         [01;36m[K~~~~~~~~~~~~~~~~~~~~~~~^~~~~~~~~~[m[K
[3.329s] In file included from [01m[K/opt/ros/humble/include/rclcpp/rclcpp/executors/single_threaded_executor.hpp:28[m[K,
[3.329s]                  from [01m[K/opt/ros/humble/include/rclcpp/rclcpp/executors.hpp:22[m[K,
[3.329s]                  from [01m[K/opt/ros/humble/include/rclcpp/rclcpp/rclcpp.hpp:155[m[K,
[3.329s]                  from [01m[K/home/ubuntu/scootbot/src/sllidar_ros2/src/sllidar_node.cpp:35[m[K:
[3.329s] [01m[K/opt/ros/humble/include/rclcpp/rclcpp/node.hpp:366:3:[m[K [01;36m[Knote: [m[Kcandidate: â€˜[01m[Kconst rclcpp::ParameterValue& rclcpp::Node::declare_parameter(const string&, const rclcpp::ParameterValue&, const ParameterDescriptor&, bool)[m[Kâ€™
[3.329s]   366 |   [01;36m[Kdeclare_parameter[m[K(
[3.329s]       |   [01;36m[K^~~~~~~~~~~~~~~~~[m[K
[3.329s] [01m[K/opt/ros/humble/include/rclcpp/rclcpp/node.hpp:366:3:[m[K [01;36m[Knote: [m[K  candidate expects 4 arguments, 1 provided
[3.329s] [01m[K/opt/ros/humble/include/rclcpp/rclcpp/node.hpp:391:3:[m[K [01;36m[Knote: [m[Kcandidate: â€˜[01m[Kconst rclcpp::ParameterValue& rclcpp::Node::declare_parameter(const string&, rclcpp::ParameterType, const ParameterDescriptor&, bool)[m[Kâ€™
[3.329s]   391 |   [01;36m[Kdeclare_parameter[m[K(
[3.329s]       |   [01;36m[K^~~~~~~~~~~~~~~~~[m[K
[3.329s] [01m[K/opt/ros/humble/include/rclcpp/rclcpp/node.hpp:391:3:[m[K [01;36m[Knote: [m[K  candidate expects 4 arguments, 1 provided
[3.329s] [01m[K/home/ubuntu/scootbot/src/sllidar_ros2/src/sllidar_node.cpp:73:32:[m[K [01;31m[Kerror: [m[Kno matching function for call to â€˜[01m[KSLlidarNode::declare_parameter(const char [9])[m[Kâ€™
[3.329s]    73 |         [01;31m[Kthis->declare_parameter("udp_port")[m[K;
[3.329s]       |         [01;31m[K~~~~~~~~~~~~~~~~~~~~~~~^~~~~~~~~~~~[m[K
[3.330s] In file included from [01m[K/opt/ros/humble/include/rclcpp/rclcpp/executors/single_threaded_executor.hpp:28[m[K,
[3.330s]                  from [01m[K/opt/ros/humble/include/rclcpp/rclcpp/executors.hpp:22[m[K,
[3.330s]                  from [01m[K/opt/ros/humble/include/rclcpp/rclcpp/rclcpp.hpp:155[m[K,
[3.330s]                  from [01m[K/home/ubuntu/scootbot/src/sllidar_ros2/src/sllidar_node.cpp:35[m[K:
[3.330s] [01m[K/opt/ros/humble/include/rclcpp/rclcpp/node.hpp:421:3:[m[K [01;36m[Knote: [m[Kcandidate: â€˜[01m[Ktemplate<class ParameterT> auto rclcpp::Node::declare_parameter(const string&, const ParameterT&, const ParameterDescriptor&, bool)[m[Kâ€™
[3.330s]   421 |   [01;36m[Kdeclare_parameter[m[K(
[3.330s]       |   [01;36m[K^~~~~~~~~~~~~~~~~[m[K
[3.330s] [01m[K/opt/ros/humble/include/rclcpp/rclcpp/node.hpp:421:3:[m[K [01;36m[Knote: [m[K  template argument deduction/substitution failed:
[3.330s] [01m[K/home/ubuntu/scootbot/src/sllidar_ros2/src/sllidar_node.cpp:73:32:[m[K [01;36m[Knote: [m[K  candidate expects 4 arguments, 1 provided
[3.330s]    73 |         [01;36m[Kthis->declare_parameter("udp_port")[m[K;
[3.330s]       |         [01;36m[K~~~~~~~~~~~~~~~~~~~~~~~^~~~~~~~~~~~[m[K
[3.330s] In file included from [01m[K/opt/ros/humble/include/rclcpp/rclcpp/executors/single_threaded_executor.hpp:28[m[K,
[3.330s]                  from [01m[K/opt/ros/humble/include/rclcpp/rclcpp/executors.hpp:22[m[K,
[3.330s]                  from [01m[K/opt/ros/humble/include/rclcpp/rclcpp/rclcpp.hpp:155[m[K,
[3.330s]                  from [01m[K/home/ubuntu/scootbot/src/sllidar_ros2/src/sllidar_node.cpp:35[m[K:
[3.330s] [01m[K/opt/ros/humble/include/rclcpp/rclcpp/node.hpp:434:3:[m[K [01;36m[Knote: [m[Kcandidate: â€˜[01m[Ktemplate<class ParameterT> auto rclcpp::Node::declare_parameter(const string&, const ParameterDescriptor&, bool)[m[Kâ€™
[3.330s]   434 |   [01;36m[Kdeclare_parameter[m[K(
[3.331s]       |   [01;36m[K^~~~~~~~~~~~~~~~~[m[K
[3.331s] [01m[K/opt/ros/humble/include/rclcpp/rclcpp/node.hpp:434:3:[m[K [01;36m[Knote: [m[K  template argument deduction/substitution failed:
[3.331s] [01m[K/home/ubuntu/scootbot/src/sllidar_ros2/src/sllidar_node.cpp:73:32:[m[K [01;36m[Knote: [m[K  couldnâ€™t deduce template parameter â€˜[01m[KParameterT[m[Kâ€™
[3.331s]    73 |         [01;36m[Kthis->declare_parameter("udp_port")[m[K;
[3.331s]       |         [01;36m[K~~~~~~~~~~~~~~~~~~~~~~~^~~~~~~~~~~~[m[K
[3.331s] In file included from [01m[K/opt/ros/humble/include/rclcpp/rclcpp/executors/single_threaded_executor.hpp:28[m[K,
[3.331s]                  from [01m[K/opt/ros/humble/include/rclcpp/rclcpp/executors.hpp:22[m[K,
[3.331s]                  from [01m[K/opt/ros/humble/include/rclcpp/rclcpp/rclcpp.hpp:155[m[K,
[3.331s]                  from [01m[K/home/ubuntu/scootbot/src/sllidar_ros2/src/sllidar_node.cpp:35[m[K:
[3.331s] [01m[K/opt/ros/humble/include/rclcpp/rclcpp/node.hpp:366:3:[m[K [01;36m[Knote: [m[Kcandidate: â€˜[01m[Kconst rclcpp::ParameterValue& rclcpp::Node::declare_parameter(const string&, const rclcpp::ParameterValue&, const ParameterDescriptor&, bool)[m[Kâ€™
[3.331s]   366 |   [01;36m[Kdeclare_parameter[m[K(
[3.331s]       |   [01;36m[K^~~~~~~~~~~~~~~~~[m[K
[3.331s] [01m[K/opt/ros/humble/include/rclcpp/rclcpp/node.hpp:366:3:[m[K [01;36m[Knote: [m[K  candidate expects 4 arguments, 1 provided
[3.331s] [01m[K/opt/ros/humble/include/rclcpp/rclcpp/node.hpp:391:3:[m[K [01;36m[Knote: [m[Kcandidate: â€˜[01m[Kconst rclcpp::ParameterValue& rclcpp::Node::declare_parameter(const string&, rclcpp::ParameterType, const ParameterDescriptor&, bool)[m[Kâ€™
[3.331s]   391 |   [01;36m[Kdeclare_parameter[m[K(
[3.331s]       |   [01;36m[K^~~~~~~~~~~~~~~~~[m[K
[3.331s] [01m[K/opt/ros/humble/include/rclcpp/rclcpp/node.hpp:391:3:[m[K [01;36m[Knote: [m[K  candidate expects 4 arguments, 1 provided
[3.332s] [01m[K/home/ubuntu/scootbot/src/sllidar_ros2/src/sllidar_node.cpp:74:32:[m[K [01;31m[Kerror: [m[Kno matching function for call to â€˜[01m[KSLlidarNode::declare_parameter(const char [12])[m[Kâ€™
[3.332s]    74 |         [01;31m[Kthis->declare_parameter("serial_port")[m[K;
[3.332s]       |         [01;31m[K~~~~~~~~~~~~~~~~~~~~~~~^~~~~~~~~~~~~~~[m[K
[3.332s] In file included from [01m[K/opt/ros/humble/include/rclcpp/rclcpp/executors/single_threaded_executor.hpp:28[m[K,
[3.332s]                  from [01m[K/opt/ros/humble/include/rclcpp/rclcpp/executors.hpp:22[m[K,
[3.332s]                  from [01m[K/opt/ros/humble/include/rclcpp/rclcpp/rclcpp.hpp:155[m[K,
[3.332s]                  from [01m[K/home/ubuntu/scootbot/src/sllidar_ros2/src/sllidar_node.cpp:35[m[K:
[3.332s] [01m[K/opt/ros/humble/include/rclcpp/rclcpp/node.hpp:421:3:[m[K [01;36m[Knote: [m[Kcandidate: â€˜[01m[Ktemplate<class ParameterT> auto rclcpp::Node::declare_parameter(const string&, const ParameterT&, const ParameterDescriptor&, bool)[m[Kâ€™
[3.332s]   421 |   [01;36m[Kdeclare_parameter[m[K(
[3.332s]       |   [01;36m[K^~~~~~~~~~~~~~~~~[m[K
[3.332s] [01m[K/opt/ros/humble/include/rclcpp/rclcpp/node.hpp:421:3:[m[K [01;36m[Knote: [m[K  template argument deduction/substitution failed:
[3.332s] [01m[K/home/ubuntu/scootbot/src/sllidar_ros2/src/sllidar_node.cpp:74:32:[m[K [01;36m[Knote: [m[K  candidate expects 4 arguments, 1 provided
[3.332s]    74 |         [01;36m[Kthis->declare_parameter("serial_port")[m[K;
[3.332s]       |         [01;36m[K~~~~~~~~~~~~~~~~~~~~~~~^~~~~~~~~~~~~~~[m[K
[3.332s] In file included from [01m[K/opt/ros/humble/include/rclcpp/rclcpp/executors/single_threaded_executor.hpp:28[m[K,
[3.332s]                  from [01m[K/opt/ros/humble/include/rclcpp/rclcpp/executors.hpp:22[m[K,
[3.332s]                  from [01m[K/opt/ros/humble/include/rclcpp/rclcpp/rclcpp.hpp:155[m[K,
[3.333s]                  from [01m[K/home/ubuntu/scootbot/src/sllidar_ros2/src/sllidar_node.cpp:35[m[K:
[3.333s] [01m[K/opt/ros/humble/include/rclcpp/rclcpp/node.hpp:434:3:[m[K [01;36m[Knote: [m[Kcandidate: â€˜[01m[Ktemplate<class ParameterT> auto rclcpp::Node::declare_parameter(const string&, const ParameterDescriptor&, bool)[m[Kâ€™
[3.333s]   434 |   [01;36m[Kdeclare_parameter[m[K(
[3.333s]       |   [01;36m[K^~~~~~~~~~~~~~~~~[m[K
[3.333s] [01m[K/opt/ros/humble/include/rclcpp/rclcpp/node.hpp:434:3:[m[K [01;36m[Knote: [m[K  template argument deduction/substitution failed:
[3.333s] [01m[K/home/ubuntu/scootbot/src/sllidar_ros2/src/sllidar_node.cpp:74:32:[m[K [01;36m[Knote: [m[K  couldnâ€™t deduce template parameter â€˜[01m[KParameterT[m[Kâ€™
[3.333s]    74 |         [01;36m[Kthis->declare_parameter("serial_port")[m[K;
[3.333s]       |         [01;36m[K~~~~~~~~~~~~~~~~~~~~~~~^~~~~~~~~~~~~~~[m[K
[3.333s] In file included from [01m[K/opt/ros/humble/include/rclcpp/rclcpp/executors/single_threaded_executor.hpp:28[m[K,
[3.333s]                  from [01m[K/opt/ros/humble/include/rclcpp/rclcpp/executors.hpp:22[m[K,
[3.333s]                  from [01m[K/opt/ros/humble/include/rclcpp/rclcpp/rclcpp.hpp:155[m[K,
[3.333s]                  from [01m[K/home/ubuntu/scootbot/src/sllidar_ros2/src/sllidar_node.cpp:35[m[K:
[3.333s] [01m[K/opt/ros/humble/include/rclcpp/rclcpp/node.hpp:366:3:[m[K [01;36m[Knote: [m[Kcandidate: â€˜[01m[Kconst rclcpp::ParameterValue& rclcpp::Node::declare_parameter(const string&, const rclcpp::ParameterValue&, const ParameterDescriptor&, bool)[m[Kâ€™
[3.333s]   366 |   [01;36m[Kdeclare_parameter[m[K(
[3.333s]       |   [01;36m[K^~~~~~~~~~~~~~~~~[m[K
[3.333s] [01m[K/opt/ros/humble/include/rclcpp/rclcpp/node.hpp:366:3:[m[K [01;36m[Knote: [m[K  candidate expects 4 arguments, 1 provided
[3.333s] [01m[K/opt/ros/humble/include/rclcpp/rclcpp/node.hpp:391:3:[m[K [01;36m[Knote: [m[Kcandidate: â€˜[01m[Kconst rclcpp::ParameterValue& rclcpp::Node::declare_parameter(const string&, rclcpp::ParameterType, const ParameterDescriptor&, bool)[m[Kâ€™
[3.333s]   391 |   [01;36m[Kdeclare_parameter[m[K(
[3.334s]       |   [01;36m[K^~~~~~~~~~~~~~~~~[m[K
[3.334s] [01m[K/opt/ros/humble/include/rclcpp/rclcpp/node.hpp:391:3:[m[K [01;36m[Knote: [m[K  candidate expects 4 arguments, 1 provided
[3.334s] [01m[K/home/ubuntu/scootbot/src/sllidar_ros2/src/sllidar_node.cpp:75:32:[m[K [01;31m[Kerror: [m[Kno matching function for call to â€˜[01m[KSLlidarNode::declare_parameter(const char [16])[m[Kâ€™
[3.334s]    75 |         [01;31m[Kthis->declare_parameter("serial_baudrate")[m[K;
[3.334s]       |         [01;31m[K~~~~~~~~~~~~~~~~~~~~~~~^~~~~~~~~~~~~~~~~~~[m[K
[3.334s] In file included from [01m[K/opt/ros/humble/include/rclcpp/rclcpp/executors/single_threaded_executor.hpp:28[m[K,
[3.334s]                  from [01m[K/opt/ros/humble/include/rclcpp/rclcpp/executors.hpp:22[m[K,
[3.334s]                  from [01m[K/opt/ros/humble/include/rclcpp/rclcpp/rclcpp.hpp:155[m[K,
[3.334s]                  from [01m[K/home/ubuntu/scootbot/src/sllidar_ros2/src/sllidar_node.cpp:35[m[K:
[3.334s] [01m[K/opt/ros/humble/include/rclcpp/rclcpp/node.hpp:421:3:[m[K [01;36m[Knote: [m[Kcandidate: â€˜[01m[Ktemplate<class ParameterT> auto rclcpp::Node::declare_parameter(const string&, const ParameterT&, const ParameterDescriptor&, bool)[m[Kâ€™
[3.334s]   421 |   [01;36m[Kdeclare_parameter[m[K(
[3.334s]       |   [01;36m[K^~~~~~~~~~~~~~~~~[m[K
[3.334s] [01m[K/opt/ros/humble/include/rclcpp/rclcpp/node.hpp:421:3:[m[K [01;36m[Knote: [m[K  template argument deduction/substitution failed:
[3.334s] [01m[K/home/ubuntu/scootbot/src/sllidar_ros2/src/sllidar_node.cpp:75:32:[m[K [01;36m[Knote: [m[K  candidate expects 4 arguments, 1 provided
[3.334s]    75 |         [01;36m[Kthis->declare_parameter("serial_baudrate")[m[K;
[3.334s]       |         [01;36m[K~~~~~~~~~~~~~~~~~~~~~~~^~~~~~~~~~~~~~~~~~~[m[K
[3.334s] In file included from [01m[K/opt/ros/humble/include/rclcpp/rclcpp/executors/single_threaded_executor.hpp:28[m[K,
[3.335s]                  from [01m[K/opt/ros/humble/include/rclcpp/rclcpp/executors.hpp:22[m[K,
[3.335s]                  from [01m[K/opt/ros/humble/include/rclcpp/rclcpp/rclcpp.hpp:155[m[K,
[3.335s]                  from [01m[K/home/ubuntu/scootbot/src/sllidar_ros2/src/sllidar_node.cpp:35[m[K:
[3.335s] [01m[K/opt/ros/humble/include/rclcpp/rclcpp/node.hpp:434:3:[m[K [01;36m[Knote: [m[Kcandidate: â€˜[01m[Ktemplate<class ParameterT> auto rclcpp::Node::declare_parameter(const string&, const ParameterDescriptor&, bool)[m[Kâ€™
[3.335s]   434 |   [01;36m[Kdeclare_parameter[m[K(
[3.335s]       |   [01;36m[K^~~~~~~~~~~~~~~~~[m[K
[3.335s] [01m[K/opt/ros/humble/include/rclcpp/rclcpp/node.hpp:434:3:[m[K [01;36m[Knote: [m[K  template argument deduction/substitution failed:
[3.335s] [01m[K/home/ubuntu/scootbot/src/sllidar_ros2/src/sllidar_node.cpp:75:32:[m[K [01;36m[Knote: [m[K  couldnâ€™t deduce template parameter â€˜[01m[KParameterT[m[Kâ€™
[3.335s]    75 |         [01;36m[Kthis->declare_parameter("serial_baudrate")[m[K;
[3.335s]       |         [01;36m[K~~~~~~~~~~~~~~~~~~~~~~~^~~~~~~~~~~~~~~~~~~[m[K
[3.335s] In file included from [01m[K/opt/ros/humble/include/rclcpp/rclcpp/executors/single_threaded_executor.hpp:28[m[K,
[3.335s]                  from [01m[K/opt/ros/humble/include/rclcpp/rclcpp/executors.hpp:22[m[K,
[3.335s]                  from [01m[K/opt/ros/humble/include/rclcpp/rclcpp/rclcpp.hpp:155[m[K,
[3.335s]                  from [01m[K/home/ubuntu/scootbot/src/sllidar_ros2/src/sllidar_node.cpp:35[m[K:
[3.335s] [01m[K/opt/ros/humble/include/rclcpp/rclcpp/node.hpp:366:3:[m[K [01;36m[Knote: [m[Kcandidate: â€˜[01m[Kconst rclcpp::ParameterValue& rclcpp::Node::declare_parameter(const string&, const rclcpp::ParameterValue&, const ParameterDescriptor&, bool)[m[Kâ€™
[3.335s]   366 |   [01;36m[Kdeclare_parameter[m[K(
[3.335s]       |   [01;36m[K^~~~~~~~~~~~~~~~~[m[K
[3.335s] [01m[K/opt/ros/humble/include/rclcpp/rclcpp/node.hpp:366:3:[m[K [01;36m[Knote: [m[K  candidate expects 4 arguments, 1 provided
[3.336s] [01m[K/opt/ros/humble/include/rclcpp/rclcpp/node.hpp:391:3:[m[K [01;36m[Knote: [m[Kcandidate: â€˜[01m[Kconst rclcpp::ParameterValue& rclcpp::Node::declare_parameter(const string&, rclcpp::ParameterType, const ParameterDescriptor&, bool)[m[Kâ€™
[3.336s]   391 |   [01;36m[Kdeclare_parameter[m[K(
[3.336s]       |   [01;36m[K^~~~~~~~~~~~~~~~~[m[K
[3.336s] [01m[K/opt/ros/humble/include/rclcpp/rclcpp/node.hpp:391:3:[m[K [01;36m[Knote: [m[K  candidate expects 4 arguments, 1 provided
[3.336s] [01m[K/home/ubuntu/scootbot/src/sllidar_ros2/src/sllidar_node.cpp:76:32:[m[K [01;31m[Kerror: [m[Kno matching function for call to â€˜[01m[KSLlidarNode::declare_parameter(const char [9])[m[Kâ€™
[3.336s]    76 |         [01;31m[Kthis->declare_parameter("frame_id")[m[K;
[3.336s]       |         [01;31m[K~~~~~~~~~~~~~~~~~~~~~~~^~~~~~~~~~~~[m[K
[3.336s] In file included from [01m[K/opt/ros/humble/include/rclcpp/rclcpp/executors/single_threaded_executor.hpp:28[m[K,
[3.336s]                  from [01m[K/opt/ros/humble/include/rclcpp/rclcpp/executors.hpp:22[m[K,
[3.336s]                  from [01m[K/opt/ros/humble/include/rclcpp/rclcpp/rclcpp.hpp:155[m[K,
[3.336s]                  from [01m[K/home/ubuntu/scootbot/src/sllidar_ros2/src/sllidar_node.cpp:35[m[K:
[3.336s] [01m[K/opt/ros/humble/include/rclcpp/rclcpp/node.hpp:421:3:[m[K [01;36m[Knote: [m[Kcandidate: â€˜[01m[Ktemplate<class ParameterT> auto rclcpp::Node::declare_parameter(const string&, const ParameterT&, const ParameterDescriptor&, bool)[m[Kâ€™
[3.336s]   421 |   [01;36m[Kdeclare_parameter[m[K(
[3.336s]       |   [01;36m[K^~~~~~~~~~~~~~~~~[m[K
[3.336s] [01m[K/opt/ros/humble/include/rclcpp/rclcpp/node.hpp:421:3:[m[K [01;36m[Knote: [m[K  template argument deduction/substitution failed:
[3.336s] [01m[K/home/ubuntu/scootbot/src/sllidar_ros2/src/sllidar_node.cpp:76:32:[m[K [01;36m[Knote: [m[K  candidate expects 4 arguments, 1 provided
[3.336s]    76 |         [01;36m[Kthis->declare_parameter("frame_id")[m[K;
[3.337s]       |         [01;36m[K~~~~~~~~~~~~~~~~~~~~~~~^~~~~~~~~~~~[m[K
[3.337s] In file included from [01m[K/opt/ros/humble/include/rclcpp/rclcpp/executors/single_threaded_executor.hpp:28[m[K,
[3.337s]                  from [01m[K/opt/ros/humble/include/rclcpp/rclcpp/executors.hpp:22[m[K,
[3.337s]                  from [01m[K/opt/ros/humble/include/rclcpp/rclcpp/rclcpp.hpp:155[m[K,
[3.337s]                  from [01m[K/home/ubuntu/scootbot/src/sllidar_ros2/src/sllidar_node.cpp:35[m[K:
[3.337s] [01m[K/opt/ros/humble/include/rclcpp/rclcpp/node.hpp:434:3:[m[K [01;36m[Knote: [m[Kcandidate: â€˜[01m[Ktemplate<class ParameterT> auto rclcpp::Node::declare_parameter(const string&, const ParameterDescriptor&, bool)[m[Kâ€™
[3.337s]   434 |   [01;36m[Kdeclare_parameter[m[K(
[3.337s]       |   [01;36m[K^~~~~~~~~~~~~~~~~[m[K
[3.337s] [01m[K/opt/ros/humble/include/rclcpp/rclcpp/node.hpp:434:3:[m[K [01;36m[Knote: [m[K  template argument deduction/substitution failed:
[3.337s] [01m[K/home/ubuntu/scootbot/src/sllidar_ros2/src/sllidar_node.cpp:76:32:[m[K [01;36m[Knote: [m[K  couldnâ€™t deduce template parameter â€˜[01m[KParameterT[m[Kâ€™
[3.337s]    76 |         [01;36m[Kthis->declare_parameter("frame_id")[m[K;
[3.337s]       |         [01;36m[K~~~~~~~~~~~~~~~~~~~~~~~^~~~~~~~~~~~[m[K
[3.337s] In file included from [01m[K/opt/ros/humble/include/rclcpp/rclcpp/executors/single_threaded_executor.hpp:28[m[K,
[3.337s]                  from [01m[K/opt/ros/humble/include/rclcpp/rclcpp/executors.hpp:22[m[K,
[3.337s]                  from [01m[K/opt/ros/humble/include/rclcpp/rclcpp/rclcpp.hpp:155[m[K,
[3.337s]                  from [01m[K/home/ubuntu/scootbot/src/sllidar_ros2/src/sllidar_node.cpp:35[m[K:
[3.337s] [01m[K/opt/ros/humble/include/rclcpp/rclcpp/node.hpp:366:3:[m[K [01;36m[Knote: [m[Kcandidate: â€˜[01m[Kconst rclcpp::ParameterValue& rclcpp::Node::declare_parameter(const string&, const rclcpp::ParameterValue&, const ParameterDescriptor&, bool)[m[Kâ€™
[3.338s]   366 |   [01;36m[Kdeclare_parameter[m[K(
[3.338s]       |   [01;36m[K^~~~~~~~~~~~~~~~~[m[K
[3.338s] [01m[K/opt/ros/humble/include/rclcpp/rclcpp/node.hpp:366:3:[m[K [01;36m[Knote: [m[K  candidate expects 4 arguments, 1 provided
[3.338s] [01m[K/opt/ros/humble/include/rclcpp/rclcpp/node.hpp:391:3:[m[K [01;36m[Knote: [m[Kcandidate: â€˜[01m[Kconst rclcpp::ParameterValue& rclcpp::Node::declare_parameter(const string&, rclcpp::ParameterType, const ParameterDescriptor&, bool)[m[Kâ€™
[3.338s]   391 |   [01;36m[Kdeclare_parameter[m[K(
[3.338s]       |   [01;36m[K^~~~~~~~~~~~~~~~~[m[K
[3.338s] [01m[K/opt/ros/humble/include/rclcpp/rclcpp/node.hpp:391:3:[m[K [01;36m[Knote: [m[K  candidate expects 4 arguments, 1 provided
[3.338s] [01m[K/home/ubuntu/scootbot/src/sllidar_ros2/src/sllidar_node.cpp:77:32:[m[K [01;31m[Kerror: [m[Kno matching function for call to â€˜[01m[KSLlidarNode::declare_parameter(const char [9])[m[Kâ€™
[3.338s]    77 |         [01;31m[Kthis->declare_parameter("inverted")[m[K;
[3.338s]       |         [01;31m[K~~~~~~~~~~~~~~~~~~~~~~~^~~~~~~~~~~~[m[K
[3.338s] In file included from [01m[K/opt/ros/humble/include/rclcpp/rclcpp/executors/single_threaded_executor.hpp:28[m[K,
[3.338s]                  from [01m[K/opt/ros/humble/include/rclcpp/rclcpp/executors.hpp:22[m[K,
[3.338s]                  from [01m[K/opt/ros/humble/include/rclcpp/rclcpp/rclcpp.hpp:155[m[K,
[3.338s]                  from [01m[K/home/ubuntu/scootbot/src/sllidar_ros2/src/sllidar_node.cpp:35[m[K:
[3.338s] [01m[K/opt/ros/humble/include/rclcpp/rclcpp/node.hpp:421:3:[m[K [01;36m[Knote: [m[Kcandidate: â€˜[01m[Ktemplate<class ParameterT> auto rclcpp::Node::declare_parameter(const string&, const ParameterT&, const ParameterDescriptor&, bool)[m[Kâ€™
[3.338s]   421 |   [01;36m[Kdeclare_parameter[m[K(
[3.338s]       |   [01;36m[K^~~~~~~~~~~~~~~~~[m[K
[3.338s] [01m[K/opt/ros/humble/include/rclcpp/rclcpp/node.hpp:421:3:[m[K [01;36m[Knote: [m[K  template argument deduction/substitution failed:
[3.339s] [01m[K/home/ubuntu/scootbot/src/sllidar_ros2/src/sllidar_node.cpp:77:32:[m[K [01;36m[Knote: [m[K  candidate expects 4 arguments, 1 provided
[3.339s]    77 |         [01;36m[Kthis->declare_parameter("inverted")[m[K;
[3.339s]       |         [01;36m[K~~~~~~~~~~~~~~~~~~~~~~~^~~~~~~~~~~~[m[K
[3.339s] In file included from [01m[K/opt/ros/humble/include/rclcpp/rclcpp/executors/single_threaded_executor.hpp:28[m[K,
[3.339s]                  from [01m[K/opt/ros/humble/include/rclcpp/rclcpp/executors.hpp:22[m[K,
[3.339s]                  from [01m[K/opt/ros/humble/include/rclcpp/rclcpp/rclcpp.hpp:155[m[K,
[3.339s]                  from [01m[K/home/ubuntu/scootbot/src/sllidar_ros2/src/sllidar_node.cpp:35[m[K:
[3.339s] [01m[K/opt/ros/humble/include/rclcpp/rclcpp/node.hpp:434:3:[m[K [01;36m[Knote: [m[Kcandidate: â€˜[01m[Ktemplate<class ParameterT> auto rclcpp::Node::declare_parameter(const string&, const ParameterDescriptor&, bool)[m[Kâ€™
[3.339s]   434 |   [01;36m[Kdeclare_parameter[m[K(
[3.339s]       |   [01;36m[K^~~~~~~~~~~~~~~~~[m[K
[3.339s] [01m[K/opt/ros/humble/include/rclcpp/rclcpp/node.hpp:434:3:[m[K [01;36m[Knote: [m[K  template argument deduction/substitution failed:
[3.339s] [01m[K/home/ubuntu/scootbot/src/sllidar_ros2/src/sllidar_node.cpp:77:32:[m[K [01;36m[Knote: [m[K  couldnâ€™t deduce template parameter â€˜[01m[KParameterT[m[Kâ€™
[3.339s]    77 |         [01;36m[Kthis->declare_parameter("inverted")[m[K;
[3.339s]       |         [01;36m[K~~~~~~~~~~~~~~~~~~~~~~~^~~~~~~~~~~~[m[K
[3.339s] In file included from [01m[K/opt/ros/humble/include/rclcpp/rclcpp/executors/single_threaded_executor.hpp:28[m[K,
[3.339s]                  from [01m[K/opt/ros/humble/include/rclcpp/rclcpp/executors.hpp:22[m[K,
[3.339s]                  from [01m[K/opt/ros/humble/include/rclcpp/rclcpp/rclcpp.hpp:155[m[K,
[3.340s]                  from [01m[K/home/ubuntu/scootbot/src/sllidar_ros2/src/sllidar_node.cpp:35[m[K:
[3.340s] [01m[K/opt/ros/humble/include/rclcpp/rclcpp/node.hpp:366:3:[m[K [01;36m[Knote: [m[Kcandidate: â€˜[01m[Kconst rclcpp::ParameterValue& rclcpp::Node::declare_parameter(const string&, const rclcpp::ParameterValue&, const ParameterDescriptor&, bool)[m[Kâ€™
[3.340s]   366 |   [01;36m[Kdeclare_parameter[m[K(
[3.340s]       |   [01;36m[K^~~~~~~~~~~~~~~~~[m[K
[3.340s] [01m[K/opt/ros/humble/include/rclcpp/rclcpp/node.hpp:366:3:[m[K [01;36m[Knote: [m[K  candidate expects 4 arguments, 1 provided
[3.340s] [01m[K/opt/ros/humble/include/rclcpp/rclcpp/node.hpp:391:3:[m[K [01;36m[Knote: [m[Kcandidate: â€˜[01m[Kconst rclcpp::ParameterValue& rclcpp::Node::declare_parameter(const string&, rclcpp::ParameterType, const ParameterDescriptor&, bool)[m[Kâ€™
[3.340s]   391 |   [01;36m[Kdeclare_parameter[m[K(
[3.340s]       |   [01;36m[K^~~~~~~~~~~~~~~~~[m[K
[3.340s] [01m[K/opt/ros/humble/include/rclcpp/rclcpp/node.hpp:391:3:[m[K [01;36m[Knote: [m[K  candidate expects 4 arguments, 1 provided
[3.340s] [01m[K/home/ubuntu/scootbot/src/sllidar_ros2/src/sllidar_node.cpp:78:32:[m[K [01;31m[Kerror: [m[Kno matching function for call to â€˜[01m[KSLlidarNode::declare_parameter(const char [17])[m[Kâ€™
[3.340s]    78 |         [01;31m[Kthis->declare_parameter("angle_compensate")[m[K;
[3.340s]       |         [01;31m[K~~~~~~~~~~~~~~~~~~~~~~~^~~~~~~~~~~~~~~~~~~~[m[K
[3.340s] In file included from [01m[K/opt/ros/humble/include/rclcpp/rclcpp/executors/single_threaded_executor.hpp:28[m[K,
[3.340s]                  from [01m[K/opt/ros/humble/include/rclcpp/rclcpp/executors.hpp:22[m[K,
[3.340s]                  from [01m[K/opt/ros/humble/include/rclcpp/rclcpp/rclcpp.hpp:155[m[K,
[3.340s]                  from [01m[K/home/ubuntu/scootbot/src/sllidar_ros2/src/sllidar_node.cpp:35[m[K:
[3.340s] [01m[K/opt/ros/humble/include/rclcpp/rclcpp/node.hpp:421:3:[m[K [01;36m[Knote: [m[Kcandidate: â€˜[01m[Ktemplate<class ParameterT> auto rclcpp::Node::declare_parameter(const string&, const ParameterT&, const ParameterDescriptor&, bool)[m[Kâ€™
[3.340s]   421 |   [01;36m[Kdeclare_parameter[m[K(
[3.341s]       |   [01;36m[K^~~~~~~~~~~~~~~~~[m[K
[3.341s] [01m[K/opt/ros/humble/include/rclcpp/rclcpp/node.hpp:421:3:[m[K [01;36m[Knote: [m[K  template argument deduction/substitution failed:
[3.341s] [01m[K/home/ubuntu/scootbot/src/sllidar_ros2/src/sllidar_node.cpp:78:32:[m[K [01;36m[Knote: [m[K  candidate expects 4 arguments, 1 provided
[3.341s]    78 |         [01;36m[Kthis->declare_parameter("angle_compensate")[m[K;
[3.341s]       |         [01;36m[K~~~~~~~~~~~~~~~~~~~~~~~^~~~~~~~~~~~~~~~~~~~[m[K
[3.341s] In file included from [01m[K/opt/ros/humble/include/rclcpp/rclcpp/executors/single_threaded_executor.hpp:28[m[K,
[3.341s]                  from [01m[K/opt/ros/humble/include/rclcpp/rclcpp/executors.hpp:22[m[K,
[3.341s]                  from [01m[K/opt/ros/humble/include/rclcpp/rclcpp/rclcpp.hpp:155[m[K,
[3.341s]                  from [01m[K/home/ubuntu/scootbot/src/sllidar_ros2/src/sllidar_node.cpp:35[m[K:
[3.341s] [01m[K/opt/ros/humble/include/rclcpp/rclcpp/node.hpp:434:3:[m[K [01;36m[Knote: [m[Kcandidate: â€˜[01m[Ktemplate<class ParameterT> auto rclcpp::Node::declare_parameter(const string&, const ParameterDescriptor&, bool)[m[Kâ€™
[3.341s]   434 |   [01;36m[Kdeclare_parameter[m[K(
[3.341s]       |   [01;36m[K^~~~~~~~~~~~~~~~~[m[K
[3.341s] [01m[K/opt/ros/humble/include/rclcpp/rclcpp/node.hpp:434:3:[m[K [01;36m[Knote: [m[K  template argument deduction/substitution failed:
[3.341s] [01m[K/home/ubuntu/scootbot/src/sllidar_ros2/src/sllidar_node.cpp:78:32:[m[K [01;36m[Knote: [m[K  couldnâ€™t deduce template parameter â€˜[01m[KParameterT[m[Kâ€™
[3.341s]    78 |         [01;36m[Kthis->declare_parameter("angle_compensate")[m[K;
[3.341s]       |         [01;36m[K~~~~~~~~~~~~~~~~~~~~~~~^~~~~~~~~~~~~~~~~~~~[m[K
[3.342s] In file included from [01m[K/opt/ros/humble/include/rclcpp/rclcpp/executors/single_threaded_executor.hpp:28[m[K,
[3.342s]                  from [01m[K/opt/ros/humble/include/rclcpp/rclcpp/executors.hpp:22[m[K,
[3.342s]                  from [01m[K/opt/ros/humble/include/rclcpp/rclcpp/rclcpp.hpp:155[m[K,
[3.342s]                  from [01m[K/home/ubuntu/scootbot/src/sllidar_ros2/src/sllidar_node.cpp:35[m[K:
[3.342s] [01m[K/opt/ros/humble/include/rclcpp/rclcpp/node.hpp:366:3:[m[K [01;36m[Knote: [m[Kcandidate: â€˜[01m[Kconst rclcpp::ParameterValue& rclcpp::Node::declare_parameter(const string&, const rclcpp::ParameterValue&, const ParameterDescriptor&, bool)[m[Kâ€™
[3.342s]   366 |   [01;36m[Kdeclare_parameter[m[K(
[3.342s]       |   [01;36m[K^~~~~~~~~~~~~~~~~[m[K
[3.342s] [01m[K/opt/ros/humble/include/rclcpp/rclcpp/node.hpp:366:3:[m[K [01;36m[Knote: [m[K  candidate expects 4 arguments, 1 provided
[3.342s] [01m[K/opt/ros/humble/include/rclcpp/rclcpp/node.hpp:391:3:[m[K [01;36m[Knote: [m[Kcandidate: â€˜[01m[Kconst rclcpp::ParameterValue& rclcpp::Node::declare_parameter(const string&, rclcpp::ParameterType, const ParameterDescriptor&, bool)[m[Kâ€™
[3.342s]   391 |   [01;36m[Kdeclare_parameter[m[K(
[3.342s]       |   [01;36m[K^~~~~~~~~~~~~~~~~[m[K
[3.342s] [01m[K/opt/ros/humble/include/rclcpp/rclcpp/node.hpp:391:3:[m[K [01;36m[Knote: [m[K  candidate expects 4 arguments, 1 provided
[3.342s] [01m[K/home/ubuntu/scootbot/src/sllidar_ros2/src/sllidar_node.cpp:79:32:[m[K [01;31m[Kerror: [m[Kno matching function for call to â€˜[01m[KSLlidarNode::declare_parameter(const char [10])[m[Kâ€™
[3.342s]    79 |         [01;31m[Kthis->declare_parameter("scan_mode")[m[K;
[3.342s]       |         [01;31m[K~~~~~~~~~~~~~~~~~~~~~~~^~~~~~~~~~~~~[m[K
[3.342s] In file included from [01m[K/opt/ros/humble/include/rclcpp/rclcpp/executors/single_threaded_executor.hpp:28[m[K,
[3.342s]                  from [01m[K/opt/ros/humble/include/rclcpp/rclcpp/executors.hpp:22[m[K,
[3.342s]                  from [01m[K/opt/ros/humble/include/rclcpp/rclcpp/rclcpp.hpp:155[m[K,
[3.343s]                  from [01m[K/home/ubuntu/scootbot/src/sllidar_ros2/src/sllidar_node.cpp:35[m[K:
[3.343s] [01m[K/opt/ros/humble/include/rclcpp/rclcpp/node.hpp:421:3:[m[K [01;36m[Knote: [m[Kcandidate: â€˜[01m[Ktemplate<class ParameterT> auto rclcpp::Node::declare_parameter(const string&, const ParameterT&, const ParameterDescriptor&, bool)[m[Kâ€™
[3.343s]   421 |   [01;36m[Kdeclare_parameter[m[K(
[3.343s]       |   [01;36m[K^~~~~~~~~~~~~~~~~[m[K
[3.343s] [01m[K/opt/ros/humble/include/rclcpp/rclcpp/node.hpp:421:3:[m[K [01;36m[Knote: [m[K  template argument deduction/substitution failed:
[3.343s] [01m[K/home/ubuntu/scootbot/src/sllidar_ros2/src/sllidar_node.cpp:79:32:[m[K [01;36m[Knote: [m[K  candidate expects 4 arguments, 1 provided
[3.343s]    79 |         [01;36m[Kthis->declare_parameter("scan_mode")[m[K;
[3.343s]       |         [01;36m[K~~~~~~~~~~~~~~~~~~~~~~~^~~~~~~~~~~~~[m[K
[3.343s] In file included from [01m[K/opt/ros/humble/include/rclcpp/rclcpp/executors/single_threaded_executor.hpp:28[m[K,
[3.343s]                  from [01m[K/opt/ros/humble/include/rclcpp/rclcpp/executors.hpp:22[m[K,
[3.343s]                  from [01m[K/opt/ros/humble/include/rclcpp/rclcpp/rclcpp.hpp:155[m[K,
[3.343s]                  from [01m[K/home/ubuntu/scootbot/src/sllidar_ros2/src/sllidar_node.cpp:35[m[K:
[3.343s] [01m[K/opt/ros/humble/include/rclcpp/rclcpp/node.hpp:434:3:[m[K [01;36m[Knote: [m[Kcandidate: â€˜[01m[Ktemplate<class ParameterT> auto rclcpp::Node::declare_parameter(const string&, const ParameterDescriptor&, bool)[m[Kâ€™
[3.343s]   434 |   [01;36m[Kdeclare_parameter[m[K(
[3.343s]       |   [01;36m[K^~~~~~~~~~~~~~~~~[m[K
[3.343s] [01m[K/opt/ros/humble/include/rclcpp/rclcpp/node.hpp:434:3:[m[K [01;36m[Knote: [m[K  template argument deduction/substitution failed:
[3.343s] [01m[K/home/ubuntu/scootbot/src/sllidar_ros2/src/sllidar_node.cpp:79:32:[m[K [01;36m[Knote: [m[K  couldnâ€™t deduce template parameter â€˜[01m[KParameterT[m[Kâ€™
[3.343s]    79 |         [01;36m[Kthis->declare_parameter("scan_mode")[m[K;
[3.344s]       |         [01;36m[K~~~~~~~~~~~~~~~~~~~~~~~^~~~~~~~~~~~~[m[K
[3.344s] In file included from [01m[K/opt/ros/humble/include/rclcpp/rclcpp/executors/single_threaded_executor.hpp:28[m[K,
[3.344s]                  from [01m[K/opt/ros/humble/include/rclcpp/rclcpp/executors.hpp:22[m[K,
[3.344s]                  from [01m[K/opt/ros/humble/include/rclcpp/rclcpp/rclcpp.hpp:155[m[K,
[3.344s]                  from [01m[K/home/ubuntu/scootbot/src/sllidar_ros2/src/sllidar_node.cpp:35[m[K:
[3.344s] [01m[K/opt/ros/humble/include/rclcpp/rclcpp/node.hpp:366:3:[m[K [01;36m[Knote: [m[Kcandidate: â€˜[01m[Kconst rclcpp::ParameterValue& rclcpp::Node::declare_parameter(const string&, const rclcpp::ParameterValue&, const ParameterDescriptor&, bool)[m[Kâ€™
[3.344s]   366 |   [01;36m[Kdeclare_parameter[m[K(
[3.344s]       |   [01;36m[K^~~~~~~~~~~~~~~~~[m[K
[3.344s] [01m[K/opt/ros/humble/include/rclcpp/rclcpp/node.hpp:366:3:[m[K [01;36m[Knote: [m[K  candidate expects 4 arguments, 1 provided
[3.344s] [01m[K/opt/ros/humble/include/rclcpp/rclcpp/node.hpp:391:3:[m[K [01;36m[Knote: [m[Kcandidate: â€˜[01m[Kconst rclcpp::ParameterValue& rclcpp::Node::declare_parameter(const string&, rclcpp::ParameterType, const ParameterDescriptor&, bool)[m[Kâ€™
[3.344s]   391 |   [01;36m[Kdeclare_parameter[m[K(
[3.344s]       |   [01;36m[K^~~~~~~~~~~~~~~~~[m[K
[3.344s] [01m[K/opt/ros/humble/include/rclcpp/rclcpp/node.hpp:391:3:[m[K [01;36m[Knote: [m[K  candidate expects 4 arguments, 1 provided
[3.344s] [01m[K/home/ubuntu/scootbot/src/sllidar_ros2/src/sllidar_node.cpp:80:32:[m[K [01;31m[Kerror: [m[Kno matching function for call to â€˜[01m[KSLlidarNode::declare_parameter(const char [15])[m[Kâ€™
[3.344s]    80 |         [01;31m[Kthis->declare_parameter("scan_frequency")[m[K;
[3.344s]       |         [01;31m[K~~~~~~~~~~~~~~~~~~~~~~~^~~~~~~~~~~~~~~~~~[m[K
[3.344s] In file included from [01m[K/opt/ros/humble/include/rclcpp/rclcpp/executors/single_threaded_executor.hpp:28[m[K,
[3.345s]                  from [01m[K/opt/ros/humble/include/rclcpp/rclcpp/executors.hpp:22[m[K,
[3.345s]                  from [01m[K/opt/ros/humble/include/rclcpp/rclcpp/rclcpp.hpp:155[m[K,
[3.345s]                  from [01m[K/home/ubuntu/scootbot/src/sllidar_ros2/src/sllidar_node.cpp:35[m[K:
[3.345s] [01m[K/opt/ros/humble/include/rclcpp/rclcpp/node.hpp:421:3:[m[K [01;36m[Knote: [m[Kcandidate: â€˜[01m[Ktemplate<class ParameterT> auto rclcpp::Node::declare_parameter(const string&, const ParameterT&, const ParameterDescriptor&, bool)[m[Kâ€™
[3.345s]   421 |   [01;36m[Kdeclare_parameter[m[K(
[3.345s]       |   [01;36m[K^~~~~~~~~~~~~~~~~[m[K
[3.345s] [01m[K/opt/ros/humble/include/rclcpp/rclcpp/node.hpp:421:3:[m[K [01;36m[Knote: [m[K  template argument deduction/substitution failed:
[3.345s] [01m[K/home/ubuntu/scootbot/src/sllidar_ros2/src/sllidar_node.cpp:80:32:[m[K [01;36m[Knote: [m[K  candidate expects 4 arguments, 1 provided
[3.345s]    80 |         [01;36m[Kthis->declare_parameter("scan_frequency")[m[K;
[3.345s]       |         [01;36m[K~~~~~~~~~~~~~~~~~~~~~~~^~~~~~~~~~~~~~~~~~[m[K
[3.345s] In file included from [01m[K/opt/ros/humble/include/rclcpp/rclcpp/executors/single_threaded_executor.hpp:28[m[K,
[3.345s]                  from [01m[K/opt/ros/humble/include/rclcpp/rclcpp/executors.hpp:22[m[K,
[3.345s]                  from [01m[K/opt/ros/humble/include/rclcpp/rclcpp/rclcpp.hpp:155[m[K,
[3.345s]                  from [01m[K/home/ubuntu/scootbot/src/sllidar_ros2/src/sllidar_node.cpp:35[m[K:
[3.345s] [01m[K/opt/ros/humble/include/rclcpp/rclcpp/node.hpp:434:3:[m[K [01;36m[Knote: [m[Kcandidate: â€˜[01m[Ktemplate<class ParameterT> auto rclcpp::Node::declare_parameter(const string&, const ParameterDescriptor&, bool)[m[Kâ€™
[3.345s]   434 |   [01;36m[Kdeclare_parameter[m[K(
[3.345s]       |   [01;36m[K^~~~~~~~~~~~~~~~~[m[K
[3.346s] [01m[K/opt/ros/humble/include/rclcpp/rclcpp/node.hpp:434:3:[m[K [01;36m[Knote: [m[K  template argument deduction/substitution failed:
[3.346s] [01m[K/home/ubuntu/scootbot/src/sllidar_ros2/src/sllidar_node.cpp:80:32:[m[K [01;36m[Knote: [m[K  couldnâ€™t deduce template parameter â€˜[01m[KParameterT[m[Kâ€™
[3.346s]    80 |         [01;36m[Kthis->declare_parameter("scan_frequency")[m[K;
[3.346s]       |         [01;36m[K~~~~~~~~~~~~~~~~~~~~~~~^~~~~~~~~~~~~~~~~~[m[K
[3.346s] In file included from [01m[K/opt/ros/humble/include/rclcpp/rclcpp/executors/single_threaded_executor.hpp:28[m[K,
[3.346s]                  from [01m[K/opt/ros/humble/include/rclcpp/rclcpp/executors.hpp:22[m[K,
[3.346s]                  from [01m[K/opt/ros/humble/include/rclcpp/rclcpp/rclcpp.hpp:155[m[K,
[3.346s]                  from [01m[K/home/ubuntu/scootbot/src/sllidar_ros2/src/sllidar_node.cpp:35[m[K:
[3.346s] [01m[K/opt/ros/humble/include/rclcpp/rclcpp/node.hpp:366:3:[m[K [01;36m[Knote: [m[Kcandidate: â€˜[01m[Kconst rclcpp::ParameterValue& rclcpp::Node::declare_parameter(const string&, const rclcpp::ParameterValue&, const ParameterDescriptor&, bool)[m[Kâ€™
[3.346s]   366 |   [01;36m[Kdeclare_parameter[m[K(
[3.346s]       |   [01;36m[K^~~~~~~~~~~~~~~~~[m[K
[3.346s] [01m[K/opt/ros/humble/include/rclcpp/rclcpp/node.hpp:366:3:[m[K [01;36m[Knote: [m[K  candidate expects 4 arguments, 1 provided
[3.346s] [01m[K/opt/ros/humble/include/rclcpp/rclcpp/node.hpp:391:3:[m[K [01;36m[Knote: [m[Kcandidate: â€˜[01m[Kconst rclcpp::ParameterValue& rclcpp::Node::declare_parameter(const string&, rclcpp::ParameterType, const ParameterDescriptor&, bool)[m[Kâ€™
[3.346s]   391 |   [01;36m[Kdeclare_parameter[m[K(
[3.346s]       |   [01;36m[K^~~~~~~~~~~~~~~~~[m[K
[3.346s] [01m[K/opt/ros/humble/include/rclcpp/rclcpp/node.hpp:391:3:[m[K [01;36m[Knote: [m[K  candidate expects 4 arguments, 1 provided
[4.036s] [01m[K/home/ubuntu/scootbot/src/sllidar_ros2/src/sllidar_node.cpp:[m[K In member function â€˜[01m[Kbool SLlidarNode::checkSLLIDARHealth(sl::ILidarDriver*)[m[Kâ€™:
[4.036s] [01m[K/home/ubuntu/scootbot/src/sllidar_ros2/src/sllidar_node.cpp:147:5:[m[K [01;35m[Kwarning: [m[Kcontrol reaches end of non-void function [[01;35m[K]8;;https://gcc.gnu.org/onlinedocs/gcc/Warning-Options.html#index-Wreturn-type-Wreturn-type]8;;[m[K]
[4.036s]   147 |     [01;35m[K}[m[K
[4.037s]       |     [01;35m[K^[m[K
[4.087s] make[2]: *** [CMakeFiles/sllidar_node.dir/build.make:76: CMakeFiles/sllidar_node.dir/src/sllidar_node.cpp.o] Error 1
[4.088s] make[1]: *** [CMakeFiles/Makefile2:139: CMakeFiles/sllidar_node.dir/all] Error 2
[4.088s] make[1]: *** Waiting for unfinished jobs....
[7.836s] [ 92%] [32m[1mLinking CXX executable sllidar_client[0m
[8.093s] [ 92%] Built target sllidar_client
[8.094s] make: *** [Makefile:146: all] Error 2
[8.095s] Invoked command in '/home/ubuntu/scootbot/build/sllidar_ros2' returned '2': CMAKE_PREFIX_PATH=/home/ubuntu/scootbot/install/sllidar_ros2:/home/ubuntu/scootbot/install/scootbot_sim:/home/ubuntu/scootbot/install/scootbot_description:/home/teknetik/ros2_ws/install/scootbot_description:/home/teknetik/ros2_ws/install/ros2_imu_filter_madgwick:/home/ubuntu/scootbot/install/sabertooth:/home/ubuntu/scootbot/install/joy_cmd:/home/ubuntu/scootbot/install/differential_drive:/home/teknetik/ros2_ws/install/saber:/home/teknetik/ros2_ws/install/joystick_ros2:/home/teknetik/ros2_ws/install/differential_drive:/opt/ros/humble:/home/teknetik/ros2_ws/install/rf2o_laser_odometry:/home/teknetik/ros2_ws/install/my_box_bot_gazebo /usr/bin/cmake --build /home/ubuntu/scootbot/build/sllidar_ros2 -- -j20 -l20
