[01m[Kcc1plus:[m[K [01;31m[Kfatal error: [m[K/home/ubuntu/scootbot/3.0.0/src/rplidar_ros2/src/client.cpp: No such file or directory
compilation terminated.
gmake[2]: *** [CMakeFiles/rplidarNodeClient.dir/build.make:76: CMakeFiles/rplidarNodeClient.dir/src/client.cpp.o] Error 1
gmake[1]: *** [CMakeFiles/Makefile2:195: CMakeFiles/rplidarNodeClient.dir/all] Error 2
gmake[1]: *** Waiting for unfinished jobs....
[01m[Kcc1plus:[m[K [01;31m[Kfatal error: [m[K/home/ubuntu/scootbot/3.0.0/src/rplidar_ros2/src/node.cpp: No such file or directory
compilation terminated.
gmake[2]: *** [CMakeFiles/rplidarNode.dir/build.make:76: CMakeFiles/rplidarNode.dir/src/node.cpp.o] Error 1
gmake[2]: *** Waiting for unfinished jobs....
In file included from [01m[K/home/ubuntu/scootbot/3.0.0/src/rplidar_ros2/./sdk/include/rplidar.h:39[m[K,
                 from [01m[K/home/ubuntu/scootbot/3.0.0/src/rplidar_ros2/./sdk/src/sdkcommon.h:48[m[K,
                 from [01m[K/home/ubuntu/scootbot/3.0.0/src/rplidar_ros2/sdk/src/arch/linux/net_socket.cpp:10[m[K:
[01m[K/home/ubuntu/scootbot/3.0.0/src/rplidar_ros2/./sdk/include/rplidar_protocol.h:59:14:[m[K [01;35m[Kwarning: [m[KISO C++ forbids zero-size array â€˜[01m[Kdata[m[Kâ€™ [[01;35m[K]8;;https://gcc.gnu.org/onlinedocs/gcc/Warning-Options.html#index-Wpedantic-Wpedantic]8;;[m[K]
   59 |     _u8 data[[01;35m[K0[m[K];
      |              [01;35m[K^[m[K
In file included from [01m[K/home/ubuntu/scootbot/3.0.0/src/rplidar_ros2/./sdk/include/rplidar.h:40[m[K,
                 from [01m[K/home/ubuntu/scootbot/3.0.0/src/rplidar_ros2/./sdk/src/sdkcommon.h:48[m[K,
                 from [01m[K/home/ubuntu/scootbot/3.0.0/src/rplidar_ros2/sdk/src/arch/linux/net_socket.cpp:10[m[K:
[01m[K/home/ubuntu/scootbot/3.0.0/src/rplidar_ros2/./sdk/include/rplidar_cmd.h:260:18:[m[K [01;35m[Kwarning: [m[KISO C++ forbids zero-size array â€˜[01m[Kpayload[m[Kâ€™ [[01;35m[K]8;;https://gcc.gnu.org/onlinedocs/gcc/Warning-Options.html#index-Wpedantic-Wpedantic]8;;[m[K]
  260 |     _u8  payload[[01;35m[K0[m[K];
      |                  [01;35m[K^[m[K
[01m[K/home/ubuntu/scootbot/3.0.0/src/rplidar_ros2/sdk/src/arch/linux/net_socket.cpp:[m[K In member function â€˜[01m[Kvirtual u_result rp::arch::net::StreamSocketImpl::send(const void*, size_t)[m[Kâ€™:
[01m[K/home/ubuntu/scootbot/3.0.0/src/rplidar_ros2/sdk/src/arch/linux/net_socket.cpp:438:17:[m[K [01;35m[Kwarning: [m[Kcomparison of integer expressions of different signedness: â€˜[01m[Ksize_t[m[Kâ€™ {aka â€˜[01m[Klong unsigned int[m[Kâ€™} and â€˜[01m[Kint[m[Kâ€™ [[01;35m[K]8;;https://gcc.gnu.org/onlinedocs/gcc/Warning-Options.html#index-Wsign-compare-Wsign-compare]8;;[m[K]
  438 |         if ([01;35m[Kans == (int)len[m[K) {
      |             [01;35m[K~~~~^~~~~~~~~~~[m[K
In file included from [01m[K/home/ubuntu/scootbot/3.0.0/src/rplidar_ros2/./sdk/src/arch/linux/arch_linux.h:42[m[K,
                 from [01m[K/home/ubuntu/scootbot/3.0.0/src/rplidar_ros2/./sdk/src/sdkcommon.h:40[m[K,
                 from [01m[K/home/ubuntu/scootbot/3.0.0/src/rplidar_ros2/sdk/src/arch/linux/net_socket.cpp:10[m[K:
[01m[K/home/ubuntu/scootbot/3.0.0/src/rplidar_ros2/sdk/src/arch/linux/net_socket.cpp:[m[K In member function â€˜[01m[Kvirtual u_result rp::arch::net::DGramSocketImpl::sendTo(const rp::net::SocketAddress&, const void*, size_t)[m[Kâ€™:
[01m[K/home/ubuntu/scootbot/3.0.0/src/rplidar_ros2/sdk/src/arch/linux/net_socket.cpp:726:24:[m[K [01;35m[Kwarning: [m[Kcomparison of integer expressions of different signedness: â€˜[01m[Ksize_t[m[Kâ€™ {aka â€˜[01m[Klong unsigned int[m[Kâ€™} and â€˜[01m[Kint[m[Kâ€™ [[01;35m[K]8;;https://gcc.gnu.org/onlinedocs/gcc/Warning-Options.html#index-Wsign-compare-Wsign-compare]8;;[m[K]
  726 |             assert([01;35m[Kans == (int)len[m[K);
      |                    [01;35m[K~~~~^~~~~~~~~~~[m[K
gmake[1]: *** [CMakeFiles/Makefile2:169: CMakeFiles/rplidarNode.dir/all] Error 2
gmake: *** [Makefile:146: all] Error 2
