[0.044s] Invoking command in '/home/ubuntu/scootbot/3.0.0/build/rplidar_ros': CMAKE_PREFIX_PATH=/home/ubuntu/scootbot/3.0.0/install/twist_mux:/home/ubuntu/scootbot/3.0.0/install/diffdrive_arduino:/opt/ros/humble:/home/ubuntu/scootbot/3.0.0/install/serial:/home/ubuntu/scootbot/3.0.0/install/scootbot:/home/ubuntu/scootbot/3.0.0/install/rplidar_ros /usr/bin/cmake --build /home/ubuntu/scootbot/3.0.0/build/rplidar_ros -- -j4 -l4
[0.174s] [35m[1mConsolidate compiler generated dependencies of target rplidar_composition_node[0m
[0.195s] [35m[1mConsolidate compiler generated dependencies of target rplidarNodeClient[0m
[0.200s] [35m[1mConsolidate compiler generated dependencies of target rplidarNode[0m
[0.294s] [  5%] [32m[1mLinking CXX shared library librplidar_composition_node.so[0m
[0.306s] [ 11%] [32mBuilding CXX object CMakeFiles/rplidarNode.dir/sdk/src/arch/linux/net_socket.cpp.o[0m
[0.319s] [ 16%] [32mBuilding CXX object CMakeFiles/rplidarNodeClient.dir/src/client.cpp.o[0m
[0.342s] [ 22%] [32mBuilding CXX object CMakeFiles/rplidarNode.dir/src/node.cpp.o[0m
[0.353s] [01m[Kcc1plus:[m[K [01;31m[Kfatal error: [m[K/home/ubuntu/scootbot/3.0.0/src/rplidar_ros2/src/client.cpp: No such file or directory
[0.354s] compilation terminated.
[0.354s] gmake[2]: *** [CMakeFiles/rplidarNodeClient.dir/build.make:76: CMakeFiles/rplidarNodeClient.dir/src/client.cpp.o] Error 1
[0.354s] gmake[1]: *** [CMakeFiles/Makefile2:195: CMakeFiles/rplidarNodeClient.dir/all] Error 2
[0.355s] gmake[1]: *** Waiting for unfinished jobs....
[0.380s] [01m[Kcc1plus:[m[K [01;31m[Kfatal error: [m[K/home/ubuntu/scootbot/3.0.0/src/rplidar_ros2/src/node.cpp: No such file or directory
[0.380s] [ 27%] [32mBuilding CXX object CMakeFiles/rplidarNode.dir/sdk/src/arch/linux/timer.cpp.o[0m
[0.380s] compilation terminated.
[0.381s] gmake[2]: *** [CMakeFiles/rplidarNode.dir/build.make:76: CMakeFiles/rplidarNode.dir/src/node.cpp.o] Error 1
[0.382s] gmake[2]: *** Waiting for unfinished jobs....
[1.554s] [ 61%] Built target rplidar_composition_node
[1.969s] In file included from [01m[K/home/ubuntu/scootbot/3.0.0/src/rplidar_ros2/./sdk/include/rplidar.h:39[m[K,
[1.970s]                  from [01m[K/home/ubuntu/scootbot/3.0.0/src/rplidar_ros2/./sdk/src/sdkcommon.h:48[m[K,
[1.970s]                  from [01m[K/home/ubuntu/scootbot/3.0.0/src/rplidar_ros2/sdk/src/arch/linux/net_socket.cpp:10[m[K:
[1.970s] [01m[K/home/ubuntu/scootbot/3.0.0/src/rplidar_ros2/./sdk/include/rplidar_protocol.h:59:14:[m[K [01;35m[Kwarning: [m[KISO C++ forbids zero-size array â€˜[01m[Kdata[m[Kâ€™ [[01;35m[K]8;;https://gcc.gnu.org/onlinedocs/gcc/Warning-Options.html#index-Wpedantic-Wpedantic]8;;[m[K]
[1.971s]    59 |     _u8 data[[01;35m[K0[m[K];
[1.971s]       |              [01;35m[K^[m[K
[1.972s] In file included from [01m[K/home/ubuntu/scootbot/3.0.0/src/rplidar_ros2/./sdk/include/rplidar.h:40[m[K,
[1.972s]                  from [01m[K/home/ubuntu/scootbot/3.0.0/src/rplidar_ros2/./sdk/src/sdkcommon.h:48[m[K,
[1.972s]                  from [01m[K/home/ubuntu/scootbot/3.0.0/src/rplidar_ros2/sdk/src/arch/linux/net_socket.cpp:10[m[K:
[1.973s] [01m[K/home/ubuntu/scootbot/3.0.0/src/rplidar_ros2/./sdk/include/rplidar_cmd.h:260:18:[m[K [01;35m[Kwarning: [m[KISO C++ forbids zero-size array â€˜[01m[Kpayload[m[Kâ€™ [[01;35m[K]8;;https://gcc.gnu.org/onlinedocs/gcc/Warning-Options.html#index-Wpedantic-Wpedantic]8;;[m[K]
[1.973s]   260 |     _u8  payload[[01;35m[K0[m[K];
[1.973s]       |                  [01;35m[K^[m[K
[2.010s] [01m[K/home/ubuntu/scootbot/3.0.0/src/rplidar_ros2/sdk/src/arch/linux/net_socket.cpp:[m[K In member function â€˜[01m[Kvirtual u_result rp::arch::net::StreamSocketImpl::send(const void*, size_t)[m[Kâ€™:
[2.011s] [01m[K/home/ubuntu/scootbot/3.0.0/src/rplidar_ros2/sdk/src/arch/linux/net_socket.cpp:438:17:[m[K [01;35m[Kwarning: [m[Kcomparison of integer expressions of different signedness: â€˜[01m[Ksize_t[m[Kâ€™ {aka â€˜[01m[Klong unsigned int[m[Kâ€™} and â€˜[01m[Kint[m[Kâ€™ [[01;35m[K]8;;https://gcc.gnu.org/onlinedocs/gcc/Warning-Options.html#index-Wsign-compare-Wsign-compare]8;;[m[K]
[2.011s]   438 |         if ([01;35m[Kans == (int)len[m[K) {
[2.011s]       |             [01;35m[K~~~~^~~~~~~~~~~[m[K
[2.024s] In file included from [01m[K/home/ubuntu/scootbot/3.0.0/src/rplidar_ros2/./sdk/src/arch/linux/arch_linux.h:42[m[K,
[2.024s]                  from [01m[K/home/ubuntu/scootbot/3.0.0/src/rplidar_ros2/./sdk/src/sdkcommon.h:40[m[K,
[2.025s]                  from [01m[K/home/ubuntu/scootbot/3.0.0/src/rplidar_ros2/sdk/src/arch/linux/net_socket.cpp:10[m[K:
[2.025s] [01m[K/home/ubuntu/scootbot/3.0.0/src/rplidar_ros2/sdk/src/arch/linux/net_socket.cpp:[m[K In member function â€˜[01m[Kvirtual u_result rp::arch::net::DGramSocketImpl::sendTo(const rp::net::SocketAddress&, const void*, size_t)[m[Kâ€™:
[2.026s] [01m[K/home/ubuntu/scootbot/3.0.0/src/rplidar_ros2/sdk/src/arch/linux/net_socket.cpp:726:24:[m[K [01;35m[Kwarning: [m[Kcomparison of integer expressions of different signedness: â€˜[01m[Ksize_t[m[Kâ€™ {aka â€˜[01m[Klong unsigned int[m[Kâ€™} and â€˜[01m[Kint[m[Kâ€™ [[01;35m[K]8;;https://gcc.gnu.org/onlinedocs/gcc/Warning-Options.html#index-Wsign-compare-Wsign-compare]8;;[m[K]
[2.027s]   726 |             assert([01;35m[Kans == (int)len[m[K);
[2.027s]       |                    [01;35m[K~~~~^~~~~~~~~~~[m[K
[2.465s] gmake[1]: *** [CMakeFiles/Makefile2:169: CMakeFiles/rplidarNode.dir/all] Error 2
[2.465s] gmake: *** [Makefile:146: all] Error 2
[2.469s] Invoked command in '/home/ubuntu/scootbot/3.0.0/build/rplidar_ros' returned '2': CMAKE_PREFIX_PATH=/home/ubuntu/scootbot/3.0.0/install/twist_mux:/home/ubuntu/scootbot/3.0.0/install/diffdrive_arduino:/opt/ros/humble:/home/ubuntu/scootbot/3.0.0/install/serial:/home/ubuntu/scootbot/3.0.0/install/scootbot:/home/ubuntu/scootbot/3.0.0/install/rplidar_ros /usr/bin/cmake --build /home/ubuntu/scootbot/3.0.0/build/rplidar_ros -- -j4 -l4
