[0.038s] Invoking command in '/home/ubuntu/scootbot/3.0.0/build/diffdrive_arduino': AMENT_PREFIX_PATH=/home/ubuntu/scootbot/3.0.0/install/serial:${AMENT_PREFIX_PATH} CMAKE_PREFIX_PATH=/home/ubuntu/scootbot/3.0.0/install/serial:/opt/ros/humble LD_LIBRARY_PATH=/home/ubuntu/scootbot/3.0.0/install/serial/lib:${LD_LIBRARY_PATH} /usr/bin/cmake --build /home/ubuntu/scootbot/3.0.0/build/diffdrive_arduino -- -j4 -l4
[0.111s] [35m[1mConsolidate compiler generated dependencies of target diffdrive_arduino[0m
[0.145s] [ 42%] Built target fake_robot
[0.163s] [ 57%] [32mBuilding CXX object CMakeFiles/diffdrive_arduino.dir/src/arduino_comms.cpp.o[0m
[0.687s] [01m[K/home/ubuntu/scootbot/3.0.0/src/diffdrive_arduino/src/arduino_comms.cpp:32:26:[m[K [01;35m[Kwarning: [m[Kcharacter constant too long for its type
[0.688s]    32 |     std::string motor1 = [01;35m[K'1,P123'[m[K
[0.688s]       |                          [01;35m[K^~~~~~~~[m[K
[0.688s] [01m[K/home/ubuntu/scootbot/3.0.0/src/diffdrive_arduino/src/arduino_comms.cpp:33:26:[m[K [01;35m[Kwarning: [m[Kcharacter constant too long for its type
[0.688s]    33 |     std::string motor2 = [01;35m[K'2,P567'[m[K
[0.689s]       |                          [01;35m[K^~~~~~~~[m[K
[5.548s] [01m[K/home/ubuntu/scootbot/3.0.0/src/diffdrive_arduino/src/arduino_comms.cpp:[m[K In member function â€˜[01m[Kvoid ArduinoComms::readEncoderValues(int&, int&)[m[Kâ€™:
[5.549s] [01m[K/home/ubuntu/scootbot/3.0.0/src/diffdrive_arduino/src/arduino_comms.cpp:32:26:[m[K [01;31m[Kerror: [m[Kconversion from â€˜[01m[Kint[m[Kâ€™ to non-scalar type â€˜[01m[Kstd::string[m[Kâ€™ {aka â€˜[01m[Kstd::__cxx11::basic_string<char>[m[Kâ€™} requested
[5.549s]    32 |     std::string motor1 = [01;31m[K'1,P123'[m[K
[5.549s]       |                          [01;31m[K^~~~~~~~[m[K
[5.557s] [01m[K/home/ubuntu/scootbot/3.0.0/src/diffdrive_arduino/src/arduino_comms.cpp:36:35:[m[K [01;31m[Kerror: [m[Kâ€˜[01m[Kmotor2[m[Kâ€™ was not declared in this scope; did you mean â€˜[01m[Kmotor1[m[Kâ€™?
[5.558s]    36 |     std::string stripped_motor2 = [01;31m[Kmotor2[m[K.substr(3);
[5.558s]       |                                   [01;31m[K^~~~~~[m[K
[5.558s]       |                                   [32m[Kmotor1[m[K
[5.569s] [01m[K/home/ubuntu/scootbot/3.0.0/src/diffdrive_arduino/src/arduino_comms.cpp:37:23:[m[K [01;31m[Kerror: [m[Kâ€˜[01m[Kstripped_motor1[m[Kâ€™ was not declared in this scope; did you mean â€˜[01m[Kstripped_motor2[m[Kâ€™?
[5.569s]    37 |     val_1 = std::atoi([01;31m[Kstripped_motor1[m[K.c_str());
[5.570s]       |                       [01;31m[K^~~~~~~~~~~~~~~[m[K
[5.570s]       |                       [32m[Kstripped_motor2[m[K
[6.567s] gmake[2]: *** [CMakeFiles/diffdrive_arduino.dir/build.make:104: CMakeFiles/diffdrive_arduino.dir/src/arduino_comms.cpp.o] Error 1
[6.568s] gmake[1]: *** [CMakeFiles/Makefile2:139: CMakeFiles/diffdrive_arduino.dir/all] Error 2
[6.568s] gmake: *** [Makefile:146: all] Error 2
[6.571s] Invoked command in '/home/ubuntu/scootbot/3.0.0/build/diffdrive_arduino' returned '2': AMENT_PREFIX_PATH=/home/ubuntu/scootbot/3.0.0/install/serial:${AMENT_PREFIX_PATH} CMAKE_PREFIX_PATH=/home/ubuntu/scootbot/3.0.0/install/serial:/opt/ros/humble LD_LIBRARY_PATH=/home/ubuntu/scootbot/3.0.0/install/serial/lib:${LD_LIBRARY_PATH} /usr/bin/cmake --build /home/ubuntu/scootbot/3.0.0/build/diffdrive_arduino -- -j4 -l4
