In file included from [01m[K/home/ubuntu/scootbot/3.0.0/src/diffdrive_arduino/src/diffdrive_arduino.cpp:1[m[K:
[01m[K/home/ubuntu/scootbot/3.0.0/src/diffdrive_arduino/include/diffdrive_arduino/diffdrive_arduino.h:7:10:[m[K [01;31m[Kfatal error: [m[Khardware_interface/base_interface.hpp: No such file or directory
    7 | #include [01;31m[K"hardware_interface/base_interface.hpp"[m[K
      |          [01;31m[K^~~~~~~~~~~~~~~~~~~~~~~~~~~~~~~~~~~~~~~[m[K
compilation terminated.
gmake[2]: *** [CMakeFiles/diffdrive_arduino.dir/build.make:76: CMakeFiles/diffdrive_arduino.dir/src/diffdrive_arduino.cpp.o] Error 1
gmake[2]: *** Waiting for unfinished jobs....
[01m[K/home/ubuntu/scootbot/3.0.0/src/diffdrive_arduino/src/arduino_comms.cpp:[m[K In member function â€˜[01m[Kvoid ArduinoComms::readEncoderValues(int&, int&)[m[Kâ€™:
[01m[K/home/ubuntu/scootbot/3.0.0/src/diffdrive_arduino/src/arduino_comms.cpp:30:5:[m[K [01;31m[Kerror: [m[Kexpected â€˜[01m[K,[m[Kâ€™ or â€˜[01m[K;[m[Kâ€™ before â€˜[01m[Kstd[m[Kâ€™
   30 |     [01;31m[Kstd[m[K::string stripped_motor1 = motor1.substr(3);
      |     [01;31m[K^~~[m[K
[01m[K/home/ubuntu/scootbot/3.0.0/src/diffdrive_arduino/src/arduino_comms.cpp:33:23:[m[K [01;31m[Kerror: [m[Kâ€˜[01m[Kstripped_motor1[m[Kâ€™ was not declared in this scope; did you mean â€˜[01m[Kstripped_motor2[m[Kâ€™?
   33 |     val_1 = std::atoi([01;31m[Kstripped_motor1[m[K.c_str());
      |                       [01;31m[K^~~~~~~~~~~~~~~[m[K
      |                       [32m[Kstripped_motor2[m[K
[01m[K/home/ubuntu/scootbot/3.0.0/src/diffdrive_arduino/src/arduino_comms.cpp:[m[K At global scope:
[01m[K/home/ubuntu/scootbot/3.0.0/src/diffdrive_arduino/src/arduino_comms.cpp:54:6:[m[K [01;31m[Kerror: [m[Kno declaration matches â€˜[01m[Kvoid ArduinoComms::start()[m[Kâ€™
   54 | void [01;31m[KArduinoComms[m[K::start()
      |      [01;31m[K^~~~~~~~~~~~[m[K
[01m[K/home/ubuntu/scootbot/3.0.0/src/diffdrive_arduino/src/arduino_comms.cpp:54:6:[m[K [01;36m[Knote: [m[Kno functions named â€˜[01m[Kvoid ArduinoComms::start()[m[Kâ€™
In file included from [01m[K/home/ubuntu/scootbot/3.0.0/src/diffdrive_arduino/src/arduino_comms.cpp:1[m[K:
[01m[K/home/ubuntu/scootbot/3.0.0/src/diffdrive_arduino/include/diffdrive_arduino/arduino_comms.h:7:7:[m[K [01;36m[Knote: [m[Kâ€˜[01m[Kclass ArduinoComms[m[Kâ€™ defined here
    7 | class [01;36m[KArduinoComms[m[K
      |       [01;36m[K^~~~~~~~~~~~[m[K
[01m[K/home/ubuntu/scootbot/3.0.0/src/diffdrive_arduino/src/arduino_comms.cpp:[m[K In member function â€˜[01m[Kstd::string ArduinoComms::sendMsg(const string&, bool)[m[Kâ€™:
[01m[K/home/ubuntu/scootbot/3.0.0/src/diffdrive_arduino/src/arduino_comms.cpp:73:72:[m[K [01;35m[Kwarning: [m[Kunused parameter â€˜[01m[Kprint_output[m[Kâ€™ [[01;35m[K]8;;https://gcc.gnu.org/onlinedocs/gcc/Warning-Options.html#index-Wunused-parameter-Wunused-parameter]8;;[m[K]
   73 | std::string ArduinoComms::sendMsg(const std::string &msg_to_send, [01;35m[Kbool print_output[m[K)
      |                                                                   [01;35m[K~~~~~^~~~~~~~~~~~[m[K
gmake[2]: *** [CMakeFiles/diffdrive_arduino.dir/build.make:104: CMakeFiles/diffdrive_arduino.dir/src/arduino_comms.cpp.o] Error 1
gmake[1]: *** [CMakeFiles/Makefile2:139: CMakeFiles/diffdrive_arduino.dir/all] Error 2
gmake[1]: *** Waiting for unfinished jobs....
In file included from [01m[K/home/ubuntu/scootbot/3.0.0/src/diffdrive_arduino/src/fake_robot.cpp:1[m[K:
[01m[K/home/ubuntu/scootbot/3.0.0/src/diffdrive_arduino/include/diffdrive_arduino/fake_robot.h:18:59:[m[K [01;31m[Kerror: [m[Kexpected template-name before â€˜[01m[K<[m[Kâ€™ token
   18 | class FakeRobot : public hardware_interface::BaseInterface[01;31m[K<[m[Khardware_interface::SystemInterface>
      |                                                           [01;31m[K^[m[K
[01m[K/home/ubuntu/scootbot/3.0.0/src/diffdrive_arduino/include/diffdrive_arduino/fake_robot.h:18:59:[m[K [01;31m[Kerror: [m[Kexpected â€˜[01m[K{[m[Kâ€™ before â€˜[01m[K<[m[Kâ€™ token
[01m[K/home/ubuntu/scootbot/3.0.0/src/diffdrive_arduino/include/diffdrive_arduino/fake_robot.h:18:59:[m[K [01;31m[Kerror: [m[Kexpected unqualified-id before â€˜[01m[K<[m[Kâ€™ token
[01m[K/home/ubuntu/scootbot/3.0.0/src/diffdrive_arduino/src/fake_robot.cpp:7:22:[m[K [01;31m[Kerror: [m[Kinvalid use of incomplete type â€˜[01m[Kclass FakeRobot[m[Kâ€™
    7 | FakeRobot::FakeRobot([01;31m[K)[m[K
      |                      [01;31m[K^[m[K
In file included from [01m[K/home/ubuntu/scootbot/3.0.0/src/diffdrive_arduino/src/fake_robot.cpp:1[m[K:
[01m[K/home/ubuntu/scootbot/3.0.0/src/diffdrive_arduino/include/diffdrive_arduino/fake_robot.h:18:7:[m[K [01;36m[Knote: [m[Kforward declaration of â€˜[01m[Kclass FakeRobot[m[Kâ€™
   18 | class [01;36m[KFakeRobot[m[K : public hardware_interface::BaseInterface<hardware_interface::SystemInterface>
      |       [01;36m[K^~~~~~~~~[m[K
[01m[K/home/ubuntu/scootbot/3.0.0/src/diffdrive_arduino/src/fake_robot.cpp:13:79:[m[K [01;31m[Kerror: [m[Kinvalid use of incomplete type â€˜[01m[Kclass FakeRobot[m[Kâ€™
   13 | return_type FakeRobot::configure(const hardware_interface::HardwareInfo & info[01;31m[K)[m[K
      |                                                                               [01;31m[K^[m[K
In file included from [01m[K/home/ubuntu/scootbot/3.0.0/src/diffdrive_arduino/src/fake_robot.cpp:1[m[K:
[01m[K/home/ubuntu/scootbot/3.0.0/src/diffdrive_arduino/include/diffdrive_arduino/fake_robot.h:18:7:[m[K [01;36m[Knote: [m[Kforward declaration of â€˜[01m[Kclass FakeRobot[m[Kâ€™
   18 | class [01;36m[KFakeRobot[m[K : public hardware_interface::BaseInterface<hardware_interface::SystemInterface>
      |       [01;36m[K^~~~~~~~~[m[K
[01m[K/home/ubuntu/scootbot/3.0.0/src/diffdrive_arduino/src/fake_robot.cpp:40:84:[m[K [01;31m[Kerror: [m[Kinvalid use of incomplete type â€˜[01m[Kclass FakeRobot[m[Kâ€™
   40 | std::vector<hardware_interface::StateInterface> FakeRobot::export_state_interfaces([01;31m[K)[m[K
      |                                                                                    [01;31m[K^[m[K
In file included from [01m[K/home/ubuntu/scootbot/3.0.0/src/diffdrive_arduino/src/fake_robot.cpp:1[m[K:
[01m[K/home/ubuntu/scootbot/3.0.0/src/diffdrive_arduino/include/diffdrive_arduino/fake_robot.h:18:7:[m[K [01;36m[Knote: [m[Kforward declaration of â€˜[01m[Kclass FakeRobot[m[Kâ€™
   18 | class [01;36m[KFakeRobot[m[K : public hardware_interface::BaseInterface<hardware_interface::SystemInterface>
      |       [01;36m[K^~~~~~~~~[m[K
[01m[K/home/ubuntu/scootbot/3.0.0/src/diffdrive_arduino/src/fake_robot.cpp:54:88:[m[K [01;31m[Kerror: [m[Kinvalid use of incomplete type â€˜[01m[Kclass FakeRobot[m[Kâ€™
   54 | std::vector<hardware_interface::CommandInterface> FakeRobot::export_command_interfaces([01;31m[K)[m[K
      |                                                                                        [01;31m[K^[m[K
In file included from [01m[K/home/ubuntu/scootbot/3.0.0/src/diffdrive_arduino/src/fake_robot.cpp:1[m[K:
[01m[K/home/ubuntu/scootbot/3.0.0/src/diffdrive_arduino/include/diffdrive_arduino/fake_robot.h:18:7:[m[K [01;36m[Knote: [m[Kforward declaration of â€˜[01m[Kclass FakeRobot[m[Kâ€™
   18 | class [01;36m[KFakeRobot[m[K : public hardware_interface::BaseInterface<hardware_interface::SystemInterface>
      |       [01;36m[K^~~~~~~~~[m[K
[01m[K/home/ubuntu/scootbot/3.0.0/src/diffdrive_arduino/src/fake_robot.cpp:67:30:[m[K [01;31m[Kerror: [m[Kinvalid use of incomplete type â€˜[01m[Kclass FakeRobot[m[Kâ€™
   67 | return_type FakeRobot::start([01;31m[K)[m[K
      |                              [01;31m[K^[m[K
In file included from [01m[K/home/ubuntu/scootbot/3.0.0/src/diffdrive_arduino/src/fake_robot.cpp:1[m[K:
[01m[K/home/ubuntu/scootbot/3.0.0/src/diffdrive_arduino/include/diffdrive_arduino/fake_robot.h:18:7:[m[K [01;36m[Knote: [m[Kforward declaration of â€˜[01m[Kclass FakeRobot[m[Kâ€™
   18 | class [01;36m[KFakeRobot[m[K : public hardware_interface::BaseInterface<hardware_interface::SystemInterface>
      |       [01;36m[K^~~~~~~~~[m[K
[01m[K/home/ubuntu/scootbot/3.0.0/src/diffdrive_arduino/src/fake_robot.cpp:75:29:[m[K [01;31m[Kerror: [m[Kinvalid use of incomplete type â€˜[01m[Kclass FakeRobot[m[Kâ€™
   75 | return_type FakeRobot::stop([01;31m[K)[m[K
      |                             [01;31m[K^[m[K
In file included from [01m[K/home/ubuntu/scootbot/3.0.0/src/diffdrive_arduino/src/fake_robot.cpp:1[m[K:
[01m[K/home/ubuntu/scootbot/3.0.0/src/diffdrive_arduino/include/diffdrive_arduino/fake_robot.h:18:7:[m[K [01;36m[Knote: [m[Kforward declaration of â€˜[01m[Kclass FakeRobot[m[Kâ€™
   18 | class [01;36m[KFakeRobot[m[K : public hardware_interface::BaseInterface<hardware_interface::SystemInterface>
      |       [01;36m[K^~~~~~~~~[m[K
[01m[K/home/ubuntu/scootbot/3.0.0/src/diffdrive_arduino/src/fake_robot.cpp:83:49:[m[K [01;31m[Kerror: [m[Kinvalid use of incomplete type â€˜[01m[Kclass FakeRobot[m[Kâ€™
   83 | hardware_interface::return_type FakeRobot::read([01;31m[K)[m[K
      |                                                 [01;31m[K^[m[K
In file included from [01m[K/home/ubuntu/scootbot/3.0.0/src/diffdrive_arduino/src/fake_robot.cpp:1[m[K:
[01m[K/home/ubuntu/scootbot/3.0.0/src/diffdrive_arduino/include/diffdrive_arduino/fake_robot.h:18:7:[m[K [01;36m[Knote: [m[Kforward declaration of â€˜[01m[Kclass FakeRobot[m[Kâ€™
   18 | class [01;36m[KFakeRobot[m[K : public hardware_interface::BaseInterface<hardware_interface::SystemInterface>
      |       [01;36m[K^~~~~~~~~[m[K
[01m[K/home/ubuntu/scootbot/3.0.0/src/diffdrive_arduino/src/fake_robot.cpp:104:50:[m[K [01;31m[Kerror: [m[Kinvalid use of incomplete type â€˜[01m[Kclass FakeRobot[m[Kâ€™
  104 | hardware_interface::return_type FakeRobot::write([01;31m[K)[m[K
      |                                                  [01;31m[K^[m[K
In file included from [01m[K/home/ubuntu/scootbot/3.0.0/src/diffdrive_arduino/src/fake_robot.cpp:1[m[K:
[01m[K/home/ubuntu/scootbot/3.0.0/src/diffdrive_arduino/include/diffdrive_arduino/fake_robot.h:18:7:[m[K [01;36m[Knote: [m[Kforward declaration of â€˜[01m[Kclass FakeRobot[m[Kâ€™
   18 | class [01;36m[KFakeRobot[m[K : public hardware_interface::BaseInterface<hardware_interface::SystemInterface>
      |       [01;36m[K^~~~~~~~~[m[K
In file included from [01m[K/opt/ros/humble/include/class_loader/class_loader/class_loader_core.hpp:57[m[K,
                 from [01m[K/opt/ros/humble/include/class_loader/class_loader/class_loader.hpp:55[m[K,
                 from [01m[K/opt/ros/humble/include/pluginlib/pluginlib/class_list_macros.hpp:40[m[K,
                 from [01m[K/home/ubuntu/scootbot/3.0.0/src/diffdrive_arduino/src/fake_robot.cpp:118[m[K:
/opt/ros/humble/include/class_loader/class_loader/meta_object.hpp: In instantiation of â€˜[01m[KB* class_loader::impl::MetaObject<C, B>::create() const [with C = FakeRobot; B = hardware_interface::SystemInterface][m[Kâ€™:
[01m[K/opt/ros/humble/include/class_loader/class_loader/meta_object.hpp:216:7:[m[K   required from here
[01m[K/opt/ros/humble/include/class_loader/class_loader/meta_object.hpp:218:12:[m[K [01;31m[Kerror: [m[Kinvalid use of incomplete type â€˜[01m[Kclass FakeRobot[m[Kâ€™
  218 |     return [01;31m[Knew C[m[K;
      |            [01;31m[K^~~~~[m[K
In file included from [01m[K/home/ubuntu/scootbot/3.0.0/src/diffdrive_arduino/src/fake_robot.cpp:1[m[K:
[01m[K/home/ubuntu/scootbot/3.0.0/src/diffdrive_arduino/include/diffdrive_arduino/fake_robot.h:18:7:[m[K [01;36m[Knote: [m[Kforward declaration of â€˜[01m[Kclass FakeRobot[m[Kâ€™
   18 | class [01;36m[KFakeRobot[m[K : public hardware_interface::BaseInterface<hardware_interface::SystemInterface>
      |       [01;36m[K^~~~~~~~~[m[K
gmake[2]: *** [CMakeFiles/fake_robot.dir/build.make:76: CMakeFiles/fake_robot.dir/src/fake_robot.cpp.o] Error 1
gmake[1]: *** [CMakeFiles/Makefile2:165: CMakeFiles/fake_robot.dir/all] Error 2
gmake: *** [Makefile:146: all] Error 2
